\BOOKMARK [1][-]{section.1}{FAQ2.14 变量之间传值时可分为值传递和引用传递, 那么它们有何区别？}{}% 1
\BOOKMARK [2][-]{subsection.1.1}{简单类型是按值传递的}{section.1}% 2
\BOOKMARK [2][-]{subsection.1.2}{什么是引用}{section.1}% 3
\BOOKMARK [3][-]{subsubsection.1.2.1}{这里我描述了两个要点：}{subsection.1.2}% 4
\BOOKMARK [2][-]{subsection.1.3}{对象是如何传递的呢}{section.1}% 5
\BOOKMARK [3][-]{subsubsection.1.3.1}{结果，}{subsection.1.3}% 6
\BOOKMARK [2][-]{subsection.1.4}{正确看待传值还是传引用的问题}{section.1}% 7
\BOOKMARK [3][-]{subsubsection.1.4.1}{Java 中，改变参数的值有两种情况，}{subsection.1.4}% 8
\BOOKMARK [2][-]{subsection.1.5}{面试题:}{section.1}% 9
\BOOKMARK [3][-]{subsubsection.1.5.1}{例1:}{subsection.1.5}% 10
\BOOKMARK [3][-]{subsubsection.1.5.2}{例2:}{subsection.1.5}% 11
\BOOKMARK [3][-]{subsubsection.1.5.3}{例3:}{subsection.1.5}% 12
\BOOKMARK [3][-]{subsubsection.1.5.4}{例4:}{subsection.1.5}% 13
\BOOKMARK [3][-]{subsubsection.1.5.5}{引用}{subsection.1.5}% 14
\BOOKMARK [2][-]{subsection.1.6}{数据类型}{section.1}% 15
\BOOKMARK [3][-]{subsubsection.1.6.1}{PrimitiveType\(简单类型\)}{subsection.1.6}% 16
\BOOKMARK [3][-]{subsubsection.1.6.2}{ReferenceType\(引用类型\)}{subsection.1.6}% 17
\BOOKMARK [2][-]{subsection.1.7}{变量}{section.1}% 18
\BOOKMARK [3][-]{subsubsection.1.7.1}{简单类型变量}{subsection.1.7}% 19
\BOOKMARK [3][-]{subsubsection.1.7.2}{引用类型变量}{subsection.1.7}% 20
\BOOKMARK [2][-]{subsection.1.8}{赋值与传递}{section.1}% 21
\BOOKMARK [3][-]{subsubsection.1.8.1}{如上所述，可以得出下面结论：}{subsection.1.8}% 22
\BOOKMARK [3][-]{subsubsection.1.8.2}{对象的赋值}{subsection.1.8}% 23
\BOOKMARK [3][-]{subsubsection.1.8.3}{传递}{subsection.1.8}% 24
\BOOKMARK [3][-]{subsubsection.1.8.4}{final变量能改变吗？}{subsection.1.8}% 25
\BOOKMARK [3][-]{subsubsection.1.8.5}{包装类的赋值与传递}{subsection.1.8}% 26
