out

		-  
			X  
			9.39205  
		S  
			-3.4732  
		F  
			-  
				X  
				-3.98336  
			*  
				S  
					14.7157  
				-  
					X  
					-2.60749  
			F  
				S  
					-3.98336  
				-  
					S  
						-3.98336  
					F  
						-  
							X  
							-3.60146  
						*  
							S  
								-3.98336  
							-  
								X  
								5.53383  
						S  
							-3.4732  
						F  
							/  
								X  
								-3.60146  
							*  
								C  
									-3.98336  
								*  
									S  
										-3.98336  
									*  
										S  
											-3.98336  
										-  
											X  
											-3.98336  
							C  
								-3.98336  
							L  
								-3.98336  
				*  
					-3.78424  
					14.7157  
				*  
					S  
						14.7157  
					-  
						X  
						-2.60749  
			L  
				-3.98336  
		-  
			X  
			-0.0527133  



popu[19]:  Size: 81 Fitness: 69.1454
F  
	-  
		X  
		-2.60749  
	*  
		S  
			-3.98336  
		-  
			X  
			8.59244  
	/  
		X  
		-1.46063  
	F  
		-  
			X  
			9.39205  
		S  
			-3.4732  
		F  
			-  
				X  
				-3.98336  
			*  
				S  
					14.7157  
				-  
					X  
					-2.60749  
			F  
				S  
					-3.98336  
				-  
					S  
						-3.98336  
					F  
						-  
							X  
							-3.60146  
						*  
							S  
								-3.98336  
							-  
								X  
								5.53383  
						S  
							-3.4732  
						F  
							/  
								X  
								-3.60146  
							*  
								C  
									-3.98336  
								*  
									S  
										-3.98336  
									*  
										S  
											-3.98336  
										-  
											X  
											-3.98336  
							C  
								-3.98336  
							L  
								-3.98336  
				*  
					-3.78424  
					14.7157  
				*  
					S  
						14.7157  
					-  
						X  
						-2.60749  
			L  
				-3.98336  
		-  
			X  
			-0.0527133  



popu[19]:  Size: 81 Fitness: 69.1454
F  
	-  
		X  
		-2.60749  
	*  
		S  
			-3.98336  
		-  
			X  
			8.59244  
	/  
		X  
		-1.46063  
	F  
		-  
			X  
			9.39205  
		S  
			-3.4732  
		F  
			-  
				X  
				-3.98336  
			*  
				S  
					14.7157  
				-  
					X  
					-2.60749  
			F  
				S  
					-3.98336  
				-  
					S  
						-3.98336  
					F  
						-  
							X  
							-3.60146  
						*  
							S  
								-3.98336  
							-  
								X  
								5.53383  
						S  
							-3.4732  
						F  
							/  
								X  
								-3.60146  
							*  
								C  
									-3.98336  
								*  
									S  
										-3.98336  
									*  
										S  
											-3.98336  
										-  
											X  
											-3.98336  
							C  
								-3.98336  
							L  
								-3.98336  
				*  
					-3.78424  
					14.7157  
				*  
					S  
						14.7157  
					-  
						X  
						-2.60749  
			L  
				-3.98336  
		-  
			X  
			-0.0527133  



popu[19]:  Size: 81 Fitness: 69.1454
F  
	-  
		X  
		-2.60749  
	*  
		S  
			-3.98336  
		-  
			X  
			8.59244  
	/  
		X  
		-1.46063  
	F  
		-  
			X  
			9.39205  
		S  
			-3.4732  
		F  
			-  
				X  
				-3.98336  
			*  
				S  
					14.7157  
				-  
					X  
					-2.60749  
			F  
				S  
					-3.98336  
				-  
					S  
						-3.98336  
					F  
						-  
							X  
							-3.60146  
						*  
							S  
								-3.98336  
							-  
								X  
								5.53383  
						S  
							-3.4732  
						F  
							/  
								X  
								-3.60146  
							*  
								C  
									-3.98336  
								*  
									S  
										-3.98336  
									*  
										S  
											-3.98336  
										-  
											X  
											-3.98336  
							C  
								-3.98336  
							L  
								-3.98336  
				*  
					-3.78424  
					14.7157  
				*  
					S  
						14.7157  
					-  
						X  
						-2.60749  
			L  
				-3.98336  
		-  
			X  
			-0.0527133  



popu[11]:  Size: 81 Fitness: 69.1454
F  
	-  
		X  
		-2.60749  
	*  
		S  
			-3.98336  
		-  
			X  
			8.59244  
	/  
		X  
		-1.46063  
	F  
		-  
			X  
			9.39205  
		S  
			-3.4732  
		F  
			-  
				X  
				-3.98336  
			*  
				S  
					14.7157  
				-  
					X  
					-2.60749  
			F  
				S  
					-3.98336  
				-  
					S  
						-3.98336  
					F  
						-  
							X  
							-3.60146  
						*  
							S  
								-3.98336  
							-  
								X  
								5.53383  
						S  
							-3.4732  
						F  
							/  
								X  
								-3.60146  
							*  
								C  
									-3.98336  
								*  
									S  
										-3.98336  
									*  
										S  
											-3.98336  
										-  
											X  
											-3.98336  
							C  
								-3.98336  
							L  
								-3.98336  
				*  
					-3.78424  
					14.7157  
				*  
					S  
						14.7157  
					-  
						X  
						-2.60749  
			L  
				-3.98336  
		-  
			X  
			-0.0527133  



popu[11]:  Size: 81 Fitness: 69.1454
F  
	-  
		X  
		-2.60749  
	*  
		S  
			-3.98336  
		-  
			X  
			8.59244  
	/  
		X  
		-1.46063  
	F  
		-  
			X  
			9.39205  
		S  
			-3.4732  
		F  
			-  
				X  
				-3.98336  
			*  
				S  
					14.7157  
				-  
					X  
					-2.60749  
			F  
				S  
					-3.98336  
				-  
					S  
						-3.98336  
					F  
						-  
							X  
							-3.60146  
						*  
							S  
								-3.98336  
							-  
								X  
								5.53383  
						S  
							-3.4732  
						F  
							/  
								X  
								-3.60146  
							*  
								C  
									-3.98336  
								*  
									S  
										-3.98336  
									*  
										S  
											-3.98336  
										-  
											X  
											-3.98336  
							C  
								-3.98336  
							L  
								-3.98336  
				*  
					-3.78424  
					14.7157  
				*  
					S  
						14.7157  
					-  
						X  
						-2.60749  
			L  
				-3.98336  
		-  
			X  
			-0.0527133  
^C
[jenny@jenny-G50VT][~/docu/572/p]% 


popu[16]:  Size: 64 Fitness: 69.1459

((((-1.46715)/(-1.46715))-1.46715X)+(((-1.46715)/(-1.46715))-1.46715X))((-1.46715)/(-1.46715))-1.46715X((log(((-1.46715)*(-1.46715))-1.4671512.9729)((-1.46715)*(-1.46715))-1.4671512.9729)+(log(((-1.46715)*(-1.46715))-1.4671512.9729)((-1.46715)*(-1.46715))-1.4671512.9729))log(((-1.46715)*(-1.46715))-1.4671512.9729)((-1.46715)*(-1.46715))-1.4671512.9729

if ( ((-1.46715)*(-1.46715))-1.4671510.6999 <= ((-1.46715)+(-1.46715))-1.46715X )
((-1.46715)+(-1.46715))-1.46715X
else ((((-1.46715)-(-1.46715))-1.467159.45531)+(((-1.46715)-(-1.46715))-1.467159.45531))((-1.46715)-(-1.46715))-1.467159.45531
if ( ((0.859158)+(0.859158))0.859158X <= ((-3.01226)*(-3.01226))-3.0122611.4639 )
((10.8849)+(10.8849))10.884913.996
else ((((-1.46715)*(-1.46715))-1.4671511.3663)+(((-1.46715)*(-1.46715))-1.4671511.3663))((-1.46715)*(-1.46715))-1.4671511.3663
if ( ((-1.46715)*(-1.46715))-1.4671511.3663 <= ((0.859158)+(0.859158))0.859158X )
((0.859158)+(0.859158))0.859158X
else ((((-1.46715)-(-1.46715))-1.4671511.3663)+(((-1.46715)-(-1.46715))-1.4671511.3663))((-1.46715)-(-1.46715))-1.4671511.3663
if ( ((-3.17339)+(-3.17339))-3.17339X <= ((-2.95876)*(-2.95876))-2.9587611.4639 )
((7.6397)+(7.6397))7.63974.61348
else ((-1.46715)*(-1.46715))-1.4671511.3663((-3.17339)+(-3.17339))-3.17339X((-2.95876)*(-2.95876))-2.9587611.4639((7.6397)+(7.6397))7.63974.61348((-1.46715)*(-1.46715))-1.4671511.3663((-1.46715)*(-1.46715))-1.4671511.3663((0.859158)+(0.859158))0.859158X((0.859158)+(0.859158))0.859158X((((-1.46715)-(-1.46715))-1.4671511.3663)+(((-1.46715)-(-1.46715))-1.4671511.3663))((-1.46715)-(-1.46715))-1.4671511.3663
if ( ((-3.17339)+(-3.17339))-3.17339X <= ((-2.95876)*(-2.95876))-2.9587611.4639 )
((7.6397)+(7.6397))7.63974.61348
else ((-1.46715)*(-1.46715))-1.4671511.3663((-3.17339)+(-3.17339))-3.17339X((-2.95876)*(-2.95876))-2.9587611.4639((7.6397)+(7.6397))7.63974.61348((-1.46715)*(-1.46715))-1.4671511.3663((0.859158)+(0.859158))0.859158X((-3.01226)*(-3.01226))-3.0122611.4639((10.8849)+(10.8849))10.884913.996((((-1.46715)*(-1.46715))-1.4671511.3663)+(((-1.46715)*(-1.46715))-1.4671511.3663))((-1.46715)*(-1.46715))-1.4671511.3663
if ( ((-1.46715)*(-1.46715))-1.4671511.3663 <= ((0.859158)+(0.859158))0.859158X )
((0.859158)+(0.859158))0.859158X
else ((((-1.46715)-(-1.46715))-1.4671511.3663)+(((-1.46715)-(-1.46715))-1.4671511.3663))((-1.46715)-(-1.46715))-1.4671511.3663
if ( ((-3.17339)+(-3.17339))-3.17339X <= ((-2.95876)*(-2.95876))-2.9587611.4639 )
((7.6397)+(7.6397))7.63974.61348
else ((-1.46715)*(-1.46715))-1.4671511.3663((-3.17339)+(-3.17339))-3.17339X((-2.95876)*(-2.95876))-2.9587611.4639((7.6397)+(7.6397))7.63974.61348((-1.46715)*(-1.46715))-1.4671511.3663((-1.46715)*(-1.46715))-1.4671511.3663((0.859158)+(0.859158))0.859158X((0.859158)+(0.859158))0.859158X((((-1.46715)-(-1.46715))-1.4671511.3663)+(((-1.46715)-(-1.46715))-1.4671511.3663))((-1.46715)-(-1.46715))-1.4671511.3663
if ( ((-3.17339)+(-3.17339))-3.17339X <= ((-2.95876)*(-2.95876))-2.9587611.4639 )
((7.6397)+(7.6397))7.63974.61348
else ((-1.46715)*(-1.46715))-1.4671511.3663((-3.17339)+(-3.17339))-3.17339X((-2.95876)*(-2.95876))-2.9587611.4639((7.6397)+(7.6397))7.63974.61348((-1.46715)*(-1.46715))-1.4671511.3663((-1.46715)*(-1.46715))-1.4671510.6999((-1.46715)+(-1.46715))-1.46715X((-1.46715)+(-1.46715))-1.46715X((((-1.46715)-(-1.46715))-1.467159.45531)+(((-1.46715)-(-1.46715))-1.467159.45531))((-1.46715)-(-1.46715))-1.467159.45531
if ( ((0.859158)+(0.859158))0.859158X <= ((-3.01226)*(-3.01226))-3.0122611.4639 )
((10.8849)+(10.8849))10.884913.996
else ((((-1.46715)*(-1.46715))-1.4671511.3663)+(((-1.46715)*(-1.46715))-1.4671511.3663))((-1.46715)*(-1.46715))-1.4671511.3663
if ( ((-1.46715)*(-1.46715))-1.4671511.3663 <= ((0.859158)+(0.859158))0.859158X )
((0.859158)+(0.859158))0.859158X
else ((((-1.46715)-(-1.46715))-1.4671511.3663)+(((-1.46715)-(-1.46715))-1.4671511.3663))((-1.46715)-(-1.46715))-1.4671511.3663
if ( ((-3.17339)+(-3.17339))-3.17339X <= ((-2.95876)*(-2.95876))-2.9587611.4639 )
((7.6397)+(7.6397))7.63974.61348
else ((-1.46715)*(-1.46715))-1.4671511.3663((-3.17339)+(-3.17339))-3.17339X((-2.95876)*(-2.95876))-2.9587611.4639((7.6397)+(7.6397))7.63974.61348((-1.46715)*(-1.46715))-1.4671511.3663((-1.46715)*(-1.46715))-1.4671511.3663((0.859158)+(0.859158))0.859158X((0.859158)+(0.859158))0.859158X((((-1.46715)-(-1.46715))-1.4671511.3663)+(((-1.46715)-(-1.46715))-1.4671511.3663))((-1.46715)-(-1.46715))-1.4671511.3663
if ( ((-3.17339)+(-3.17339))-3.17339X <= ((-2.95876)*(-2.95876))-2.9587611.4639 )
((7.6397)+(7.6397))7.63974.61348
else ((-1.46715)*(-1.46715))-1.4671511.3663((-3.17339)+(-3.17339))-3.17339X((-2.95876)*(-2.95876))-2.9587611.4639((7.6397)+(7.6397))7.63974.61348((-1.46715)*(-1.46715))-1.4671511.3663((0.859158)+(0.859158))0.859158X((-3.01226)*(-3.01226))-3.0122611.4639((10.8849)+(10.8849))10.884913.996((((-1.46715)*(-1.46715))-1.4671511.3663)+(((-1.46715)*(-1.46715))-1.4671511.3663))((-1.46715)*(-1.46715))-1.4671511.3663
if ( ((-1.46715)*(-1.46715))-1.4671511.3663 <= ((0.859158)+(0.859158))0.859158X )
((0.859158)+(0.859158))0.859158X
else ((((-1.46715)-(-1.46715))-1.4671511.3663)+(((-1.46715)-(-1.46715))-1.4671511.3663))((-1.46715)-(-1.46715))-1.4671511.3663
if ( ((-3.17339)+(-3.17339))-3.17339X <= ((-2.95876)*(-2.95876))-2.9587611.4639 )
((7.6397)+(7.6397))7.63974.61348
else ((-1.46715)*(-1.46715))-1.4671511.3663((-3.17339)+(-3.17339))-3.17339X((-2.95876)*(-2.95876))-2.9587611.4639((7.6397)+(7.6397))7.63974.61348((-1.46715)*(-1.46715))-1.4671511.3663((-1.46715)*(-1.46715))-1.4671511.3663((0.859158)+(0.859158))0.859158X((0.859158)+(0.859158))0.859158X((((-1.46715)-(-1.46715))-1.4671511.3663)+(((-1.46715)-(-1.46715))-1.4671511.3663))((-1.46715)-(-1.46715))-1.4671511.3663
if ( ((-3.17339)+(-3.17339))-3.17339X <= ((-2.95876)*(-2.95876))-2.9587611.4639 )
((7.6397)+(7.6397))7.63974.61348
else ((-1.46715)*(-1.46715))-1.4671511.3663((-3.17339)+(-3.17339))-3.17339X((-2.95876)*(-2.95876))-2.9587611.4639((7.6397)+(7.6397))7.63974.61348((-1.46715)*(-1.46715))-1.4671511.3663



	F  
		F  
			X  
			0.310877  
			X  
			X  
		*  
			-3.37283  
			8.97934  
		F  
			F  
				X  
				0.310877  
				X  
				X  
			*  
				-3.37283  
				10.2509  
			*  
				-3.43437  
				-4.53595  
			*  
				-3.10005  
				8.58608  
		F  
			F  
				X  
				0.310877  
				X  
				X  
			-  
				-4.64535  
				11.3419  
			*  
				-4.64535  
				11.3419  
			*  
				-3.37283  
				8.58608  
	F  
		X  
		-2.65379  
		-2.54498  
		X  



popu[15]:  Size: 53 Fitness: 69.2397
F  
	F  
		X  
		1.79537  
		X  
		X  
	-  
		-3.14046  
		10.2509  
	F  
		F  
			X  
			0.310877  
			X  
			X  
		*  
			-3.37283  
			8.97934  
		F  
			F  
				X  
				0.310877  
				X  
				X  
			*  
				-3.37283  
				10.2509  
			*  
				-3.43437  
				-4.53595  
			*  
				-3.10005  
				8.58608  
		F  
			F  
				X  
				0.310877  
				X  
				X  
			-  
				-4.64535  
				11.3419  
			*  
				-4.64535  
				11.3419  
			*  
				-3.37283  
				8.58608  
	F  
		X  
		-2.65379  
		-2.54498  
		X  





popu[1]:  Size: 53 Fitness: 69.2397
F  
	F  
		X  
		1.79537  
		X  
		X  
	-  
		-3.14046  
		10.2509  
	F  
		F  
			X  
			0.310877  
			X  
			X  
		*  
			-3.37283  
			8.97934  
		F  
			F  
				X  
				0.310877  
				X  
				X  
			*  
				-3.37283  
				10.2509  
			*  
				-3.43437  
				-4.53595  
			*  
				-3.10005  
				8.58608  
		F  
			F  
				X  
				0.310877  
				X  
				X  
			-  
				-4.64535  
				11.3419  
			*  
				-4.64535  
				11.3419  
			*  
				-3.37283  
				8.58608  
	F  
		X  
		-2.65379  
		-2.54498  
		X  



popu[15]:  Size: 53 Fitness: 69.2397
F  
	F  
		X  
		1.79537  
		X  
		X  
	-  
		-3.14046  
		10.2509  
	F  
		F  
			X  
			0.310877  
			X  
			X  
		*  
			-3.37283  
			8.97934  
		F  
			F  
				X  
				0.310877  
				X  
				X  
			*  
				-3.37283  
				10.2509  
			*  
				-3.43437  
				-4.53595  
			*  
				-3.10005  
				8.58608  
		F  
			F  
				X  
				0.310877  
				X  
				X  
			-  
				-4.64535  
				11.3419  
			*  
				-4.64535  
				11.3419  
			*  
				-3.37283  
				8.58608  
	F  
		X  
		-2.65379  
		-2.54498  
		X  





popu[1]:  Size: 53 Fitness: 69.2397
F  
	F  
		X  
		1.79537  
		X  
		X  
	-  
		-3.14046  
		10.2509  
	F  
		F  
			X  
			0.310877  
			X  
			X  
		*  
			-3.37283  
			8.97934  
		F  
			F  
				X  
				0.310877  
				X  
				X  
			*  
				-3.37283  
				10.2509  
			*  
				-3.43437  
				-4.53595  
			*  
				-3.10005  
				8.58608  
		F  
			F  
				X  
				0.310877  
				X  
				X  
			-  
				-4.64535  
				11.3419  
			*  
				-4.64535  
				11.3419  
			*  
				-3.37283  
				8.58608  
	F  
		X  
		-2.65379  
		-2.54498  
		X  



popu[15]:  Size: 53 Fitness: 69.2397
F  
	F  
		X  
		1.79537  
		X  
		X  
	-  
		-3.14046  
		10.2509  
	F  
		F  
			X  
			0.310877  
			X  
			X  
		*  
			-3.37283  
			8.97934  
		F  
			F  
				X  
				0.310877  
				X  
				X  
			*  
				-3.37283  
				10.2509  
			*  
				-3.43437  
				-4.53595  
			*  
				-3.10005  
				8.58608  
		F  
			F  
				X  
				0.310877  
				X  
				X  
			-  
				-4.64535  
				11.3419  
			*  
				-4.64535  
				11.3419  
			*  
				-3.37283  
				8.58608  
	F  
		X  
		-2.65379  
		-2.54498  
		X  





popu[1]:  Size: 53 Fitness: 69.2397
F  
	F  
		X  
		1.79537  
		X  
		X  
	-  
		-3.14046  
		10.2509  
	F  
		F  
			X  
			0.310877  
			X  
			X  
		*  
			-3.37283  
			8.97934  
		F  
			F  
				X  
				0.310877  
				X  
				X  
			*  
				-3.37283  
				10.2509  
			*  
				-3.43437  
				-4.53595  
			*  
				-3.10005  
				8.58608  
		F  
			F  
				X  
				0.310877  
				X  
				X  
			-  
				-4.64535  
				11.3419  
			*  
				-4.64535  
				11.3419  
			*  
				-3.37283  
				8.58608  
	F  
		X  
		-2.65379  
		-2.54498  
		X  



popu[22]:  Size: 53 Fitness: 69.2397
F  
	F  
		X  
		1.79537  
		X  
		X  
	-  
		-3.14046  
		10.2509  
	F  
		F  
			X  
			0.310877  
			X  
			X  
		*  
			-3.37283  
			8.97934  
		F  
			F  
				X  
				0.310877  
				X  
				X  
			*  
				-3.37283  
				10.2509  
			*  
				-3.43437  
				-4.53595  
			*  
				-3.10005  
				8.58608  
		F  
			F  
				X  
				0.310877  
				X  
				X  
			-  
				-4.64535  
				11.3419  
			*  
				-4.64535  
				11.3419  
			*  
				-3.37283  
				8.58608  
	F  
		X  
		-2.65379  
		-2.54498  
		X  





popu[1]:  Size: 53 Fitness: 69.2397
F  
	F  
		X  
		1.79537  
		X  
		X  
	-  
		-3.14046  
		10.2509  
	F  
		F  
			X  
			0.310877  
			X  
			X  
		*  
			-3.37283  
			8.97934  
		F  
			F  
				X  
				0.310877  
				X  
				X  
			*  
				-3.37283  
				10.2509  
			*  
				-3.43437  
				-4.53595  
			*  
				-3.10005  
				8.58608  
		F  
			F  
				X  
				0.310877  
				X  
				X  
			-  
				-4.64535  
				11.3419  
			*  
				-4.64535  
				11.3419  
			*  
				-3.37283  
				8.58608  
	F  
		X  
		-2.65379  
		-2.54498  
		X  


^C
[jenny@jenny-G50VT][~/docu/572/p]% 

popu[15]:  Size: 59 Fitness: 64.1954
F  
	+  
		X  
		13.765  
	L  
		13.765  
	F  
		*  
			7.3842  
			-3.18272  
		+  
			X  
			13.765  
		F  
			*  
				8.65732  
				-3.18272  
			+  
				X  
				6.55075  
			F  
				+  
					X  
					14.3559  
				S  
					X  
				F  
					*  
						7.3842  
						-3.18272  
					+  
						X  
						6.55075  
					*  
						14.509  
						-3.35377  
					*  
						8.65732  
						-3.18272  
				*  
					5.74595  
					-3.18272  
			S  
				X  
		-  
			14.9295  
			-4.41134  
	F  
		-  
			X  
			-0.664846  
		-  
			7.36104  
			-3.18272  
		S  
			X  
		-  
			X  
			0.113634  





popu[15]:  Size: 59 Fitness: 64.1954
F  
	+  
		X  
		13.765  
	L  
		13.765  
	F  
		*  
			7.3842  
			-3.18272  
		+  
			X  
			13.765  
		F  
			*  
				8.65732  
				-3.18272  
			+  
				X  
				6.55075  
			F  
				+  
					X  
					14.3559  
				S  
					X  
				F  
					*  
						7.3842  
						-3.18272  
					+  
						X  
						6.55075  
					*  
						14.509  
						-3.35377  
					*  
						8.65732  
						-3.18272  
				*  
					5.74595  
					-3.18272  
			S  
				X  
		-  
			14.9295  
			-4.41134  
	F  
		-  
			X  
			-0.664846  
		-  
			7.36104  
			-3.18272  
		S  
			X  
		-  
			X  
			0.113634  


popu[13]:  Size: 53 Fitness: 62.3526
F  
	-  
		-4.87988  
		14.8281  
	+  
		12.3154  
		X  
	F  
		/  
			X  
			0.413413  
		F  
			+  
				2.37053  
				6.06083  
			+  
				-0.863748  
				X  
			/  
				X  
				0.413413  
			*  
				-4.87988  
				14.7834  
		+  
			-0.0537668  
			X  
		F  
			/  
				8.78433  
				9.83551  
			+  
				14.8281  
				X  
			-  
				10.013  
				9.83551  
			/  
				X  
				0.413413  
	F  
		*  
			-4.87988  
			14.7834  
		+  
			X  
			X  
		-  
			-0.408779  
			14.7834  
		+  
			14.9627  
			14.7834  


popu[20]:  Size: 53 Fitness: 59.7785
F  
	+  
		X  
		-4.06129  
	F  
		-  
			-4.72517  
			-2.63297  
		+  
			X  
			9.63907  
		+  
			10.3199  
			-4.06129  
		*  
			14.6978  
			-2.63297  
	F  
		+  
			X  
			-2.60397  
		*  
			14.6978  
			-2.63297  
		-  
			-4.72517  
			X  
		/  
			-2.63297  
			-2.63297  
	F  
		+  
			X  
			11.5511  
		*  
			6.82362  
			-2.63297  
		*  
			13.6746  
			-2.63297  
		F  
			/  
				13.6746  
				-2.63297  
			+  
				X  
				10.7608  
			-  
				X  
				0.0102791  
			*  
				14.6978  
				-3.82894  

popu[40]:  Size: 53 Fitness: 59.7785
F  
	+  
		X  
		-4.06129  
	F  
		-  
			-4.72517  
			-2.63297  
		+  
			X  
			9.63907  
		+  
			10.3199  
			-4.06129  
		*  
			14.6978  
			-2.63297  
	F  
		+  
			X  
			-2.60397  
		*  
			14.6978  
			-2.63297  
		-  
			-4.72517  
			X  
		/  
			-2.63297  
			-2.63297  
	F  
		+  
			X  
			11.5511  
		*  
			6.82362  
			-2.63297  
		*  
			13.6746  
			-2.63297  
		F  
			/  
				13.6746  
				-2.63297  
			+  
				X  
				10.7608  
			-  
				X  
				0.0102791  
			*  
				14.6978  
				-3.82894 


popu[57]:  Size: 45 Fitness: 59.9941
F  
	*  
		12.9791  
		-4.26576  
	*  
		3.66944  
		X  
	F  
		-4.84594  
		4.01207  
		X  
		10.0908  
	F  
		*  
			14.8133  
			-2.43627  
		+  
			1.72585  
			X  
		F  
			*  
				14.4758  
				9.54481  
			*  
				-4.5686  
				X  
			F  
				*  
					13.4297  
					-4.39946  
				*  
					1.72585  
					X  
				*  
					12.0185  
					-2.02673  
				/  
					1.72585  
					5.49808  
			*  
				12.6677  
				-4.26576  
		-  
			-4.99814  
			X  



popu[1]:  Size: 45 Fitness: 59.9941
F  
	*  
		12.9791  
		-4.26576  
	*  
		3.66944  
		X  
	F  
		-4.84594  
		4.01207  
		X  
		10.0908  
	F  
		*  
			14.8133  
			-2.43627  
		+  
			1.72585  
			X  
		F  
			*  
				14.4758  
				9.54481  
			*  
				-4.5686  
				X  
			F  
				*  
					13.4297  
					-4.39946  
				*  
					1.72585  
					X  
				*  
					12.0185  
					-2.02673  
				/  
					1.72585  
					5.49808  
			*  
				12.6677  
				-4.26576  
		-  
			-4.99814  
			X  





// 03/27/2014

popu[3] dep: 1
popu[4] dep: 1
popu[5] dep: 1
popu[6] dep: 2
popu[7] dep: 3
popu[8] dep: 3
popu[9] dep: 1
popu[10] dep: 3
popu[11] dep: 1
popu[12] dep: 1
popu[13] dep: 3
popu[14] dep: 2
popu[15] dep: 3
popu[16] dep: 3
popu[17] dep: 1
popu[18] dep: 3
popu[19] dep: 1
popu[20] dep: 2
popu[21] dep: 1
popu[22] dep: 3
popu[23] dep: 2
popu[24] dep: 1
popu[25] dep: 2
popu[26] dep: 3
popu[27] dep: 1
popu[28] dep: 3
popu[29] dep: 3
popu[30] dep: 2
popu[31] dep: 3
popu[32] dep: 1
popu[33] dep: 3
popu[34] dep: 1
popu[35] dep: 2
popu[36] dep: 1
popu[37] dep: 1
popu[38] dep: 3
popu[39] dep: 2
popu[40] dep: 2
popu[41] dep: 3
popu[42] dep: 1
popu[43] dep: 2
popu[44] dep: 1
popu[45] dep: 3
popu[46] dep: 1
popu[47] dep: 3
popu[48] dep: 1
popu[49] dep: 1
popu[50] dep: 3
popu[51] dep: 1
popu[52] dep: 1
popu[53] dep: 2
popu[54] dep: 3
popu[55] dep: 1
popu[56] dep: 2
popu[57] dep: 2
popu[58] dep: 1
popu[59] dep: 3
popu[60] dep: 3
popu[61] dep: 2
popu[62] dep: 3
popu[63] dep: 3
popu[64] dep: 2
popu[65] dep: 3
popu[66] dep: 3
popu[67] dep: 1
popu[68] dep: 2
popu[69] dep: 3
popu[70] dep: 2
popu[71] dep: 3
popu[72] dep: 3
popu[73] dep: 1
popu[74] dep: 3
popu[75] dep: 1
popu[76] dep: 3
popu[77] dep: 1
popu[78] dep: 3
popu[79] dep: 3
popu[80] dep: 1
popu[81] dep: 3
popu[82] dep: 3
popu[83] dep: 2
popu[84] dep: 2
popu[85] dep: 2
popu[86] dep: 1
popu[87] dep: 3
popu[88] dep: 1
popu[89] dep: 1
popu[90] dep: 2
popu[91] dep: 3
popu[92] dep: 2
popu[93] dep: 1
popu[94] dep: 3
popu[95] dep: 2
popu[96] dep: 3
popu[97] dep: 1
popu[98] dep: 3
popu[99] dep: 3
Population Information: 
min:198.174
avg:inf
avgSize:7.59
0 	 198.174 	 inf 	 7.65
200 	 198.053 	 198.091 	 21.17
400 	 197.632 	 198.074 	 30.5
600 	 197.632 	 197.832 	 24.34
800 	 195.675 	 197.802 	 24.34
1000 	 195.452 	 196.607 	 40.74
1200 	 195.435 	 196.581 	 35.04
1400 	 195.358 	 195.824 	 31.48
1600 	 195.327 	 196.617 	 32.32
1800 	 195.327 	 195.778 	 31.12
2000 	 194.924 	 195.682 	 32.62
2200 	 194.898 	 195.436 	 35.78
2400 	 165.852 	 167.384 	 56.34
2600 	 130.206 	 163.426 	 50.4
2800 	 116.858 	 130.231 	 57.1
3000 	 113.847 	 116.995 	 69.84
3200 	 111.317 	 113.968 	 58.82
3400 	 111.28 	 114.266 	 52.02
3600 	 111.28 	 112.477 	 46.84
3800 	 111.28 	 111.303 	 43.1
4000 	 111.28 	 112.806 	 43
4200 	 105.004 	 108.517 	 59.56
4400 	 104.764 	 106.11 	 55.06
4600 	 104.764 	 106.943 	 51.94
4800 	 104.764 	 106.501 	 46.2
5000 	 104.764 	 106.971 	 43.24
5200 	 104.764 	 107.559 	 43
5400 	 104.764 	 106.726 	 43
5600 	 104.764 	 106.231 	 43
5800 	 99.8485 	 104.786 	 46.5
6000 	 99.8485 	 102.015 	 58.66
6200 	 99.8485 	 103.833 	 47.54
6400 	 99.8485 	 101.167 	 43.3
6600 	 99.8485 	 99.8486 	 43
6800 	 99.8485 	 99.849 	 43
7000 	 99.8485 	 100.839 	 43
7200 	 99.8485 	 102.949 	 43
7400 	 99.8485 	 101.779 	 43
7600 	 99.8485 	 105.267 	 43
7800 	 97.2385 	 101.165 	 43.32
8000 	 97.2385 	 100.304 	 58.94
8200 	 97.2385 	 98.103 	 48.68
8400 	 97.2385 	 97.3226 	 45.28
8600 	 97.2385 	 97.9077 	 43.12
8800 	 97.2385 	 99.9332 	 43
9000 	 97.2385 	 97.2384 	 43
9200 	 97.2385 	 97.9689 	 43
9400 	 97.2385 	 101.477 	 43
9600 	 97.2385 	 98.0614 	 43
9800 	 93.5259 	 97.2013 	 43.38
10000 	 85.2984 	 91.0981 	 84.26
10200 	 84.6758 	 87.0753 	 76.02
10400 	 84.6758 	 85.7895 	 69.86
10600 	 84.5752 	 85.4685 	 65.38
10800 	 84.2446 	 85.6379 	 62.92
11000 	 84.0183 	 86.4319 	 62.34
11200 	 84.0183 	 84.7852 	 62.38
11400 	 84.0183 	 86.0751 	 61.34
11600 	 84.0183 	 87.3014 	 61.2
11800 	 83.959 	 86.5742 	 61
12000 	 83.959 	 85.0515 	 61
12200 	 83.959 	 87.1686 	 61
12400 	 83.959 	 83.9801 	 61
12600 	 83.959 	 84.2227 	 61
12800 	 83.959 	 86.3009 	 61
13000 	 83.7515 	 86.2485 	 61
13200 	 83.7515 	 86.6441 	 61.06
13400 	 83.7515 	 86.2318 	 61.12
13600 	 83.7515 	 85.3718 	 61.14
13800 	 83.7515 	 86.6994 	 61.12
14000 	 83.7515 	 85.9674 	 61
14200 	 83.7515 	 84.3969 	 61
14400 	 78.6032 	 84.2061 	 62.3
14600 	 77.133 	 81.3102 	 84.4
14800 	 77.133 	 79.5828 	 72.68
15000 	 77.133 	 80.3544 	 64.48
15200 	 77.133 	 79.9286 	 62
15400 	 77.133 	 77.6126 	 61.02
15600 	 77.133 	 78.5754 	 61
15800 	 77.133 	 78.69 	 61
16000 	 77.133 	 79.9145 	 61
16200 	 76.8174 	 79.3282 	 61
16400 	 76.8174 	 77.7449 	 61.1
16600 	 76.8174 	 77.141 	 61.16
16800 	 76.7773 	 77.4719 	 61.2
17000 	 76.227 	 78.483 	 61.22
17200 	 76.227 	 78.0138 	 61.6
17400 	 76.227 	 78.7929 	 62.18
17600 	 76.227 	 77.7527 	 62.46
17800 	 76.227 	 76.8022 	 61.56
18000 	 76.227 	 80.6686 	 61
18200 	 76.227 	 76.227 	 61
18400 	 76.227 	 76.7219 	 61
18600 	 76.227 	 78.9537 	 61
18800 	 76.227 	 77.89 	 61
19000 	 76.227 	 78.4429 	 61
19200 	 76.227 	 78.3332 	 61
19400 	 76.1343 	 78.7174 	 61
19600 	 76.1343 	 77.1916 	 61
19800 	 76.1343 	 78.4573 	 61
20000 	 76.1343 	 80.0118 	 61
20200 	 76.0387 	 78.756 	 61
20400 	 76.0387 	 79.3519 	 61
20600 	 76.0387 	 82.4378 	 61
20800 	 76.0387 	 78.7361 	 61
21000 	 76.0387 	 78.7929 	 61
21200 	 76.0387 	 79.5912 	 61
21400 	 76.0387 	 80.5414 	 61
21600 	 76.0387 	 77.9917 	 61
21800 	 76.0387 	 78.6364 	 61
22000 	 76.0381 	 77.7771 	 61
22200 	 76.0381 	 79.5699 	 61
22400 	 76.0381 	 79.7339 	 61
22600 	 76.0381 	 78.7895 	 61
22800 	 76.0381 	 79.6976 	 61
23000 	 76.0381 	 77.3229 	 61
23200 	 76.0381 	 78.4087 	 61
23400 	 76.0381 	 77.9658 	 61
23600 	 76.0381 	 77.1105 	 61
23800 	 76.0381 	 77.9545 	 61
24000 	 76.0381 	 77.2082 	 61
24200 	 76.0381 	 77.7323 	 61
24400 	 76.0381 	 77.9269 	 61
24600 	 76.0279 	 76.0553 	 61
24800 	 76.0279 	 79.6949 	 61
25000 	 76.0279 	 76.5447 	 61
25200 	 76.0279 	 76.0278 	 61
25400 	 76.0279 	 79.2058 	 61
25600 	 76.0279 	 76.5658 	 61
25800 	 74.9629 	 78.5981 	 60.98
26000 	 74.9629 	 76.949 	 61.1
26200 	 74.9629 	 76.228 	 61.36
26400 	 74.9629 	 77.0686 	 61.84
26600 	 74.9629 	 80.3609 	 59.06
26800 	 74.9629 	 77.8178 	 59
27000 	 74.9629 	 75.5052 	 59
27200 	 74.9629 	 78.1053 	 59
27400 	 74.9629 	 77.3167 	 59
27600 	 74.9629 	 75.2792 	 59
27800 	 74.9629 	 79.4087 	 59
28000 	 73.0157 	 74.965 	 65.52
28200 	 71.0506 	 76.9768 	 88.3
28400 	 70.94 	 72.8188 	 103.5
28600 	 70.7571 	 72.6677 	 95.14
28800 	 70.7571 	 76.0518 	 92.22
29000 	 70.7571 	 71.4326 	 91.52
29200 	 70.7571 	 70.8972 	 91
29400 	 70.7571 	 70.7825 	 91
29600 	 70.7571 	 71.2754 	 91
29800 	 70.7571 	 73.2219 	 91
30000 	 70.5499 	 71.9507 	 91.02
30200 	 70.5499 	 71.9862 	 91.04
30400 	 70.5499 	 72.1055 	 91.12
30600 	 69.7029 	 75.6079 	 90.94
30800 	 67.0595 	 71.537 	 90.78
31000 	 66.1678 	 71.0269 	 92.52
31200 	 66.1678 	 69.7427 	 90.94
31400 	 66.1678 	 68.5444 	 87.84
31600 	 66.1678 	 69.2312 	 84.56
31800 	 66.1678 	 67.2478 	 81.4
32000 	 66.1678 	 67.9661 	 81
32200 	 66.1678 	 72.6482 	 81
32400 	 66.1678 	 67.3496 	 81
32600 	 66.1678 	 68.9201 	 81
32800 	 66.1678 	 67.1778 	 81
33000 	 66.1678 	 68.7799 	 81
33200 	 66.1678 	 66.829 	 81
33400 	 65.9542 	 66.1905 	 81
33600 	 65.9542 	 66.9434 	 81.06
33800 	 65.9542 	 66.0582 	 81.14
34000 	 65.9542 	 66.2507 	 81.18
34200 	 65.9542 	 69.1112 	 81
34400 	 65.9542 	 69.5858 	 81
34600 	 65.9542 	 66.4489 	 81
34800 	 65.9542 	 65.9541 	 81
35000 	 65.9542 	 68.2394 	 81
35200 	 65.9542 	 66.3194 	 81
35400 	 65.9542 	 69.9325 	 81
35600 	 65.9542 	 66.6951 	 81
35800 	 65.9542 	 68.3905 	 81
36000 	 65.9542 	 66.8848 	 81
36200 	 65.9542 	 67.3795 	 81
36400 	 65.9542 	 70.4658 	 81
36600 	 65.9542 	 67.29 	 81
36800 	 65.9542 	 68.6086 	 81
37000 	 65.9542 	 69.0251 	 81
37200 	 65.9542 	 66.6914 	 81
37400 	 65.9542 	 67.0097 	 81
37600 	 65.9542 	 66.0836 	 81
37800 	 65.9542 	 68.5204 	 81
38000 	 65.7903 	 69.0051 	 80.82
38200 	 65.0474 	 68.901 	 80.18
38400 	 65.0474 	 65.6976 	 77.68
38600 	 65.0474 	 67.8969 	 74.4
38800 	 65.0474 	 66.712 	 71.28
39000 	 65.0474 	 68.6206 	 69.06
39200 	 65.0474 	 66.4767 	 69
39400 	 65.0474 	 67.0226 	 69
39600 	 65.0474 	 67.5334 	 69
39800 	 65.0474 	 66.3422 	 69
40000 	 65.0474 	 67.8579 	 69
40200 	 65.0474 	 65.2123 	 69
40400 	 65.0474 	 65.8273 	 69
40600 	 65.0474 	 69.5413 	 69
40800 	 65.0474 	 67.8659 	 69
41000 	 65.0474 	 67.4433 	 69
41200 	 65.0474 	 71.9094 	 69
41400 	 65.0474 	 68.7572 	 69
41600 	 65.0474 	 67.2343 	 69
41800 	 65.0474 	 65.4288 	 69
42000 	 65.0474 	 69.621 	 69
42200 	 65.0474 	 65.6958 	 69
42400 	 65.0474 	 66.5406 	 69
42600 	 65.0474 	 66.618 	 69
42800 	 65.0474 	 67.2643 	 69
43000 	 65.0474 	 68.6146 	 69
43200 	 65.0474 	 68.6568 	 69
43400 	 65.0474 	 66.2321 	 69
43600 	 65.0474 	 68.7661 	 69
43800 	 65.0474 	 65.7844 	 69
44000 	 65.0474 	 66.8605 	 69
44200 	 65.0474 	 68.9151 	 69
44400 	 65.0474 	 65.088 	 69
44600 	 65.0474 	 69.5719 	 69
44800 	 65.0474 	 67.4907 	 69
45000 	 65.0474 	 67.1223 	 69
45200 	 65.0474 	 65.6858 	 69
45400 	 65.0474 	 65.6456 	 69
45600 	 65.0474 	 65.9373 	 69
45800 	 65.0474 	 68.1237 	 69
46000 	 65.0474 	 66.6946 	 69
46200 	 65.0474 	 67.928 	 69
46400 	 65.0474 	 68.1603 	 69
46600 	 65.0474 	 66.618 	 69
46800 	 65.0474 	 71.2457 	 69
47000 	 65.0474 	 66.636 	 69
47200 	 65.0474 	 65.0474 	 69
47400 	 65.0474 	 67.8065 	 69
47600 	 65.0474 	 66.6873 	 69
47800 	 65.0474 	 67.4134 	 69
48000 	 65.0474 	 65.5894 	 69
48200 	 65.0474 	 67.622 	 69
48400 	 65.0474 	 66.0602 	 69
48600 	 65.0474 	 68.9433 	 69
48800 	 65.0474 	 66.9793 	 69
49000 	 65.0474 	 67.334 	 69
49200 	 65.0474 	 65.667 	 69
49400 	 65.0474 	 65.8107 	 69
49600 	 65.0474 	 66.618 	 69
49800 	 65.0474 	 65.2642 	 69
50000 	 65.0474 	 68.8818 	 69
50200 	 65.0474 	 70.9551 	 69
50400 	 65.0474 	 67.3674 	 69
50600 	 65.0474 	 69.0929 	 69
50800 	 65.0474 	 69.6207 	 69
51000 	 65.0474 	 66.1662 	 69
51200 	 65.0474 	 65.7101 	 69
51400 	 65.0474 	 71.404 	 69
51600 	 65.0474 	 68.9348 	 69
51800 	 65.0474 	 66.242 	 69
52000 	 65.0474 	 66.0245 	 69
52200 	 65.0474 	 66.2211 	 69
52400 	 65.0474 	 69.9368 	 69
52600 	 65.0474 	 66.8565 	 69
52800 	 65.0474 	 66.9622 	 69
53000 	 65.0474 	 65.6544 	 69
53200 	 65.0474 	 68.9711 	 69
53400 	 65.0474 	 68.4711 	 69
53600 	 65.0474 	 66.9533 	 69
53800 	 65.0474 	 65.0474 	 69
54000 	 65.0474 	 65.0917 	 69
54200 	 65.0474 	 68.4235 	 69
54400 	 65.0474 	 66.745 	 69
54600 	 65.0474 	 67.4853 	 69
54800 	 65.0474 	 69.9368 	 69
55000 	 65.0474 	 65.6756 	 69
55200 	 65.0474 	 66.6397 	 69
55400 	 65.0474 	 66.3276 	 69
55600 	 65.0474 	 67.2871 	 69
55800 	 65.0474 	 66.5192 	 69
56000 	 65.0474 	 71.404 	 69
56200 	 65.0474 	 65.6311 	 69
56400 	 65.0474 	 66.2798 	 69
56600 	 65.0474 	 69.8416 	 69
56800 	 65.0474 	 67.1751 	 69
57000 	 65.0474 	 66.8481 	 69
57200 	 65.0474 	 66.3903 	 69
57400 	 65.0474 	 66.9732 	 69
57600 	 65.0474 	 66.4547 	 69
57800 	 65.0474 	 66.1975 	 69
58000 	 65.0474 	 67.3692 	 69
58200 	 65.0474 	 68.4753 	 69
58400 	 65.0474 	 66.017 	 69
58600 	 65.0474 	 68.4713 	 69
58800 	 65.0474 	 68.4488 	 69
59000 	 65.0474 	 67.5944 	 69
59200 	 65.0474 	 67.9097 	 69
59400 	 65.0474 	 65.1672 	 69
59600 	 65.0474 	 68.2854 	 69
59800 	 65.0474 	 67.5591 	 69
60000 	 65.0474 	 68.9083 	 69
60200 	 65.0474 	 67.2402 	 69
60400 	 65.0474 	 67.396 	 69
60600 	 65.0474 	 68.7803 	 69
60800 	 65.0474 	 65.2117 	 69
61000 	 65.0474 	 67.4222 	 69
61200 	 65.0474 	 67.386 	 69
61400 	 65.0474 	 66.2883 	 69
61600 	 65.0474 	 67.8967 	 69
61800 	 65.0474 	 68.0061 	 69
62000 	 65.0474 	 65.4859 	 69
62200 	 65.0474 	 69.7261 	 69
62400 	 65.0474 	 68.1792 	 69
62600 	 65.0474 	 65.5544 	 69
62800 	 65.0474 	 66.131 	 69
63000 	 65.0474 	 68.4138 	 69
63200 	 65.0474 	 65.6126 	 69
63400 	 65.0474 	 66.8636 	 69
63600 	 65.0474 	 65.0474 	 69
63800 	 65.0474 	 65.7788 	 69
64000 	 65.0474 	 68.9711 	 69
64200 	 65.0474 	 66.6845 	 69
64400 	 65.0474 	 70.0679 	 69
64600 	 65.0474 	 66.4043 	 69
64800 	 65.0474 	 69.9749 	 69
65000 	 65.0474 	 67.0005 	 69
65200 	 65.0474 	 65.7559 	 69
65400 	 65.0474 	 66.464 	 69
65600 	 65.0474 	 65.0474 	 69
65800 	 65.0474 	 66.1326 	 69
66000 	 65.0474 	 66.5783 	 69
66200 	 65.0474 	 67.3803 	 69
66400 	 65.0474 	 65.1807 	 69
66600 	 65.0474 	 67.6245 	 69
66800 	 65.0474 	 66.5783 	 69
67000 	 65.0474 	 67.5484 	 69
67200 	 65.0474 	 67.6426 	 69
67400 	 65.0474 	 67.1561 	 69
67600 	 65.0474 	 66.0833 	 69
67800 	 65.0474 	 67.5318 	 69
68000 	 65.0474 	 66.859 	 69
68200 	 65.0474 	 65.1201 	 69
68400 	 65.0474 	 70.2463 	 69
68600 	 65.0474 	 66.7768 	 69
68800 	 65.0474 	 67.1477 	 69
69000 	 65.0474 	 65.5097 	 69
69200 	 65.0474 	 68.4692 	 69
69400 	 65.0474 	 66.0449 	 69
69600 	 65.0474 	 65.9652 	 69
69800 	 65.0474 	 66.5601 	 69
70000 	 65.0474 	 68.4434 	 69
70200 	 65.0474 	 65.5785 	 69
70400 	 65.0474 	 66.6437 	 69
70600 	 65.0474 	 67.5968 	 69
70800 	 65.0474 	 67.6763 	 69
71000 	 65.0474 	 66.6291 	 69
71200 	 65.0474 	 67.4564 	 69
71400 	 64.9144 	 66.0747 	 68.72
71600 	 64.9144 	 66.775 	 68.12
71800 	 64.9144 	 88.7502 	 67.58
72000 	 64.9144 	 68.054 	 67.22
72200 	 64.9144 	 66.4433 	 67
72400 	 64.9144 	 65.079 	 67
72600 	 64.9144 	 66.118 	 67
72800 	 64.9144 	 68.942 	 67
73000 	 64.9144 	 67.1892 	 67
73200 	 64.9144 	 66.44 	 67
73400 	 64.9144 	 70.0708 	 67
73600 	 64.9144 	 67.592 	 67
73800 	 64.9144 	 67.1732 	 67
74000 	 64.9144 	 66.2902 	 67
74200 	 64.9144 	 65.0154 	 67
74400 	 64.9144 	 67.5034 	 67
74600 	 64.9144 	 68.7993 	 67
74800 	 64.9144 	 66.0287 	 67
75000 	 64.9144 	 67.007 	 67
75200 	 64.9144 	 65.9191 	 67
75400 	 64.9144 	 66.9658 	 67
75600 	 64.9144 	 64.9144 	 67
75800 	 64.9144 	 67.173 	 67
76000 	 64.9144 	 67.1365 	 67
76200 	 64.9144 	 64.9144 	 67
76400 	 64.9144 	 67.6112 	 67
76600 	 64.9144 	 67.4958 	 67
76800 	 64.9144 	 65.8145 	 67
77000 	 64.9144 	 67.7704 	 67
77200 	 64.9144 	 67.4088 	 67
77400 	 64.9144 	 65.8132 	 67
77600 	 64.9144 	 68.0041 	 67
77800 	 64.9144 	 66.4754 	 67
78000 	 64.9144 	 67.7355 	 67
78200 	 64.9144 	 67.7755 	 67
78400 	 64.9144 	 64.9144 	 67
78600 	 64.9144 	 65.5947 	 67
78800 	 64.9144 	 66.7268 	 67
79000 	 64.9144 	 66.1389 	 67
79200 	 64.9144 	 67.5743 	 67
79400 	 64.9144 	 71.1884 	 67
79600 	 64.9144 	 65.9874 	 67
79800 	 64.9144 	 68.9143 	 67
80000 	 64.9144 	 66.469 	 67
80200 	 64.9144 	 66.1964 	 67
80400 	 64.9144 	 64.9144 	 67
80600 	 64.9144 	 67.8383 	 67
80800 	 64.9144 	 65.5956 	 67
81000 	 64.9144 	 67.2021 	 67
81200 	 64.9144 	 68.6004 	 67
81400 	 64.9144 	 69.2989 	 67
81600 	 64.9144 	 66.6967 	 67
^C
[jenny@jenny-G50VT][~/docu/572/p]% 



		X  
		12.8615  
	+  
		2.88043  
		11.9524  
	F  
		*  
			X  
			0.963943  
		F  
			+  
				X  
				12.8615  
			/  
				7.2073  
				5.11281  
			*  
				7.2073  
				-4.63379  
			/  
				7.2073  
				0.717242  
		F  
			+  
				X  
				3.40501  
			*  
				7.2073  
				-4.63379  
			+  
				2.88043  
				11.9524  
			/  
				7.2073  
				5.11281  
		-  
			X  
			14.3528  
	*  
		X  
		0.963943  

popu[4]:  Size: 73 Fitness: 102.817
F  
	+  
		X  
		12.8615  
	+  
		2.88043  
		11.9524  
	F  
		*  
			X  
			0.963943  
		F  
			+  
				X  
				12.8615  
			/  
				7.2073  
				5.11281  
			F  
				*  
					X  
					0.963943  
				F  
					+  
						X  
						12.8615  
					/  
						7.2073  
						5.11281  
					*  
						7.2073  
						-4.63379  
					/  
						7.2073  
						0.717242  
				F  
					+  
						X  
						3.40501  
					+  
						7.2073  
						-4.63379  
					+  
						2.88043  
						11.9524  
					/  
						7.2073  
						5.11281  
				-  
					X  
					14.3528  
			/  
				7.2073  
				0.717242  
		F  
			+  
				X  
				3.40501  
			*  
				7.2073  
				-4.63379  
			+  
				2.88043  
				11.9524  
			/  
				7.2073  
				5.11281  
		-  
			X  
			14.3528  
	*  
		X  
		0.963943  

popu[5]:  Size: 63 Fitness: 102.395
F  
	+  
		X  
		12.8615  
	F  
		+  
			X  
			12.8615  
		*  
			7.2073  
			-4.63379  
		F  
			+  
				X  
				3.40501  
			*  
				7.2073  
				-4.63379  
			+  
				2.88043  
				11.9524  
			/  
				7.2073  
				5.11281  
		+  
			5.93937  
			0.963943  
	F  
		*  
			X  
			0.963943  
		F  
			+  
				X  
				12.8615  
			/  
				7.2073  
				5.11281  
			*  
				7.2073  
				-4.63379  
			+  
				2.88043  
				11.9524  
		F  
			+  
				X  
				3.40501  
			*  
				7.2073  
				-4.63379  
			+  
				2.88043  
				11.9524  
			/  
				7.2073  
				5.11281  
		-  
			X  
			14.3528  
	*  
		X  
		0.963943  

popu[6]:  Size: 43 Fitness: 101.829
F  
	+  
		X  
		12.8615  
	+  
		2.48969  
		0.963943  
	F  
		*  
			X  
			0.963943  
		F  
			+  
				X  
				12.8615  
			/  
				7.2073  
				5.11281  
			*  
				7.2073  
				-4.63379  
			+  
				X  
				3.40501  
		F  
			+  
				X  
				3.40501  
			*  
				7.2073  
				-4.63379  
			+  
				2.88043  
				11.9524  
			-  
				7.2073  
				5.11281  
		-  
			X  
			14.3528  
	*  
		X  
		0.963943  

popu[7]:  Size: 63 Fitness: 99.3304
F  
	+  
		X  
		12.8615  
	F  
		F  
			+  
				X  
				12.8615  
			/  
				7.2073  
				5.11281  
			*  
				7.2073  
				-4.63379  
			*  
				X  
				0.963943  
		*  
			7.2073  
			-4.63379  
		+  
			2.88043  
			11.9524  
		+  
			5.93937  
			0.963943  
	F  
		*  
			X  
			0.963943  
		F  
			+  
				X  
				12.8615  
			/  
				7.2073  
				5.11281  
			*  
				7.2073  
				-4.63379  
			+  
				7.2073  
				0.717242  
		F  
			+  
				X  
				3.40501  
			*  
				7.2073  
				-4.63379  
			+  
				9.90091  
				11.9524  
			/  
				7.2073  
				5.11281  
		-  
			X  
			14.3528  
	*  
		X  
		0.963943  

popu[8]:  Size: 53 Fitness: 102.062
F  
	+  
		X  
		12.8615  
	F  
		+  
			X  
			3.40501  
		+  
			2.88043  
			11.9524  
		+  
			2.88043  
			11.9524  
		+  
			5.93937  
			0.963943  
	F  
		*  
			X  
			0.963943  
		F  
			+  
				X  
				12.8615  
			/  
				7.2073  
				5.11281  
			*  
				7.2073  
				-4.63379  
			/  
				7.2073  
				0.717242  
		F  
			+  
				X  
				3.40501  
			*  
				7.2073  
				-4.63379  
			+  
				2.88043  
				11.9524  
			/  
				7.2073  
				5.11281  
		-  
			X  
			14.3528  
	*  
		X  
		0.963943  

popu[9]:  Size: 43 Fitness: 102.65
F  
	+  
		X  
		3.40501  
	+  
		2.88043  
		11.9524  
	F  
		*  
			X  
			0.963943  
		F  
			+  
				X  
				12.8615  
			/  
				7.2073  
				5.11281  
			*  
				7.2073  
				-4.63379  
			/  
				7.2073  
				0.717242  
		F  
			+  
				X  
				3.40501  
			*  
				7.2073  
				-4.63379  
			+  
				2.88043  
				11.9524  
			/  
				7.2073  
				5.11281  
		-  
			X  
			14.3528  
	*  
		X  
		0.963943  

popu[10]:  Size: 73 Fitness: 99.7583
F  
	+  
		X  
		3.40501  
	+  
		2.48969  
		0.963943  
	F  
		*  
			X  
			0.963943  
		F  
			+  
				X  
				12.8615  
			/  
				7.2073  
				5.11281  
			*  
				7.2073  
				-4.63379  
			/  
				7.2073  
				5.11281  
		F  
			+  
				X  
				3.40501  
			*  
				7.2073  
				-2.63217  
			F  
				*  
					X  
					0.963943  
				F  
					+  
						X  
						12.8615  
					/  
						7.2073  
						5.11281  
					*  
						7.2073  
						-4.63379  
					+  
						7.2073  
						0.717242  
				F  
					+  
						X  
						3.40501  
					*  
						7.2073  
						-4.63379  
					+  
						9.90091  
						11.9524  
					/  
						7.2073  
						5.11281  
				-  
					11.6289  
					14.3528  
			/  
				7.2073  
				5.11281  
		-  
			X  
			14.3528  
	*  
		X  
		0.963943  

popu[11]:  Size: 53 Fitness: 102.63
F  
	-  
		X  
		14.3528  
	+  
		2.48969  
		0.963943  
	F  
		+  
			X  
			12.8615  
		+  
			2.48969  
			0.963943  
		F  
			*  
				X  
				0.963943  
			F  
				+  
					X  
					12.8615  
				/  
					7.2073  
					5.11281  
				*  
					7.2073  
					-4.63379  
				+  
					2.48969  
					2.314  
			F  
				+  
					X  
					3.40501  
				*  
					7.2073  
					-4.63379  
				+  
					2.88043  
					11.9524  
		^C		+  

[jenny@jenny-G50VT][~/docu/572/p]% 
							10.341  
						-  
							-2.864  
							3.44639  
					F  
						*  
							X  
							0.859619  
						*  
							-3.98336  
							7.8443  
						*  
							-3.98336  
							7.8443  
						-  
							-2.864  
							10.1814  

popu[54]:  Size: 73 Fitness: 107.065
F  
	+  
		1.97545  
		10.341  
	+  
		X  
		0.859619  
	-  
		X  
		0.859619  
	F  
		*  
			-3.98336  
			7.8443  
		-  
			X  
			0.859619  
		*  
			X  
			1.50886  
		F  
			*  
				-3.98336  
				7.8443  
			+  
				X  
				0.859619  
			*  
				-3.98336  
				7.8443  
			F  
				-  
					-3.98336  
					7.8443  
				-  
					-2.864  
					10.1814  
				*  
					X  
					1.50886  
				F  
					*  
						X  
						0.859619  
					*  
						-3.98336  
						7.8443  
					F  
						*  
							X  
							0.859619  
						*  
							-3.98336  
							7.8443  
						*  
							1.97545  
							10.341  
						*  
							1.97545  
							10.341  
					F  
						-  
							-2.864  
							3.44639  
						*  
							-3.98336  
							7.8443  
						*  
							-3.98336  
							7.8443  
						-  
							-2.864  
							10.1814  

popu[55]:  Size: 83 Fitness: 102.882
F  
	F  
		-  
			-2.864  
			3.44639  
		*  
			-3.98336  
			7.8443  
		*  
			-3.98336  
			7.8443  
		-  
			-2.864  
			10.1814  
	+  
		X  
		0.859619  
	-  
		X  
		0.859619  
	F  
		*  
			-3.98336  
			7.8443  
		-  
			X  
			0.859619  
		*  
			X  
			1.50886  
		F  
			*  
				-3.98336  
				8.18162  
			+  
				X  
				0.859619  
			*  
				X  
				0.859619  
			F  
				*  
					-3.98336  
					7.8443  
				-  
					X  
					0.859619  
				*  
					X  
					1.50886  
				F  
					*  
						X  
						0.859619  
					*  
						-3.98336  
						7.8443  
					F  
						*  
							-3.98336  
							7.8443  
						*  
							-3.98336  
							7.8443  
						*  
							1.97545  
							10.341  
						-  
							-2.864  
							3.44639  
					F  
						*  
							X  
							0.859619  
						*  
							-3.98336  
							7.8443  
						*  
							-3.98336  
							7.8443  
						-  
							-2.864  
							10.1814  

popu[56]:  Size: 83 Fitness: 104.494
F  
	F  
		-  
			-2.864  
			3.44639  
		*  
			-3.98336  
			7.8443  
		*  
			-3.98336  
			7.8443  
		-  
			-2.864  
			10.1814  
	+  
		X  
		0.859619  
	*  
		X  
		0.859619  
	F  
		*  
			-3.98336  
			7.8443  
		-  
			X  
			0.859619  
		*  
			X  
			1.50886  
		F  
			*  
				-3.98336  
				7.8443  
			+  
				X  
				0.859619  
			*  
				X  
				0.859619  
			F  
				*  
					-3.98336  
					7.8443  
				-  
					X  
					0.859619  
				*  
					X  
					1.50886  
				F  
					*  
						X  
						0.859619  
					+  
						-3.98336  
						7.8443  
					F  
						*  
							X  
							0.859619  
						*  
							-3.98336  
							7.8443  
						*  
							1.97545  
							10.341  
						-  
							-2.864  
							3.44639  
					F  
						*  
							X  
							0.859619  
						*  
							-3.98336  
							7.8443  
						+  
							X  
							0.859619  
						-  
							-2.864  
							10.1814  

popu[57]:  Size: 83 Fitness: 103.045
F  
	F  
		-  
			-2.864  
			3.44639  
		*  
			-3.98336  
			7.8443  
		*  
			-3.98336  
			7.8443  
		-  
			-2.864  
			10.1814  
	+  
		X  
		0.859619  
	-  
		X  
		0.859619  
	F  
		*  
			-3.98336  
			7.8443  
		-  
			X  
			0.859619  
		*  
			X  
			1.50886  
		F  
			*  
				-3.98336  
				7.8443  
			+  
				X  
				0.859619  
			*  
				X  
				0.859619  
			F  
				*  
					-3.98336  
					7.8443  
				-  
					X  
					0.859619  
				*  
					X  
					1.50886  
				F  
					*  
						X  
						0.859619  
					*  
						-3.98336  
						7.8443  
					F  
						*  
							X  
							0.859619  
						*  
							-3.98336  
							7.8443  
						*  
							1.97545  
							10.341  
						-  
							-2.864  
							3.44639  
					F  
						*  
							X  
							0.859619  
						*  
							-3.98336  
							7.8443  
						+  
							X  
							0.859619  
						-  
							-2.864  
							10.1814  

popu[58]:  Size: 83 Fitness: 102.933
F  
	F  
		-  
			-2.864  
			3.44639  
		+  
			X  
			0.859619  
		*  
			-3.98336  
			7.8443  
		-  
			-2.864  
			10.1814  
	+  
		X  
		0.859619  
	-  
		X  
		0.859619  
	F  
		*  
			-3.98336  
			7.8443  
		-  
			X  
			0.859619  
		*  
			X  
			1.50886  
		F  
			*  
				-3.98336  
				7.8443  
			+  
				X  
				0.859619  
			*  
				-3.98336  
				7.8443  
			F  
				*  
					1.97545  
					10.341  
				-  
					X  
					0.859619  
				*  
					X  
					1.50886  
				F  
					*  
						X  
						0.859619  
					*  
						-3.98336  
						7.8443  
					F  
						*  
							X  
							0.859619  
						*  
							-3.98336  
							7.8443  
						*  
							1.97545  
							10.341  
						-  
							-2.864  
							3.44639  
					F  
						*  
							X  
							0.859619  
						*  
							-3.98336  
							7.8443  
						+  
							X  
							0.859619  
						-  
							-2.864  
							10.1814  

popu[59]:  Size: 83 Fitness: 103.045
F  
	F  
		-  
			-2.864  
			3.44639  
		+  
			X  
			0.859619  
		*  
			-3.98336  
			7.8443  
		-  
			-2.864  
			10.1814  
	+  
		X  
		0.859619  
	-  
		X  
		0.859619  
	F  
		*  
			-3.98336  
			7.8443  
		-  
			X  
			0.859619  
		*  
			X  
			1.50886  
		F  
			*  
				-3.98336  
				7.8443  
			+  
				X  
				0.859619  
			*  
				X  
				0.859619  
			F  
				*  
					-3.98336  
					7.8443  
				-  
					X  
					0.859619  
				*  
					X  
					1.50886  
				F  
					*  
						X  
						0.859619  
					*  
						-3.98336  
						7.8443  
					F  
						*  
							X  
							0.859619  
						*  
							-3.98336  
							7.8443  
						*  
							1.97545  
							10.341  
						-  
							-2.864  
							3.44639  
					F  
						*  
							X  
							0.859619  
						*  
							-3.98336  
							^C
[jenny@jenny-G50VT][~/docu/572/p]% 

				14.8313  
			F  
				+  
					X  
					14.8313  
				/  
					X  
					14.8313  
				*  
					X  
					2.91288  
				*  
					X  
					1.82161  
			F  
				/  
					X  
					1.82161  
				+  
					X  
					14.8313  
				*  
					X  
					1.82161  
				F  
					/  
						X  
						7.65355  
					F  
						X  
						X  
						-4.64302  
						X  
					*  
						X  
						-0.575232  
					/  
						X  
						1.82161  
		/  
			X  
			X  
	F  
		X  
		-3.78555  
		2.43507  
		X  

popu[73]:  Size: 3 Fitness: -nan
S  
	L  
		X  

popu[74]:  Size: 69 Fitness: 71.7941
F  
	+  
		X  
		1.82161  
	+  
		0.190053  
		11.1755  
	F  
		/  
			X  
			2.43507  
		F  
			X  
			X  
			-4.64302  
			4.22566  
		F  
			/  
				X  
				2.43507  
			+  
				X  
				14.8313  
			F  
				+  
					X  
					14.8313  
				/  
					X  
					14.8313  
				*  
					X  
					2.91288  
				*  
					X  
					1.82161  
			F  
				/  
					X  
					1.82161  
				+  
					X  
					14.8313  
				*  
					X  
					1.82161  
				F  
					/  
						X  
						7.65355  
					F  
						X  
						X  
						-4.64302  
						X  
					*  
						X  
						-0.575232  
					/  
						X  
						1.82161  
		/  
			X  
			X  
	F  
		X  
		-3.78555  
		2.43507  
		X  

popu[75]:  Size: 69 Fitness: 71.7941
F  
	+  
		X  
		1.82161  
	+  
		0.190053  
		11.1755  
	F  
		/  
			X  
			2.43507  
		F  
			X  
			X  
			-4.64302  
			4.22566  
		F  
			/  
				X  
				2.43507  
			+  
				X  
				14.8313  
			F  
				+  
					X  
					14.8313  
				/  
					X  
					14.8313  
				*  
					X  
					2.91288  
				*  
					X  
					1.82161  
			F  
				/  
					X  
					1.82161  
				+  
					X  
					14.8313  
				*  
					X  
					1.82161  
				F  
					/  
						X  
						7.65355  
					F  
						X  
						X  
						-4.64302  
						X  
					*  
						X  
						-0.575232  
					/  
						X  
						1.82161  
		/  
			X  
			X  
	F  
		X  
		-3.78555  
		2.43507  
		X  

popu[76]:  Size: 69 Fitness: 71.7941
F  
	+  
		X  
		1.82161  
	+  
		0.190053  
		11.1755  
	F  
		/  
			X  
			2.43507  
		F  
			X  
			X  
			-4.64302  
			4.22566  
		F  
			/  
				X  
				2.43507  
			+  
				X  
				14.8313  
			F  
				+  
					X  
					14.8313  
				/  
					X  
					14.8313  
				*  
					X  
					2.91288  
				*  
					X  
					1.82161  
			F  
				/  
					X  
					1.82161  
				+  
					X  
					14.8313  
				*  
					X  
					1.82161  
				F  
					/  
						X  
						7.65355  
					F  
						X  
						-3.48323  
						-4.64302  
						X  
					*  
						X  
						-0.575232  
					/  
						X  
						1.82161  
		/  
			X  
			X  
	F  
		X  
		-3.78555  
		2.43507  
		X  

popu[77]:  Size: 69 Fitness: 71.7941
F  
	+  
		X  
		1.82161  
	+  
		0.190053  
		11.1755  
	F  
		/  
			X  
			2.43507  
		F  
			X  
			X  
			-4.64302  
			4.22566  
		F  
			/  
				X  
				2.43507  
			+  
				X  
				14.8313  
			F  
				+  
					X  
					14.8313  
				/  
					X  
					14.8313  
				*  
					X  
					2.91288  
				*  
					X  
					1.82161  
			F  
				/  
					X  
					1.82161  
				+  
					X  
					14.8313  
				*  
					X  
					1.82161  
				F  
					/  
						X  
						7.65355  
					F  
						X  
						X  
						-4.64302  
						4.22566  
					*  
						X  
						-0.575232  
					/  
						X  
						1.82161  
		/  
			X  
			X  
	F  
		X  
		-3.78555  
		2.43507  
		X  

popu[78]:  Size: 69 Fitness: 71.7941
F  
	+  
		X  
		1.82161  
	+  
		0.190053  
		11.1755  
	F  
		/  
			X  
			2.43507  
		F  
			X  
			X  
			-4.64302  
			4.22566  
		F  
			/  
				X  
				2.43507  
			+  
				X  
				14.8313  
			F  
				+  
					X  
					14.8313  
				/  
					X  
					14.8313  
				*  
					X  
					2.91288  
				*  
					X  
					1.82161  
			F  
				/  
					X  
					1.82161  
				+  
					X  
					14.8313  
				*  
					X  
					1.82161  
				F  
					/  
						X  
						7.65355  
					F  
						X  
						X  
						-4.64302  
						X  
					*  
						X  
						-0.575232  
					/  
						X  
						1.82161  
		/  
			X  
			X  
	F  
		X  
		-3.78555  
		2.43507  
		X  

popu[79]:  Size: 69 Fitness: 71.7941
F  
	+  
		X  
		1.82161  
	+  
		0.190053  
		11.1755  
	F  
		/  
			X  
			2.43507  
		F  
			X  
			X  
			-4.64302  
			4.22566  
		F  
			/  
				X  
				2.43507  
			+  
				X  
				14.8313  
			F  
				+  
					X  
					14.8313  
				/  
					X  
					14.8313  
				*  
					X  
					2.91288  
				*  
					X  
					1.82161  
			F  
				/  
					X  
					1.82161  
				+  
					X  
					14.8313  
				*  
					X  
					1.82161  
				F  
					/  
						X  
						7.65355  
					F  
						X  
						-3.48323  
						-4.64302  
						X  
					*  
						X  
						-0.575232  
					/  
						X  
						1.82161  
		/  
			X  
			X  
	F  
		X  
		-3.78555  
		2.43507  
		X  

popu[80]:  Size: 69 Fitness: 71.7941
F  
	+  
		X  
		1.82161  
	+  
		0.190053  
		11.1755  
	F  
		/  
			X  
			2.43507  
		F  
			X  
			X  
			-4.64302  
			4.22566  
		F  
			/  
				X  
				2.43507  
			+  
				X  
				14.8313  
			F  
				+  
					X  
					14.8313  
				/  
					X  
	^C				14.8313  

[jenny@jenny-G50VT][~/docu/572/p]% 


			8.34668  
		/  
			X  
			3.01129  
		-  
			/  
				9.31874  
				-2.47092  
			+  
				X  
				10.7814  

popu[13]:  Size: 87 Fitness: 66.2302
F  
	F  
		F  
			/  
				X  
				3.43895  
			-  
				X  
				0.30925  
			+  
				X  
				3.54845  
			-  
				*  
					X  
					1.75437  
				+  
					X  
					3.54845  
		*  
			X  
			0.859619  
		+  
			X  
			8.34668  
		/  
			9.31874  
			3.54845  
	/  
		X  
		3.43895  
	F  
		+  
			X  
			3.54845  
		F  
			-  
				*  
					X  
					1.75437  
				-  
					X  
					0.30925  
			+  
				X  
				3.54845  
			+  
				X  
				10.7814  
			-  
				*  
					X  
					1.75437  
				+  
					X  
					3.54845  
		-  
			X  
			0.30925  
		-  
			*  
				X  
				1.75437  
			+  
				11.6563  
				3.54845  
	F  
		-  
			*  
				X  
				1.75437  
			+  
				X  
				0.30925  
		+  
			X  
			8.34668  
		/  
			X  
			3.01129  
		-  
			/  
				9.31874  
				-2.47092  
			+  
				X  
				10.7814  

popu[14]:  Size: 87 Fitness: 66.2302
F  
	F  
		F  
			/  
				9.31874  
				3.54845  
			*  
				X  
				1.75437  
			+  
				X  
				0.30925  
			-  
				*  
					X  
					1.75437  
				+  
					X  
					3.54845  
		*  
			X  
			0.859619  
		+  
			X  
			8.34668  
		/  
			9.31874  
			3.54845  
	/  
		X  
		3.43895  
	F  
		+  
			X  
			3.54845  
		F  
			-  
				*  
					X  
					1.75437  
				-  
					X  
					0.30925  
			+  
				X  
				3.54845  
			+  
				X  
				3.54845  
			-  
				*  
					X  
					1.75437  
				+  
					X  
					3.54845  
		-  
			X  
			0.30925  
		-  
			*  
				X  
				1.75437  
			+  
				11.6563  
				3.54845  
	F  
		-  
			*  
				X  
				1.75437  
			+  
				X  
				0.30925  
		+  
			X  
			8.34668  
		/  
			X  
			3.01129  
		-  
			/  
				9.31874  
				-2.47092  
			+  
				X  
				10.7814  

popu[15]:  Size: 87 Fitness: 66.2302
F  
	F  
		F  
			*  
				X  
				-0.898997  
			*  
				X  
				1.75437  
			-  
				X  
				0.30925  
			-  
				*  
					X  
					1.75437  
				+  
					X  
					3.54845  
		*  
			X  
			0.859619  
		+  
			X  
			8.34668  
		/  
			9.31874  
			3.54845  
	/  
		X  
		3.43895  
	F  
		+  
			X  
			3.54845  
		F  
			-  
				*  
					X  
					1.75437  
				-  
					X  
					0.30925  
			+  
				X  
				3.54845  
			+  
				X  
				3.54845  
			-  
				*  
					X  
					1.75437  
				+  
					X  
					3.54845  
		-  
			X  
			0.30925  
		-  
			*  
				X  
				1.75437  
			+  
				11.6563  
				3.54845  
	F  
		-  
			*  
				X  
				1.75437  
			+  
				X  
				0.30925  
		+  
			X  
			8.34668  
		/  
			X  
			3.01129  
		-  
			/  
				9.31874  
				-2.47092  
			+  
				X  
				10.7814  

popu[16]:  Size: 83 Fitness: 147.219
F  
	F  
		F  
			-  
				X  
				0.30925  
			*  
				X  
				1.75437  
			+  
				X  
				8.34668  
			-  
				*  
					X  
					1.75437  
				+  
					X  
					3.54845  
		*  
			X  
			0.859619  
		+  
			X  
			8.34668  
		/  
			9.31874  
			3.54845  
	/  
		X  
		3.43895  
	F  
		+  
			X  
			3.54845  
		F  
			-  
				*  
					X  
					1.75437  
				-  
					X  
					0.30925  
			+  
				X  
				3.54845  
			+  
				X  
				8.34668  
			-  
				*  
					X  
					1.75437  
				+  
					X  
					3.54845  
		-  
			X  
			0.30925  
		-  
			*  
				X  
				1.75437  
			+  
				11.6563  
				3.54845  
	F  
		-  
			*  
				X  
				1.75437  
			+  
				X  
				0.30925  
		+  
			X  
			8.34668  
		/  
			X  
			3.01129  
		+  
			X  
			3.54845  

popu[17]:  Size: 87 Fitness: 66.2302
F  
	F  
		F  
			+  
				X  
				3.54845  
			*  
				X  
				1.75437  
			+  
				X  
				3.54845  
			-  
				*  
					X  
					1.75437  
				+  
					X  
					3.54845  
		*  
			X  
			0.859619  
		+  
			X  
			8.34668  
		/  
			9.31874  
			3.54845  
	/  
		X  
		3.43895  
	F  
		+  
			X  
			3.54845  
		F  
			-  
				*  
					X  
					1.75437  
				-  
					X  
					0.30925  
			+  
				X  
				3.54845  
			+  
				X  
				10.7814  
			-  
				*  
					X  
					1.75437  
				+  
					X  
					3.54845  
		-  
			X  
			0.30925  
		-  
			*  
				X  
				1.75437  
			+  
				11.6563  
				3.54845  
	F  
		-  
			*  
				X  
				1.75437  
			+  
				X  
				0.30925  
		+  
			X  
			8.34668  
		/  
			X  
			3.01129  
		-  
			/  
				9.31874  
				-2.47092  
			+  
				X  
				10.7814  

popu[18]:  Size: 87 Fitness: 66.2302
F  
	F  
		F  
			-  
				X  
				0.30925  
			*  
				X  
				1.75437  
			+  
				X  
				8.34668  
			-  
				*  
					X  
					1.75437  
				+  
					X  
					3.54845  
		*  
			X  
			0.859619  
		+  
			X  
			8.34668  
		/  
			9.31874  
			3.54845  
	/  
		X  
		3.43895  
	F  
		+  
			X  
			3.54845  
		F  
			-  
				*  
					X  
					1.75437  
				-  
					X  
					0.30925  
			+  
				X  
				3.54845  
			+  
				X  
				8.34668  
			-  
				*  
					X  
					1.75437  
				+  
					X  
			^C		3.54845  

[jenny@jenny-G50VT][~/docu/572/p]% 


					3.62527  
				*  
					1.58073  
					11.7434  
			F  
				0.701157  
				12.1054  
				X  
				-4.71178  
			-  
				X  
				11.7434  
	F  
		0.350889  
		X  
		X  
		-2.68289  

popu[11]:  Size: 37 Fitness: 121.8
F  
	F  
		0.512236  
		13.3165  
		X  
		-2.9085  
	+  
		-4.30053  
		-4.58039  
	F  
		+  
			X  
			1.38505  
		*  
			11.2897  
			-3.0249  
		-  
			11.3031  
			-1.46715  
		F  
			*  
				9.46283  
				5.05258  
			/  
				5.6739  
				-0.126384  
			/  
				11.2897  
				14.4026  
			-  
				X  
				11.7434  
	F  
		3.35809  
		X  
		X  
		-2.37376  

popu[12]:  Size: 37 Fitness: 125.599
F  
	F  
		0.512236  
		13.3165  
		X  
		-2.9085  
	+  
		-4.30053  
		-0.574839  
	F  
		-  
			X  
			1.38505  
		*  
			11.2897  
			-3.0249  
		-  
			9.59008  
			-1.46715  
		F  
			*  
				5.63097  
				14.4026  
			/  
				11.4767  
				9.66506  
			*  
				3.28803  
				12.1205  
			-  
				X  
				12.7744  
	F  
		3.35809  
		6.78353  
		X  
		9.16813  

popu[13]:  Size: 49 Fitness: 126.351
F  
	-  
		12.2067  
		12.1205  
	/  
		3.07018  
		9.57545  
	F  
		F  
			-0.196623  
			4.27023  
			X  
			3.94719  
		*  
			11.2897  
			-3.0249  
		*  
			2.18304  
			8.39321  
		F  
			-  
				7.8831  
				13.266  
			F  
				*  
					-4.30053  
					-3.29984  
				+  
					2.58753  
					10.4286  
				*  
					5.70307  
					3.62527  
				*  
					X  
					5.64218  
			F  
				-2.47296  
				7.9898  
				X  
				6.24785  
			-  
				X  
				8.10998  
	F  
		2.52788  
		X  
		X  
		-2.68289  

popu[14]:  Size: 39 Fitness: 122.283
F  
	F  
		7.1514  
		12.1054  
		X  
		12.3809  
	*  
		-4.30053  
		1.42253  
	F  
		F  
			4.53335  
			11.2552  
			X  
			-3.9998  
		*  
			11.2897  
			-3.0249  
		-  
			11.2897  
			3.70427  
		F  
			+  
				5.63097  
				12.1817  
			-  
				-4.30053  
				1.53213  
			/  
				12.2067  
				12.1205  
			-  
				X  
				11.7434  
	F  
		1.78138  
		X  
		X  
		-4.97698  

popu[15]:  Size: 51 Fitness: 128.278
F  
	F  
		-0.407485  
		6.27218  
		X  
		14.9821  
	-  
		12.4147  
		9.57545  
	F  
		F  
			1.98072  
			4.27023  
			X  
			3.94719  
		*  
			11.2625  
			-3.0249  
		/  
			8.86618  
			10.4286  
		F  
			/  
				10.0459  
				1.72608  
			F  
				*  
					3.70284  
					13.6749  
				-  
					2.58753  
					0.844671  
				*  
					7.03614  
					5.96402  
				+  
					X  
					12.291  
			F  
				13.0496  
				6.77778  
				X  
				8.35229  
			-  
				X  
				11.7434  
	F  
		9.15482  
		X  
		X  
		-1.88942  

popu[16]:  Size: 41 Fitness: 122.013
F  
	F  
		0.701157  
		6.27218  
		X  
		7.81541  
	-  
		-3.04242  
		9.57545  
	F  
		F  
			0.512236  
			14.6764  
			X  
			10.5727  
		*  
			11.2897  
			-3.0249  
		*  
			2.57381  
			10.5534  
		F  
			-  
				1.48851  
				-0.615755  
			-  
				2.58753  
				8.09771  
			F  
				3.35809  
				6.77778  
				X  
				-2.37376  
			-  
				X  
				11.7434  
	F  
		0.350889  
		X  
		X  
		13.281  

popu[17]:  Size: 53 Fitness: 127.629
F  
	F  
		9.08045  
		X  
		X  
		-2.68289  
	-  
		10.6991  
		9.58183  
	F  
		F  
			-2.06859  
			13.3008  
			X  
			-2.40167  
		*  
			11.2625  
			-3.0249  
		-  
			14.8966  
			-0.190417  
		F  
			-  
				7.8831  
				2.47216  
			F  
				/  
					-4.30053  
					2.2927  
				*  
					3.8678  
					3.28933  
				-  
					2.55021  
					13.4653  
				F  
					13.8432  
					8.42575  
					X  
					-1.06989  
			F  
				13.0496  
				6.77778  
				9.48814  
				-0.902532  
			-  
				X  
				11.7434  
	F  
		0.350889  
		X  
		X  
		-2.68289  

popu[18]:  Size: 53 Fitness: 128.873
F  
	F  
		-0.407485  
		6.11826  
		X  
		7.61016  
	-  
		1.7882  
		9.57545  
	F  
		F  
			1.98072  
			4.96782  
			X  
			3.94719  
		*  
			11.2625  
			-3.0249  
		-  
			-3.40609  
			-0.285051  
		F  
			+  
				5.94679  
				13.3854  
			F  
				+  
					4.38887  
					-0.517987  
				F  
					10.9251  
					6.27218  
					X  
					9.38128  
				/  
					4.33161  
					-1.91721  
				/  
					X  
					3.63653  
			F  
				13.0496  
				6.77778  
				X  
				6.90726  
			-  
				X  
				11.7434  
	F  
		0.350889  
		X  
		X  
		-3.66611  

popu[19]:  Size: 41 Fitness: 126.241
F  
	F  
		-0.407485  
		6.27218  
		X  
		-1.58549  
	-  
		-3.04242  
		6.05416  
	F  
		F  
			-0.552836  
			7.71797  
			X  
			-1.01122  
		*  
			11.2897  
			-3.0249  
		/  
			2.57381  
			-1.22162  
		F  
			-  
				7.8831  
				1.72608  
			/  
				13.2249  
				3.53542  
			F  
				13.0496  
				6.77778  
				10.4179  
				6.24785  
			-  
				X  
				11.7434  
	F  
		-4.17686  
		9.97308  
		X  
		13.9553  

popu[20]:  Size: 49 Fitness: 124.005
F  
	/  
		5.63097  
		14.4026  
	+  
		-3.04242  
		9.57545  
	F  
		F  
			0.512236  
			4.27023  
			X  
			6.10562  
		*  
			11.2897  
			-3.0249  
		*  
			2.57381  
			8.39321  
		F  
			-  
				7.8831  
				5.84108  
			F  
				*  
					-4.30053  
					-3.29984  
				/  
					12.3692  
					10.4286  
				*  
					-1.37859  
					3.62527  
				+  
					X  
					11.7434  
			F  
				0.0527008  
				6.77778  
				X  
				6.24785  
			-  
				X  
				7.16359  
	F  
		5.0349  
		X  
		X  
		7.98623  

popu[21]:  Size: 63 Fitness: 110.228
F  
	F  
		-4.35501  
		0.392828  
		X  
		13.5694  
	-  
		-2.43253  
		9.57545  
	F  
		F  
			1.98072  
			4.27023  
			X  
			3.94719  
		*  
			11.2625  
			-3.0249  
		+  
			14.8966  
	^C		-0.285051  

[jenny@jenny-G50VT][~/docu/572/p]% 










					1.16861  
				F  
					*  
						12.7209  
						-4.65078  
					/  
						-2.43127  
						5.34276  
					F  
						-1.53404  
						-1.90404  
						X  
						-3.77995  
					F  
						+  
							-3.05688  
							10.5601  
						F  
							-1.53404  
							3.11083  
							X  
							11.6548  
						F  
							+  
								7.44164  
								3.37989  
							-  
								0.979974  
								9.26249  
							*  
								-3.39288  
								14.3625  
							F  
								11.4421  
								7.06492  
								X  
								X  
						*  
							-2.98843  
							3.89237  
				F  
					-2.05975  
					13.142  
					1.68113  
					-3.93763  
	F  
		-0.022537  
		2.05743  
		11.0911  
		2.22487  

popu[40]:  Size: 53 Fitness: 84.861
F  
	*  
		-2.61677  
		14.1224  
	F  
		11.4421  
		6.6972  
		X  
		X  
	F  
		*  
			13.1817  
			5.34276  
		/  
			11.705  
			8.87101  
		F  
			-4.20651  
			-4.30922  
			7.98104  
			-3.77995  
		F  
			*  
				-3.05688  
				10.5601  
			F  
				-1.53404  
				3.11083  
				X  
				11.6548  
			F  
				+  
					7.44164  
					X  
				*  
					-2.61677  
					2.53766  
				*  
					-3.39288  
					14.3625  
				F  
					11.7732  
					6.6972  
					X  
					X  
			/  
				-2.98843  
				3.89237  
	F  
		-0.022537  
		-2.53813  
		11.0911  
		11.9908  

popu[41]:  Size: 63 Fitness: 86.8376
F  
	*  
		-2.61677  
		14.1224  
	F  
		11.4421  
		6.6972  
		X  
		X  
	F  
		*  
			13.1817  
			5.34276  
		/  
			4.39579  
			8.87101  
		F  
			-4.20651  
			13.0396  
			3.78438  
			-3.77995  
		F  
			*  
				-3.05688  
				10.5601  
			F  
				-1.53404  
				3.11083  
				X  
				11.6548  
			F  
				+  
					7.44164  
					X  
				-  
					0.979974  
					9.24649  
				*  
					-3.39288  
					14.3625  
				F  
					*  
						7.44164  
						X  
					*  
						-3.86908  
						-2.3771  
					/  
						-3.39288  
						13.3276  
					F  
						14.5367  
						6.6972  
						X  
						X  
			*  
				-2.98843  
				3.89237  
	F  
		-0.022537  
		-2.53813  
		9.05524  
		11.9908  

popu[42]:  Size: 99 Fitness: 83.2155
F  
	*  
		-2.61677  
		14.1224  
	F  
		11.4421  
		5.61772  
		X  
		X  
	F  
		+  
			13.1817  
			5.34276  
		/  
			4.39579  
			8.87101  
		F  
			/  
				10.7842  
				14.0902  
			F  
				-1.53404  
				3.11083  
				7.82143  
				-3.72346  
			F  
				-  
					14.4865  
					X  
				-  
					0.979974  
					10.7885  
				+  
					-3.39288  
					14.3625  
				F  
					11.4421  
					9.44615  
					X  
					X  
			-  
				5.63271  
				3.89237  
		F  
			*  
				-2.61677  
				14.1224  
			*  
				-3.05688  
				10.5601  
			F  
				/  
					13.1817  
					5.34276  
				/  
					4.39579  
					8.87101  
				F  
					13.7792  
					11.267  
					3.78438  
					-3.77995  
				F  
					*  
						-3.05688  
						10.5601  
					F  
						1.05  
						7.12264  
						X  
						-0.790083  
					F  
						+  
							7.44164  
							X  
						-  
							0.979974  
							9.26249  
						*  
							-3.39288  
							14.3625  
						F  
							11.7732  
							6.6972  
							X  
							X  
					*  
						-3.45596  
						3.89237  
			F  
				-0.022537  
				-2.53813  
				12.6775  
				11.9908  
	F  
		-0.022537  
		-2.53813  
		11.0911  
		11.9908  

popu[43]:  Size: 53 Fitness: 80.3774
F  
	*  
		-2.61677  
		14.1224  
	F  
		11.4421  
		6.6972  
		X  
		X  
	F  
		*  
			13.1817  
			5.34276  
		/  
			4.39579  
			8.87101  
		F  
			-4.20651  
			11.267  
			3.78438  
			-3.77995  
		F  
			*  
				-3.05688  
				10.5601  
			F  
				-1.53404  
				3.11083  
				X  
				11.6548  
			F  
				+  
					7.44164  
					X  
				-  
					0.979974  
					9.26249  
				*  
					-3.39288  
					14.3625  
				F  
					11.7732  
					6.6972  
					X  
					X  
			*  
				-2.98843  
				3.89237  
	F  
		-0.022537  
		-2.53813  
		11.0911  
		11.9908  

popu[44]:  Size: 75 Fitness: 85.5496
F  
	*  
		-2.61677  
		14.1224  
	F  
		11.4421  
		6.6972  
		X  
		X  
	F  
		+  
			13.1817  
			5.34276  
		/  
			4.39579  
			8.87101  
		F  
			*  
				-3.05688  
				10.5601  
			F  
				-1.53404  
				3.11083  
				7.82143  
				11.6548  
			F  
				-  
					7.44164  
					X  
				-  
					0.979974  
					6.49757  
				*  
					-3.39288  
					14.3625  
				F  
					11.4421  
					6.6972  
					X  
					X  
			-  
				-2.98843  
				3.89237  
		F  
			*  
				-3.05688  
				10.5601  
			F  
				-1.53404  
				3.11083  
				X  
				11.6548  
			F  
				+  
					7.44164  
					X  
				-  
					0.979974  
					9.26249  
				*  
					-3.39288  
					14.3625  
				F  
					11.7732  
					6.6972  
					X  
					X  
			/  
				2.3556  
				3.89237  
	F  
		-0.022537  
		-2.53813  
		11.0911  
		11.9908  

popu[45]:  Size: 75 Fitness: 85.0635
F  
	*  
		-2.61677  
		14.1224  
	F  
		11.4421  
		6.6972  
		X  
		X  
	F  
		*  
			13.1817  
			5.34276  
		-  
			4.39579  
			11.6991  
		F  
			-4.20651  
			11.267  
			3.78438  
			-3.77995  
		F  
			*  
				-3.05688  
				10.5601  
			F  
				0.842324  
				3.11083  
				X  
				11.6548  
			F  
				+  
					7.44164  
					X  
				-  
					0.979974  
					9.26249  
				*  
					-3.39288  
					14.3625  
				F  
					+  
						-0.25331  
						-2.97157  
					-  
						0.979974  
						9.26249  
					-  
						7.83547  
						14.3625  
					F  
						-4.22902  
						13.5084  
						X  
						X  
			F  
				*  
					10.7842  
					10.5601  
				F  
					-1.53404  
					3.11083  
					7.82143  
					-3.44317  
				*  
					-4.71902  
					-4.58827  
				/  
					-2.98843  
					14.1355  
	F  
		5.93167  
		-2.53813  
		11.0911  
		11.9908  

popu[46]:  Size: 75 Fitness: 87.2478
F  
	*  
		-2.61677  
		14.1224  
	F  
		-3.12731  
		6.6972  
		X  
		X  
	F  
		-  
			13.1817  
			-3.79421  
		/  
			4.39579  
			8.87101  
		F  
			/  
				6.19638  
				8.87101  
			F  
				-4.20651  
				11.267  
				7.55375  
				-3.77995  
			F  
				+  
		^C			7.44164  

[jenny@jenny-G50VT][~/docu/572/p]% 

popu[84]:  Size: 63 Fitness: 72.2291
+  
	S  
		11.2234  
	F  
		C  
			11.2234  
		+  
			12.3593  
			X  
		F  
			*  
				-0.487823  
				-2.58302  
			P  
				8.74614  
			F  
				X  
				1.99988  
				-0.84327  
				X  
			+  
				12.3593  
				X  
		+  
			F  
				-  
					*  
						0.927398  
						X  
					F  
						X  
						7.47387  
						2.11401  
						7.37676  
				F  
					13.7326  
					13.2637  
					X  
					X  
				F  
					X  
					2.0103  
					X  
					10.7074  
				+  
					1.95101  
					13.5561  
			F  
				+  
					P  
						7.70771  
					-  
						6.24231  
						X  
				*  
					-2.87353  
					X  
				-  
					6.24231  
					-1.36981  
				+  
					-4.82532  
					X  

