20	2075.30444	10625.38867
30	2075.30444	9713.43652
40	1756.31250	8355.59082
50	541.34460	6567.35010
60	541.34460	4774.12500
tmp: 0.15404
118.15279 118.15279 118.15279 118.15279 118.15279  118.15279 118.15279 -227.13567 -227.13567 -227.13567  
-227.13567 -227.13567 -227.13567 110.83289 -207.44205  -207.44205 -207.44205 -207.44205 -207.44205 -207.44205  
-207.44205 -207.44205 -207.44205 -207.44205 -207.44205  -207.44205 -207.44205 -207.44205 461.83124 461.83124  
: 8480.76562

-421.17001 -421.17001 -421.17001 -1.06226 -1.06226  -1.06226 -1.06226 110.83289 110.83289 110.83289  
110.83289 110.83289 -227.13567 -227.13567 -227.13567  -227.13567 -227.13567 -421.17001 -421.17001 -421.17001  
-421.17001 -190.65831 -190.65831 -190.65831 -190.65831  199.09216 199.09216 199.09216 199.09216 199.09216  
: 8736.37988

-1.06226 -1.06226 -1.06226 -1.06226 -421.17001  -421.17001 -227.13567 -227.13567 -227.13567 -227.13567  
110.83289 110.83289 110.83289 110.83289 110.83289  -227.13567 -227.13567 -227.13567 -227.13567 -227.13567  
-227.13567 -227.13567 -190.65831 -190.65831 -190.65831  -190.65831 -190.65831 -190.65831 -190.65831 511.71405  
: 8182.95117

-421.17001 -421.17001 -421.17001 -421.17001 -421.17001  -421.17001 -421.17001 -421.17001 -421.17001 -421.17001  
-421.17001 -421.17001 -421.17001 -421.17001 -441.81998  -441.81998 -441.81998 -441.81998 -441.81998 -441.81998  
-441.81998 -441.81998 -441.81998 -441.81998 -441.81998  -441.81998 -441.81998 -441.81998 -441.81998 -441.81998  
: 866.05920

-1.06226 -421.17001 -421.17001 -421.17001 -421.17001  -421.17001 -421.17001 -207.44205 -207.44205 -207.44205  
-207.44205 -207.44205 -207.44205 -207.44205 -207.44205  -207.44205 -207.44205 -207.44205 -207.44205 -207.44205  
-207.44205 -421.17001 -421.17001 -421.17001 -421.17001  -421.17001 -421.17001 -421.17001 -421.17001 -421.17001  
: 3481.61865

-426.81613 -426.81613 -426.81613 -426.81613 -174.87093  -174.87093 -207.44205 -207.44205 -207.44205 -207.44205  
-207.44205 -207.44205 -207.44205 -207.44205 -207.44205  -207.44205 -207.44205 -421.17001 -421.17001 -421.17001  
-421.17001 -421.17001 -381.73593 -381.73593 -381.73593  -381.73593 -381.73593 70.88025 70.88025 70.88025  
: 5367.22998

-426.81613 -426.81613 -426.81613 -426.81613 -426.81613  -426.81613 -426.81613 -426.81613 -426.81613 -426.81613  
-426.81613 -441.81998 -441.81998 -441.81998 -441.81998  -441.81998 -441.81998 -441.81998 -441.81998 -441.81998  
-441.81998 -441.81998 -441.81998 -441.81998 -441.81998  -381.73593 -381.73593 -381.73593 -381.73593 -381.73593  
: 1687.39062

-320.70544 -320.70544 -320.70544 -174.87093 -174.87093  -174.87093 -174.87093 -227.13567 -227.13567 -227.13567  
-227.13567 -227.13567 -227.13567 -227.13567 -227.13567  -409.09314 -409.09314 -409.09314 -409.09314 -409.09314  
-421.17001 -421.17001 -421.17001 -421.17001 -421.17001  -421.17001 -421.17001 461.83124 461.83124 461.83124  
: 7564.51514

-441.81998 -441.81998 -441.81998 -455.23987 -455.23987  -227.13567 -227.13567 -227.13567 -227.13567 -227.13567  
-227.13567 -227.13567 -409.09314 -409.09314 -409.09314  -421.17001 -421.17001 -421.17001 -421.17001 -421.17001  
-190.65831 -190.65831 -190.65831 -190.65831 -190.65831  199.09216 -320.70544 -320.70544 -320.70544 -320.70544  
: 7009.62402

-421.17001 -426.81613 -426.81613 -426.81613 -174.87093  -174.87093 -174.87093 -174.87093 -174.87093 -174.87093  
-174.87093 -174.87093 -174.87093 -174.87093 -174.87093  -174.87093 -409.09314 -409.09314 -421.17001 -421.17001  
-421.17001 -421.17001 -381.73593 -381.73593 -381.73593  -381.73593 -381.73593 -381.73593 70.88025 70.88025  
: 5809.77930

-421.17001 -421.17001 -421.17001 -421.17001 -421.17001  -421.17001 -421.17001 -421.17001 -421.17001 -421.17001  
-421.17001 -421.17001 -421.17001 -421.17001 -421.17001  -421.17001 -421.17001 -421.17001 304.87616 304.87616  
304.87616 304.87616 -421.17001 -421.17001 -421.17001  -421.17001 -421.17001 -421.17001 -421.17001 -421.17001  
: 476.68976

-421.17001 -421.17001 -421.17001 -421.17001 -421.17001  304.87616 304.87616 304.87616 304.87616 304.87616  
304.87616 304.87616 304.87616 304.87616 304.87616  304.87616 304.87616 304.87616 304.87616 304.87616  
-421.17001 -421.17001 -421.17001 -421.17001 -421.17001  -421.17001 -421.17001 -421.17001 -421.17001 -421.17001  
: 1787.16296

-426.81613 -426.81613 -426.81613 -426.81613 -174.87093  -174.87093 -207.44205 -207.44205 -207.44205 -207.44205  
-207.44205 -207.44205 -207.44205 -207.44205 -207.44205  -207.44205 -207.44205 -421.17001 -421.17001 -421.17001  
-421.17001 -421.17001 -381.73593 -381.73593 -381.73593  -381.73593 -381.73593 70.88025 70.88025 70.88025  
: 5367.22998

-320.70544 -320.70544 -320.70544 -320.70544 331.20120  331.20120 331.20120 331.20120 331.20120 -207.44205  
-207.44205 -207.44205 -404.06540 -404.06540 -404.06540  -404.06540 -404.06540 -404.06540 -421.17001 -421.17001  
-421.17001 107.58027 107.58027 107.58027 107.58027  107.58027 107.58027 -182.26691 -186.42305 -186.42305  
: 7443.17578

457.36600 457.36600 457.36600 457.36600 -207.44205  -207.44205 -208.38387 -208.38387 -208.38387 -208.38387  
-208.38387 463.21725 -404.06540 -404.06540 -404.06540  -404.06540 305.94882 305.94882 305.94882 305.94882  
305.94882 305.94882 305.94882 305.94882 305.94882  305.94882 28.21067 175.16994 -212.58652 -212.58652  
: 7598.97412

-1.06226 -1.06226 -1.06226 -1.06226 -1.06226  -1.06226 -1.06226 -1.06226 -1.06226 -1.06226  
-1.06226 -1.06226 -1.06226 -1.06226 -1.06226  -1.06226 -1.06226 -1.06226 -421.17001 -421.17001  
-421.17001 -421.17001 -421.17001 -421.17001 -421.17001  -421.17001 -421.17001 -421.17001 -421.17001 -421.17001  
: 7525.35693

-426.81613 -426.81613 -426.81613 -426.81613 -174.87093  -174.87093 -207.44205 -207.44205 -207.44205 -207.44205  
-207.44205 -207.44205 -207.44205 -176.54526 -176.54526  -176.54526 -176.54526 -383.41177 -383.41177 -381.73593  
-381.73593 -381.73593 -381.73593 -381.73593 -381.73593  70.88025 70.88025 70.88025 70.88025 70.88025  
: 7161.81152

-1.06226 -1.06226 -1.06226 -1.06226 -1.06226  -421.17001 -421.17001 -421.17001 -421.17001 -421.17001  
-441.81998 -441.81998 -441.81998 -441.81998 -441.81998  -441.81998 -441.81998 304.87616 304.87616 -421.17001  
-421.17001 -421.17001 -421.17001 -421.17001 -421.17001  -421.17001 -421.17001 -421.17001 -421.17001 -421.17001  
: 2707.58960

-1.06226 -1.06226 -1.06226 -1.06226 -1.06226  -1.06226 -1.06226 -421.17001 -421.17001 -421.17001  
-227.13567 -227.13567 -227.13567 -227.13567 -227.13567  -227.13567 -227.13567 -409.09314 -409.09314 -409.09314  
-421.17001 -421.17001 -421.17001 -421.17001 -421.17001  -421.17001 -421.17001 -421.17001 -421.17001 -421.17001  
: 4966.60889

-421.17001 -421.17001 -421.17001 -421.17001 -421.17001  -421.17001 -227.13567 -227.13567 -227.13567 -227.13567  
-227.13567 -227.13567 -227.13567 -227.13567 -409.09314  -409.09314 -409.09314 -421.17001 -421.17001 -421.17001  
-421.17001 -421.17001 -421.17001 -421.17001 -421.17001  -421.17001 -421.17001 511.71405 511.71405 511.71405  
: 2676.60547

304.87616 304.87616 304.87616 304.87616 304.87616  304.87616 304.87616 304.87616 -421.17001 -421.17001  
-421.17001 -421.17001 -421.17001 -421.17001 -421.17001  -441.81998 -441.81998 -441.81998 -441.81998 -441.81998  
-441.81998 -441.81998 -441.81998 -441.81998 -441.81998  -421.17001 -421.17001 -421.17001 -421.17001 -421.17001  
: 1494.41675

-1.06226 -1.06226 -1.06226 -1.06226 -1.06226  -1.06226 -1.06226 -1.06226 -227.13567 304.87616  
304.87616 304.87616 -404.06540 -404.06540 -404.06540  -404.06540 -404.06540 -404.06540 -404.06540 -404.06540  
-2.93496 -2.93496 -2.93496 -2.93496 -421.17001  -421.17001 -421.17001 -421.17001 -421.17001 -421.17001  
: 5932.62646

-421.17001 -421.17001 -421.17001 -421.17001 -421.17001  -421.17001 -421.17001 -421.17001 -421.17001 -421.17001  
-421.17001 -421.17001 -421.17001 -421.17001 -227.13567  -441.81998 -441.81998 -441.81998 -441.81998 -441.81998  
-441.81998 -441.81998 -441.81998 -441.81998 -441.81998  -421.17001 -421.17001 -421.17001 -421.17001 -421.17001  
: 825.23578

70.88025 -421.17001 -421.17001 -421.17001 -421.17001  -421.17001 -174.87093 304.87616 304.87616 304.87616  
304.87616 304.87616 304.87616 304.87616 304.87616  304.87616 304.87616 304.87616 304.87616 304.87616  
304.87616 304.87616 304.87616 304.87616 -190.65831  199.09216 199.09216 199.09216 199.09216 199.09216  
: 6144.92090

-421.17001 -421.17001 -421.17001 -421.17001 -421.17001  -441.81998 -441.81998 -441.81998 -441.81998 -441.81998  
-441.81998 -441.81998 -441.81998 -441.81998 -441.81998  -421.17001 -421.17001 -421.17001 -421.17001 -421.17001  
-421.17001 -421.17001 -421.17001 -421.17001 -421.17001  -421.17001 -421.17001 -421.17001 -421.17001 -421.17001  
: 541.34460

-1.06226 304.87616 304.87616 304.87616 304.87616  304.87616 304.87616 304.87616 304.87616 304.87616  
304.87616 304.87616 304.87616 304.87616 -421.17001  -421.17001 -421.17001 -421.17001 -421.17001 -421.17001  
-421.17001 -421.17001 -421.17001 -421.17001 -441.81998  -441.81998 -421.17001 -421.17001 -421.17001 -421.17001  
: 2075.19995

-1.06226 304.87616 304.87616 304.87616 304.87616  -421.17001 -421.17001 -421.17001 -421.17001 -441.81998  
-441.81998 -441.81998 -441.81998 -441.81998 -441.81998  -441.81998 -441.81998 -441.81998 -441.81998 -441.81998  
-441.81998 -421.17001 -421.17001 -421.17001 -421.17001  -421.17001 -421.17001 -421.17001 -421.17001 -421.17001  
: 1544.18579

-387.26648 -387.26648 331.23550 -423.25351 -423.25351  264.66324 264.66324 -360.55655 -360.55655 -19.99698  
-19.99698 -19.99698 -19.99698 -19.99698 -19.99698  -461.08505 -461.08505 -461.08505 -461.08505 -461.08505  
-461.08505 -461.08505 -461.08505 -461.08505 -461.08505  25.23741 25.23741 314.30975 314.30975 -433.94330  
: 7400.57812

-426.81613 -426.81613 -426.81613 -426.81613 -174.87093  -174.87093 -207.44205 -207.44205 -207.44205 -207.44205  
-207.44205 -207.44205 -207.44205 -207.44205 -207.44205  -207.44205 -207.44205 -207.44205 -207.44205 -207.44205  
-207.44205 -207.44205 -381.73593 -381.73593 118.15279  118.15279 118.15279 118.15279 118.15279 70.88025  
: 6483.12695

70.88025 -421.17001 -421.17001 -421.17001 -421.17001  -421.17001 -174.87093 304.87616 304.87616 304.87616  
304.87616 304.87616 304.87616 304.87616 304.87616  304.87616 304.87616 304.87616 304.87616 304.87616  
304.87616 304.87616 304.87616 304.87616 -190.65831  199.09216 199.09216 199.09216 199.09216 199.09216  
: 6144.92090

-1.06226 -426.81613 -426.81613 -426.81613 -426.81613  -1.06226 -1.06226 110.83289 110.83289 110.83289  
110.83289 110.83289 110.83289 -227.13567 -227.13567  -227.13567 -227.13567 -227.13567 -421.17001 -421.17001  
-421.17001 -421.17001 -461.08505 -461.08505 -461.08505  -461.08505 25.23741 25.23741 70.88025 70.88025  
: 7121.26123

-421.17001 -421.17001 -421.17001 -421.17001 -421.17001  304.87616 304.87616 304.87616 304.87616 304.87616  
-421.17001 -421.17001 -421.17001 -421.17001 -421.17001  -421.17001 -421.17001 -421.17001 -421.17001 -421.17001  
-421.17001 -421.17001 -421.17001 -421.17001 -421.17001  -421.17001 -421.17001 -421.17001 -421.17001 -421.17001  
: 595.82367

-421.17001 -421.17001 -1.06226 -1.06226 -1.06226  -1.06226 -1.06226 -1.06226 304.87616 304.87616  
-227.13567 -227.13567 -227.13567 -227.13567 -227.13567  -227.13567 -227.13567 -227.13567 -421.17001 -421.17001  
-421.17001 -421.17001 -421.17001 -421.17001 -421.17001  107.58027 107.58027 107.58027 107.58027 -182.26691  
: 6616.91406

-421.17001 -421.17001 -421.17001 -421.17001 -421.17001  -421.17001 -421.17001 -421.17001 -227.13567 -227.13567  
-227.13567 -227.13567 -227.13567 -227.13567 -227.13567  -409.09314 -409.09314 -409.09314 -409.09314 -409.09314  
-421.17001 -421.17001 -421.17001 -421.17001 -421.17001  -421.17001 -421.17001 -421.17001 -421.17001 -421.17001  
: 2075.30444

-421.17001 -421.17001 -421.17001 -421.17001 -421.17001  -421.17001 -421.17001 -1.06226 -1.06226 -1.06226  
-1.06226 -1.06226 -227.13567 -227.13567 -227.13567  -227.13567 -227.13567 -421.17001 -421.17001 -421.17001  
-421.17001 -421.17001 -421.17001 -421.17001 -421.17001  -421.17001 -421.17001 -421.17001 -421.17001 -421.17001  
: 3509.94312

-1.06226 -1.06226 -1.06226 -1.06226 -1.06226  -1.06226 -1.06226 -1.06226 -1.06226 -1.06226  
-1.06226 -1.06226 -227.13567 -227.13567 -227.13567  -227.13567 -409.09314 -409.09314 -409.09314 304.87616  
304.87616 304.87616 304.87616 304.87616 304.87616  304.87616 304.87616 304.87616 304.87616 304.87616  
: 7515.74023

-190.65831 -1.06226 -1.06226 -1.06226 -1.06226  -1.06226 -1.06226 -227.13567 -227.13567 -227.13567  
-227.13567 -227.13567 -409.09314 -409.09314 -409.09314  -409.09314 -409.09314 -409.09314 -409.09314 -409.09314  
-190.65831 -190.65831 -190.65831 -190.65831 -190.65831  -190.65831 -190.65831 -320.70544 -320.70544 -320.70544  
: 8011.79980

-1.06226 -421.17001 -421.17001 -421.17001 -421.17001  -441.81998 -441.81998 -441.81998 -441.81998 -441.81998  
-441.81998 -441.81998 -441.81998 -441.81998 -441.81998  -421.17001 -421.17001 -421.17001 -421.17001 -421.17001  
-421.17001 -421.17001 -421.17001 -421.17001 -421.17001  -421.17001 -421.17001 -421.17001 -421.17001 -421.17001  
: 959.41138

-421.17001 -421.17001 -421.17001 -1.06226 -1.06226  -1.06226 -1.06226 110.83289 110.83289 110.83289  
110.83289 110.83289 -227.13567 -227.13567 -227.13567  -227.13567 -227.13567 -421.17001 -421.17001 -421.17001  
-421.17001 -190.65831 -190.65831 -190.65831 -190.65831  199.09216 199.09216 199.09216 199.09216 199.09216  
: 8736.37988

-421.17001 -421.17001 -421.17001 -421.17001 -421.17001  -421.17001 -421.17001 -421.17001 -421.17001 -441.81998  
-441.81998 -441.81998 -441.81998 -441.81998 -441.81998  -441.81998 -441.81998 -441.81998 -441.81998 -441.81998  
-441.81998 -441.81998 -441.81998 -421.17001 -421.17001  -421.17001 -190.65831 -190.65831 -190.65831 -190.65831  
: 1712.06604

-320.70544 -1.06226 -1.06226 -1.06226 -1.06226  -227.13567 -227.13567 -227.13567 -227.13567 -227.13567  
-227.13567 -227.13567 -227.13567 -227.13567 -409.09314  -409.09314 -409.09314 -421.17001 -421.17001 -421.17001  
-421.17001 -421.17001 -421.17001 -421.17001 -421.17001  -421.17001 -421.17001 -421.17001 -421.17001 -320.70544  
: 5636.61670

-1.06226 -1.06226 -1.06226 -426.81613 -426.81613  -426.81613 -426.81613 -426.81613 -207.44205 -207.44205  
-207.44205 -207.44205 -227.13567 -227.13567 -227.13567  -227.13567 -409.09314 -421.17001 -421.17001 -421.17001  
-421.17001 -421.17001 -421.17001 -421.17001 -421.17001  -421.17001 -421.17001 -421.17001 -421.17001 -421.17001  
: 3304.31567

511.71405 511.71405 511.71405 -1.06226 -1.06226  -1.06226 -1.06226 -1.06226 -1.06226 -1.06226  
-1.06226 -1.06226 -1.06226 -1.06226 -409.09314  -409.09314 -409.09314 -409.09314 -421.17001 -421.17001  
-421.17001 -421.17001 -421.17001 -421.17001 -421.17001  -421.17001 -421.17001 -421.17001 -421.17001 199.09216  
: 5639.79346

-421.17001 -421.17001 -421.17001 -421.17001 -421.17001  -421.17001 -174.87093 -174.87093 -174.87093 -174.87093  
-174.87093 -174.87093 -174.87093 110.83289 110.83289  110.83289 110.83289 110.83289 -421.17001 -421.17001  
-421.17001 -421.17001 -421.17001 -421.17001 -421.17001  -421.17001 -421.17001 -421.17001 199.09216 199.09216  
: 5021.16602

-1.06226 -1.06226 -1.06226 -1.06226 -1.06226  -1.06226 -1.06226 -1.06226 -207.44205 -207.44205  
-207.44205 -207.44205 -207.44205 -207.44205 -207.44205  -207.44205 -207.44205 -207.44205 -207.44205 -207.44205  
-421.17001 -421.17001 -421.17001 -421.17001 -421.17001  -421.17001 -421.17001 -421.17001 -421.17001 -421.17001  
: 5970.46045

-1.06226 -1.06226 -441.81998 -455.23987 -455.23987  -227.13567 -227.13567 -227.13567 -227.13567 -227.13567  
-227.13567 -227.13567 -409.09314 -409.09314 -409.09314  -409.09314 -421.17001 -421.17001 -421.17001 -421.17001  
-190.65831 -190.65831 -190.65831 -190.65831 -190.65831  -190.65831 -190.65831 -190.65831 -320.70544 -320.70544  
: 6496.36426

-1.06226 -1.06226 -1.06226 -1.06226 -1.06226  -1.06226 110.83289 110.83289 110.83289 110.83289  
-227.13567 -227.13567 -227.13567 -227.13567 -409.09314  -409.09314 -409.09314 -421.17001 -421.17001 -421.17001  
-421.17001 -421.17001 -421.17001 -421.17001 -421.17001  -421.17001 -421.17001 -421.17001 -421.17001 -421.17001  
: 4977.09033

-421.17001 -421.17001 -421.17001 304.87616 304.87616  -421.17001 -421.17001 -421.17001 -421.17001 -421.17001  
-421.17001 -421.17001 -421.17001 -421.17001 -227.13567  -227.13567 -227.13567 -227.13567 -227.13567 -227.13567  
-227.13567 -227.13567 -441.81998 -441.81998 -441.81998  -441.81998 -441.81998 -441.81998 -441.81998 -421.17001  
: 2888.38452

-1.06226 -1.06226 -1.06226 -1.06226 -1.06226  -1.06226 -1.06226 -1.06226 -227.13567 -227.13567  
304.87616 304.87616 304.87616 -404.06540 -404.06540  -404.06540 -404.06540 -404.06540 -404.06540 -404.06540  
-404.06540 277.42023 277.42023 277.42023 118.15279  118.15279 118.15279 118.15279 118.15279 118.15279  
: 6943.71533

-1.06226 -1.06226 -1.06226 -1.06226 -1.06226  304.87616 304.87616 304.87616 304.87616 -441.81998  
-441.81998 -421.17001 -421.17001 -421.17001 -421.17001  -421.17001 -421.17001 -421.17001 -421.17001 -421.17001  
-421.17001 -421.17001 -421.17001 -421.17001 -421.17001  -421.17001 -421.17001 -421.17001 -421.17001 -421.17001  
: 2675.26196

-1.06226 -1.06226 -1.06226 -426.81613 -426.81613  -426.81613 -426.81613 -426.81613 -207.44205 -207.44205  
-207.44205 -207.44205 -207.44205 -207.44205 -207.44205  -409.09314 -409.09314 -409.09314 -409.09314 -409.09314  
-421.17001 -421.17001 -421.17001 -421.17001 -421.17001  -421.17001 -421.17001 -421.17001 -421.17001 -421.17001  
: 2895.52393

-421.17001 -421.17001 -421.17001 -421.17001 -421.17001  -421.17001 -421.17001 -227.13567 -227.13567 -227.13567  
-227.13567 -441.81998 -441.81998 -441.81998 -441.81998  -441.81998 -441.81998 -441.81998 -441.81998 -441.81998  
-441.81998 -441.81998 -441.81998 -441.81998 -421.17001  -421.17001 -421.17001 -421.17001 -421.17001 -421.17001  
: 1839.26685

-1.06226 -1.06226 -1.06226 -1.06226 -421.17001  -421.17001 -421.17001 -421.17001 -441.81998 -441.81998  
-227.13567 -227.13567 -227.13567 -227.13567 -227.13567  -409.09314 -409.09314 -409.09314 -421.17001 -421.17001  
-421.17001 -421.17001 -421.17001 -421.17001 -421.17001  -421.17001 -421.17001 511.71405 511.71405 511.71405  
: 3605.43750

-1.06226 -1.06226 -421.17001 -421.17001 -421.17001  -441.81998 -441.81998 -441.81998 -441.81998 -441.81998  
-441.81998 -441.81998 -441.81998 -441.81998 -441.81998  -441.81998 -441.81998 -441.81998 -441.81998 -421.17001  
-421.17001 -421.17001 -421.17001 -421.17001 -421.17001  -421.17001 -421.17001 -421.17001 -421.17001 -421.17001  
: 1593.95508

-1.06226 -1.06226 -1.06226 -1.06226 -1.06226  -1.06226 110.83289 110.83289 110.83289 110.83289  
-227.13567 -227.13567 -227.13567 -227.13567 -227.13567  -227.13567 -227.13567 -227.13567 -227.13567 -227.13567  
-227.13567 -421.17001 -421.17001 -421.17001 -421.17001  -421.17001 -421.17001 -421.17001 -421.17001 -421.17001  
: 6911.57715

-421.17001 -421.17001 -1.06226 -1.06226 -1.06226  -1.06226 -1.06226 110.83289 110.83289 110.83289  
110.83289 110.83289 110.83289 110.83289 110.83289  110.83289 -409.09314 -409.09314 -421.17001 -421.17001  
-421.17001 -421.17001 -421.17001 -421.17001 -421.17001  -421.17001 -421.17001 -421.17001 -421.17001 -421.17001  
: 5006.15332

-421.17001 -421.17001 -421.17001 -421.17001 260.43979  260.43979 -227.77643 -227.77643 -227.77643 -227.77643  
-227.77643 487.09897 -176.54526 -312.91333 -150.77100  -150.77100 -150.77100 -150.77100 -150.77100 -150.77100  
-153.90097 -153.90097 -421.17001 -421.17001 -421.17001  478.96115 -180.94418 -444.43442 31.26165 31.26165  
: 8719.26270

-421.17001 -421.17001 -421.17001 -421.17001 -421.17001  -421.17001 -421.17001 -421.17001 -421.17001 -421.17001  
-421.17001 -421.17001 -421.17001 -227.13567 -227.13567  -227.13567 -409.09314 -409.09314 -409.09314 -409.09314  
-409.09314 -421.17001 -421.17001 -421.17001 -421.17001  -421.17001 -421.17001 -421.17001 -421.17001 -421.17001  
: 939.74030

-421.17001 -421.17001 -421.17001 -1.06226 -1.06226  -1.06226 -1.06226 110.83289 110.83289 110.83289  
110.83289 110.83289 -227.13567 -227.13567 -227.13567  -227.13567 -227.13567 -421.17001 -421.17001 -421.17001  
-421.17001 -190.65831 -190.65831 -190.65831 -190.65831  199.09216 199.09216 199.09216 199.09216 199.09216  
: 8736.37988

-421.17001 -421.17001 -421.17001 -421.17001 -421.17001  -421.17001 -421.17001 -421.17001 -421.17001 -421.17001  
-421.17001 -421.17001 -421.17001 -441.81998 -441.81998  -441.81998 -441.81998 -441.81998 -441.81998 -441.81998  
-441.81998 -441.81998 -441.81998 -421.17001 -421.17001  -421.17001 -421.17001 -421.17001 -421.17001 -421.17001  
: 541.34473

-1.06226 -1.06226 -1.06226 -1.06226 -1.06226  -1.06226 -1.06226 -1.06226 -1.06226 -1.06226  
-227.13567 -227.13567 -207.44205 -207.44205 -207.44205  -207.44205 -409.09314 -409.09314 -409.09314 -409.09314  
-409.09314 -409.09314 -421.17001 -421.17001 -421.17001  -421.17001 -421.17001 -421.17001 -421.17001 -421.17001  
: 5729.35791

-421.17001 -421.17001 -421.17001 -421.17001 -421.17001  -421.17001 -421.17001 -421.17001 -421.17001 -421.17001  
-421.17001 -421.17001 -421.17001 -421.17001 -421.17001  -421.17001 -421.17001 -421.17001 -421.17001 304.87616  
304.87616 304.87616 304.87616 -421.17001 -421.17001  -421.17001 -421.17001 -421.17001 -421.17001 -421.17001  
: 476.68982

-421.17001 -421.17001 -421.17001 -421.17001 -421.17001  -421.17001 -421.17001 -421.17001 -421.17001 -421.17001  
-441.81998 -441.81998 -441.81998 -441.81998 -441.81998  -441.81998 304.87616 304.87616 304.87616 -421.17001  
-421.17001 -421.17001 -421.17001 -421.17001 -421.17001  -421.17001 -421.17001 -421.17001 -421.17001 -421.17001  
: 682.27026

-1.06226 -1.06226 -441.81998 -441.81998 -441.81998  -441.81998 -441.81998 -441.81998 -441.81998 -441.81998  
-441.81998 -441.81998 -441.81998 -441.81998 -441.81998  -441.81998 -441.81998 -441.81998 -441.81998 -421.17001  
-421.17001 -421.17001 -421.17001 -421.17001 -421.17001  -421.17001 -421.17001 -421.17001 -421.17001 -421.17001  
: 1756.31250

70.88025 -426.81613 -174.87093 -174.87093 -174.87093  -174.87093 -174.87093 304.87616 304.87616 304.87616  
304.87616 304.87616 304.87616 304.87616 304.87616  -461.08505 -461.08505 -461.08505 -461.08505 -461.08505  
-461.08505 -461.08505 -461.08505 -461.08505 -461.08505  -461.08505 25.23741 70.88025 70.88025 70.88025  
: 6924.66846

-441.81998 -441.81998 -441.81998 -455.23987 -455.23987  -227.13567 -227.13567 -227.13567 -227.13567 -227.13567  
-227.13567 -227.13567 -409.09314 -409.09314 -409.09314  -421.17001 -421.17001 -421.17001 -421.17001 -421.17001  
-190.65831 -190.65831 -190.65831 -190.65831 -190.65831  199.09216 -320.70544 -320.70544 -320.70544 -320.70544  
: 7009.62402

-421.17001 -421.17001 -421.17001 -421.17001 -421.17001  -421.17001 -421.17001 -421.17001 -421.17001 -421.17001  
-421.17001 -421.17001 -421.17001 -421.17001 -421.17001  -421.17001 -421.17001 -421.17001 -421.17001 -421.17001  
-421.17001 -421.17001 -421.17001 -421.17001 -421.17001  -421.17001 -421.17001 -421.17001 -421.17001 -421.17001  
: 0.15404

-1.06226 -1.06226 -1.06226 -1.06226 -421.17001  -421.17001 -174.87093 -174.87093 304.87616 304.87616  
304.87616 304.87616 304.87616 304.87616 304.87616  304.87616 304.87616 304.87616 304.87616 304.87616  
304.87616 304.87616 304.87616 304.87616 304.87616  -421.17001 -421.17001 -421.17001 -421.17001 -421.17001  
: 4321.91309

-1.06226 304.87616 304.87616 304.87616 304.87616  304.87616 304.87616 304.87616 304.87616 304.87616  
-421.17001 -421.17001 -421.17001 -421.17001 -421.17001  -421.17001 -421.17001 -421.17001 -421.17001 -421.17001  
-421.17001 -421.17001 -421.17001 -421.17001 -421.17001  -421.17001 -421.17001 -421.17001 -421.17001 -421.17001  
: 1490.42603

-1.06226 -1.06226 -1.06226 -1.06226 -1.06226  -1.06226 -1.06226 -1.06226 -1.06226 -1.06226  
-227.13567 -227.13567 -227.13567 -227.13567 -227.13567  -227.13567 -227.13567 110.83289 110.83289 110.83289  
110.83289 -404.06540 -404.06540 -404.06540 -404.06540  -404.06540 -404.06540 -404.06540 -404.06540 -421.17001  
: 7730.63232

-1.06226 -421.17001 -441.81998 -441.81998 -441.81998  -441.81998 -441.81998 -441.81998 -441.81998 -441.81998  
-441.81998 -441.81998 -441.81998 -441.81998 -441.81998  -441.81998 -441.81998 -441.81998 -421.17001 -421.17001  
-421.17001 -421.17001 -421.17001 -421.17001 -421.17001  -421.17001 -421.17001 -421.17001 -421.17001 -421.17001  
: 1284.12598

-190.65831 -190.65831 -421.17001 -421.17001 -421.17001  -421.17001 -174.87093 -174.87093 304.87616 304.87616  
304.87616 304.87616 304.87616 304.87616 304.87616  304.87616 304.87616 304.87616 304.87616 304.87616  
304.87616 304.87616 304.87616 304.87616 304.87616  304.87616 -190.65831 -190.65831 -190.65831 -190.65831  
: 4200.14551

-421.17001 -421.17001 -426.81613 -426.81613 -426.81613  -426.81613 -426.81613 -426.81613 -207.44205 -207.44205  
-207.44205 -207.44205 -207.44205 -207.44205 -207.44205  -207.44205 -207.44205 -207.44205 -207.44205 -207.44205  
-207.44205 -207.44205 -207.44205 -207.44205 -207.44205  118.15279 118.15279 118.15279 118.15279 118.15279  
: 5254.65479

-1.06226 -1.06226 -1.06226 -1.06226 -1.06226  -1.06226 -1.06226 304.87616 304.87616 304.87616  
304.87616 -207.44205 -404.06540 -404.06540 -404.06540  -404.06540 -2.93496 -2.93496 -2.93496 -2.93496  
-2.93496 -2.93496 107.58027 107.58027 107.58027  107.58027 107.58027 -182.26691 -182.26691 -182.26691  
: 8734.99902

-1.06226 -1.06226 -1.06226 -1.06226 -1.06226  -1.06226 -1.06226 -1.06226 -1.06226 -1.06226  
-1.06226 -1.06226 -1.06226 -1.06226 -1.06226  -409.09314 -409.09314 -409.09314 -409.09314 -421.17001  
-421.17001 -421.17001 -421.17001 -421.17001 -421.17001  -421.17001 -421.17001 -421.17001 -421.17001 -421.17001  
: 6341.48779

-421.17001 -421.17001 -421.17001 -421.17001 -421.17001  -441.81998 -441.81998 -441.81998 -441.81998 -441.81998  
-441.81998 -441.81998 -441.81998 -441.81998 -441.81998  -441.81998 -227.13567 -227.13567 -227.13567 -227.13567  
-227.13567 -227.13567 -227.13567 -227.13567 -421.17001  -421.17001 -421.17001 -421.17001 -421.17001 -421.17001  
: 2866.59253

-421.17001 -421.17001 304.87616 304.87616 -421.17001  -421.17001 -421.17001 -421.17001 -421.17001 -421.17001  
-421.17001 -421.17001 -421.17001 -421.17001 -421.17001  -441.81998 -441.81998 -441.81998 -441.81998 -441.81998  
-441.81998 -421.17001 -421.17001 -421.17001 -421.17001  -421.17001 -421.17001 -421.17001 -421.17001 -421.17001  
: 563.13635

-1.06226 -1.06226 -1.06226 -1.06226 -1.06226  -1.06226 -1.06226 -1.06226 -1.06226 -1.06226  
-1.06226 -227.13567 -227.13567 -227.13567 -227.13567  -227.13567 -409.09314 -409.09314 -409.09314 -409.09314  
-409.09314 -409.09314 -409.09314 -421.17001 -421.17001  -421.17001 -421.17001 -421.17001 -421.17001 -421.17001  
: 6141.42285

-1.06226 -1.06226 -1.06226 -421.17001 -421.17001  -421.17001 -421.17001 -421.17001 -421.17001 -421.17001  
-421.17001 -421.17001 -421.17001 -421.17001 -421.17001  -421.17001 -421.17001 -421.17001 -421.17001 -421.17001  
-421.17001 -421.17001 -421.17001 -421.17001 -421.17001  -421.17001 -421.17001 -421.17001 -421.17001 -421.17001  
: 1254.35400

304.87616 304.87616 304.87616 304.87616 304.87616  -421.17001 -421.17001 -421.17001 -421.17001 -421.17001  
-421.17001 -421.17001 -421.17001 -421.17001 -421.17001  -421.17001 304.87616 304.87616 -421.17001 -421.17001  
-421.17001 -421.17001 -421.17001 -421.17001 -421.17001  -421.17001 -421.17001 -421.17001 -421.17001 -421.17001  
: 834.09155

-1.06226 -1.06226 -441.81998 -441.81998 -441.81998  -441.81998 -441.81998 -227.13567 -227.13567 -227.13567  
-227.13567 -227.13567 -227.13567 -227.13567 -227.13567  -227.13567 -227.13567 -421.17001 -421.17001 -421.17001  
-190.65831 -190.65831 -190.65831 -190.65831 -190.65831  -190.65831 -190.65831 -190.65831 -190.65831 -190.65831  
: 6331.40674

-1.06226 -421.17001 -421.17001 -421.17001 -421.17001  -421.17001 -421.17001 -421.17001 -421.17001 -421.17001  
-421.17001 -421.17001 -421.17001 -441.81998 -441.81998  -441.81998 -441.81998 -441.81998 304.87616 304.87616  
304.87616 -421.17001 -421.17001 -421.17001 -421.17001  -421.17001 -421.17001 -421.17001 -421.17001 -421.17001  
: 1046.21790

-421.17001 -421.17001 -421.17001 -421.17001 -421.17001  -421.17001 -227.13567 -227.13567 -227.13567 -227.13567  
-227.13567 110.83289 110.83289 110.83289 110.83289  110.83289 110.83289 110.83289 -421.17001 -421.17001  
-421.17001 -421.17001 -421.17001 -421.17001 -421.17001  199.09216 199.09216 199.09216 199.09216 199.09216  
: 6749.97705

-1.06226 -421.17001 -441.81998 -441.81998 -441.81998  -441.81998 -441.81998 -441.81998 -441.81998 -441.81998  
-441.81998 -441.81998 -441.81998 -441.81998 -441.81998  -441.81998 -441.81998 -441.81998 -441.81998 -421.17001  
-421.17001 -421.17001 -421.17001 -421.17001 -421.17001  -421.17001 -421.17001 -421.17001 -421.17001 -421.17001  
: 1338.24512

-381.73593 -426.81613 -426.81613 -426.81613 -426.81613  -426.81613 -426.81613 -426.81613 -207.44205 -207.44205  
-207.44205 -207.44205 -207.44205 -207.44205 -207.44205  -207.44205 -207.44205 -207.44205 -207.44205 -421.17001  
-421.17001 -421.17001 -421.17001 -421.17001 -421.17001  -421.17001 -421.17001 -421.17001 -421.17001 -381.73593  
: 2790.14722

-1.06226 -1.06226 -1.06226 -1.06226 -1.06226  -1.06226 -1.06226 -426.81613 -207.44205 -207.44205  
-207.44205 -207.44205 -207.44205 -207.44205 -207.44205  -409.09314 -409.09314 -409.09314 -409.09314 -409.09314  
-409.09314 -421.17001 -421.17001 -421.17001 -421.17001  -421.17001 -421.17001 -421.17001 -421.17001 -421.17001  
: 4568.13086

-1.06226 -1.06226 -1.06226 -1.06226 -1.06226  -1.06226 -1.06226 -1.06226 -227.13567 -227.13567  
-227.13567 -227.13567 -227.13567 -227.13567 -227.13567  -227.13567 -409.09314 -421.17001 -421.17001 -421.17001  
-421.17001 -421.17001 -421.17001 -421.17001 -421.17001  -421.17001 -421.17001 -421.17001 -421.17001 -421.17001  
: 5633.40088

-421.17001 -421.17001 -421.17001 -421.17001 -421.17001  -421.17001 -421.17001 -421.17001 -421.17001 -441.81998  
-441.81998 -441.81998 -441.81998 -441.81998 -441.81998  -441.81998 -441.81998 -441.81998 -441.81998 -441.81998  
-441.81998 -421.17001 -421.17001 -421.17001 -421.17001  -421.17001 -421.17001 -421.17001 -421.17001 -421.17001  
: 649.58282

-1.06226 -1.06226 -1.06226 -1.06226 -421.17001  -421.17001 -421.17001 -421.17001 -441.81998 -441.81998  
-441.81998 -441.81998 -441.81998 -441.81998 -441.81998  -441.81998 -421.17001 -421.17001 -421.17001 -421.17001  
-421.17001 -421.17001 -421.17001 -421.17001 -421.17001  -421.17001 -421.17001 -421.17001 -421.17001 -421.17001  
: 2105.37378

-1.06226 -1.06226 -1.06226 -426.81613 -426.81613  -426.81613 -426.81613 -426.81613 -207.44205 -207.44205  
-207.44205 -207.44205 -207.44205 -207.44205 -207.44205  -207.44205 -207.44205 -207.44205 -207.44205 -207.44205  
-207.44205 -207.44205 -207.44205 -207.44205 -190.65831  -190.65831 -190.65831 -190.65831 -190.65831 -381.73593  
: 6146.17383

-320.70544 -320.70544 -1.06226 -1.06226 -1.06226  -227.13567 -227.13567 -227.13567 -227.13567 -227.13567  
-227.13567 -227.13567 -227.13567 -80.89826 -80.89826  -80.89826 -80.89826 -365.21100 -365.21100 -365.21100  
-365.21100 -421.17001 -421.17001 -421.17001 -421.17001  -421.17001 -421.17001 -421.17001 -421.17001 -421.17001  
: 7721.82959

-1.06226 -1.06226 -1.06226 -1.06226 -1.06226  -1.06226 -1.06226 -1.06226 -421.17001 -421.17001  
-421.17001 -421.17001 -421.17001 -207.44205 -207.44205  -207.44205 -207.44205 -421.17001 -421.17001 -421.17001  
-421.17001 -421.17001 -421.17001 -421.17001 -421.17001  -421.17001 -421.17001 -421.17001 -421.17001 -421.17001  
: 4219.94727

-421.17001 -421.17001 -421.17001 -421.17001 -421.17001  -421.17001 -421.17001 -421.17001 -421.17001 -421.17001  
-227.13567 -227.13567 -227.13567 -227.13567 -227.13567  -227.13567 -227.13567 -227.13567 -227.13567 -421.17001  
-421.17001 -421.17001 -421.17001 -421.17001 -421.17001  107.58027 107.58027 107.58027 107.58027 -182.26691  
: 4154.13574

-1.06226 -1.06226 -1.06226 -421.17001 -421.17001  -441.81998 -441.81998 -441.81998 -441.81998 -441.81998  
-441.81998 -441.81998 -441.81998 -441.81998 -441.81998  -441.81998 -441.81998 -441.81998 -441.81998 -421.17001  
-421.17001 -421.17001 -421.17001 -421.17001 -421.17001  -421.17001 -421.17001 -421.17001 -421.17001 -421.17001  
: 2012.02197

-421.17001 -421.17001 -421.17001 -421.17001 -421.17001  -421.17001 -421.17001 -421.17001 -441.81998 -441.81998  
-441.81998 -441.81998 -441.81998 -441.81998 -441.81998  -441.81998 -441.81998 -441.81998 -441.81998 -441.81998  
-441.81998 -421.17001 -421.17001 -421.17001 -421.17001  -421.17001 -421.17001 -421.17001 -421.17001 -421.17001  
: 703.70190

-320.70544 -320.70544 -1.06226 -1.06226 -1.06226  -1.06226 -1.06226 -227.13567 -227.13567 -227.13567  
-227.13567 -227.13567 -227.13567 -227.13567 -227.13567  -227.13567 -409.09314 -409.09314 -421.17001 -421.17001  
-421.17001 -421.17001 -421.17001 -421.17001 -421.17001  -421.17001 -421.17001 -421.17001 -421.17001 -421.17001  
: 6037.09961

-421.17001 -421.17001 -421.17001 -421.17001 -421.17001  -421.17001 -421.17001 -421.17001 -421.17001 -421.17001  
-441.81998 -441.81998 -441.81998 -441.81998 -441.81998  -441.81998 -441.81998 -441.81998 -441.81998 -441.81998  
-441.81998 -441.81998 -421.17001 -421.17001 -421.17001  -421.17001 -421.17001 -421.17001 -421.17001 -421.17001  
: 649.58282

-1.06226 -1.06226 -1.06226 -1.06226 -1.06226  -227.13567 -227.13567 -227.13567 -227.13567 -227.13567  
-227.13567 -227.13567 -227.13567 -227.13567 -227.13567  -227.13567 110.83289 110.83289 -404.06540 -404.06540  
-404.06540 -404.06540 -404.06540 -404.06540 -404.06540  -404.06540 -404.06540 -404.06540 -404.06540 -421.17001  
: 6241.63623

-421.17001 -1.06226 -1.06226 -1.06226 -441.81998  -441.81998 -441.81998 -441.81998 -441.81998 -441.81998  
-441.81998 -441.81998 -227.13567 -227.13567 -227.13567  -227.13567 -227.13567 -227.13567 -227.13567 -227.13567  
-227.13567 -421.17001 -421.17001 -421.17001 -421.17001  -421.17001 -421.17001 -421.17001 -421.17001 -421.17001  
: 4242.32910

-1.06226 -1.06226 -421.17001 -421.17001 -421.17001  -421.17001 -421.17001 -421.17001 -441.81998 -441.81998  
-441.81998 -441.81998 -441.81998 -441.81998 -441.81998  -441.81998 -441.81998 -409.09314 -409.09314 -409.09314  
-409.09314 -409.09314 -421.17001 -421.17001 -421.17001  -421.17001 -421.17001 -421.17001 -421.17001 -421.17001  
: 1411.27258



min index: 0
number of loops have conducted: 63
jenny@jenny-G50VT ~/docu/572/p $ 
