This is pdfTeX, Version 3.1415926-2.4-1.40.13 (TeX Live 2012/Debian) (format=pdflatex 2013.9.24)  17 FEB 2014 13:32
entering extended mode
 restricted \write18 enabled.
 %&-line parsing enabled.
**artPtr.tex
(./artPtr.tex
LaTeX2e <2011/06/27>
Babel <v3.8m> and hyphenation patterns for english, dumylang, nohyphenation, lo
aded.
(/usr/share/texlive/texmf-dist/tex/latex/base/article.cls
Document Class: article 2007/10/19 v1.4h Standard LaTeX document class
(/usr/share/texlive/texmf-dist/tex/latex/base/size10.clo
File: size10.clo 2007/10/19 v1.4h Standard LaTeX file (size option)
)
\c@part=\count79
\c@section=\count80
\c@subsection=\count81
\c@subsubsection=\count82
\c@paragraph=\count83
\c@subparagraph=\count84
\c@figure=\count85
\c@table=\count86
\abovecaptionskip=\skip41
\belowcaptionskip=\skip42
\bibindent=\dimen102
)
(/usr/share/texlive/texmf-dist/tex/latex/base/inputenc.sty
Package: inputenc 2008/03/30 v1.1d Input encoding file
\inpenc@prehook=\toks14
\inpenc@posthook=\toks15

(/usr/share/texlive/texmf-dist/tex/latex/base/utf8.def
File: utf8.def 2008/04/05 v1.1m UTF-8 support for inputenc
Now handling font encoding OML ...
... no UTF-8 mapping file for font encoding OML
Now handling font encoding T1 ...
... processing UTF-8 mapping file for font encoding T1

(/usr/share/texlive/texmf-dist/tex/latex/base/t1enc.dfu
File: t1enc.dfu 2008/04/05 v1.1m UTF-8 support for inputenc
   defining Unicode char U+00A1 (decimal 161)
   defining Unicode char U+00A3 (decimal 163)
   defining Unicode char U+00AB (decimal 171)
   defining Unicode char U+00BB (decimal 187)
   defining Unicode char U+00BF (decimal 191)
   defining Unicode char U+00C0 (decimal 192)
   defining Unicode char U+00C1 (decimal 193)
   defining Unicode char U+00C2 (decimal 194)
   defining Unicode char U+00C3 (decimal 195)
   defining Unicode char U+00C4 (decimal 196)
   defining Unicode char U+00C5 (decimal 197)
   defining Unicode char U+00C6 (decimal 198)
   defining Unicode char U+00C7 (decimal 199)
   defining Unicode char U+00C8 (decimal 200)
   defining Unicode char U+00C9 (decimal 201)
   defining Unicode char U+00CA (decimal 202)
   defining Unicode char U+00CB (decimal 203)
   defining Unicode char U+00CC (decimal 204)
   defining Unicode char U+00CD (decimal 205)
   defining Unicode char U+00CE (decimal 206)
   defining Unicode char U+00CF (decimal 207)
   defining Unicode char U+00D0 (decimal 208)
   defining Unicode char U+00D1 (decimal 209)
   defining Unicode char U+00D2 (decimal 210)
   defining Unicode char U+00D3 (decimal 211)
   defining Unicode char U+00D4 (decimal 212)
   defining Unicode char U+00D5 (decimal 213)
   defining Unicode char U+00D6 (decimal 214)
   defining Unicode char U+00D8 (decimal 216)
   defining Unicode char U+00D9 (decimal 217)
   defining Unicode char U+00DA (decimal 218)
   defining Unicode char U+00DB (decimal 219)
   defining Unicode char U+00DC (decimal 220)
   defining Unicode char U+00DD (decimal 221)
   defining Unicode char U+00DE (decimal 222)
   defining Unicode char U+00DF (decimal 223)
   defining Unicode char U+00E0 (decimal 224)
   defining Unicode char U+00E1 (decimal 225)
   defining Unicode char U+00E2 (decimal 226)
   defining Unicode char U+00E3 (decimal 227)
   defining Unicode char U+00E4 (decimal 228)
   defining Unicode char U+00E5 (decimal 229)
   defining Unicode char U+00E6 (decimal 230)
   defining Unicode char U+00E7 (decimal 231)
   defining Unicode char U+00E8 (decimal 232)
   defining Unicode char U+00E9 (decimal 233)
   defining Unicode char U+00EA (decimal 234)
   defining Unicode char U+00EB (decimal 235)
   defining Unicode char U+00EC (decimal 236)
   defining Unicode char U+00ED (decimal 237)
   defining Unicode char U+00EE (decimal 238)
   defining Unicode char U+00EF (decimal 239)
   defining Unicode char U+00F0 (decimal 240)
   defining Unicode char U+00F1 (decimal 241)
   defining Unicode char U+00F2 (decimal 242)
   defining Unicode char U+00F3 (decimal 243)
   defining Unicode char U+00F4 (decimal 244)
   defining Unicode char U+00F5 (decimal 245)
   defining Unicode char U+00F6 (decimal 246)
   defining Unicode char U+00F8 (decimal 248)
   defining Unicode char U+00F9 (decimal 249)
   defining Unicode char U+00FA (decimal 250)
   defining Unicode char U+00FB (decimal 251)
   defining Unicode char U+00FC (decimal 252)
   defining Unicode char U+00FD (decimal 253)
   defining Unicode char U+00FE (decimal 254)
   defining Unicode char U+00FF (decimal 255)
   defining Unicode char U+0102 (decimal 258)
   defining Unicode char U+0103 (decimal 259)
   defining Unicode char U+0104 (decimal 260)
   defining Unicode char U+0105 (decimal 261)
   defining Unicode char U+0106 (decimal 262)
   defining Unicode char U+0107 (decimal 263)
   defining Unicode char U+010C (decimal 268)
   defining Unicode char U+010D (decimal 269)
   defining Unicode char U+010E (decimal 270)
   defining Unicode char U+010F (decimal 271)
   defining Unicode char U+0110 (decimal 272)
   defining Unicode char U+0111 (decimal 273)
   defining Unicode char U+0118 (decimal 280)
   defining Unicode char U+0119 (decimal 281)
   defining Unicode char U+011A (decimal 282)
   defining Unicode char U+011B (decimal 283)
   defining Unicode char U+011E (decimal 286)
   defining Unicode char U+011F (decimal 287)
   defining Unicode char U+0130 (decimal 304)
   defining Unicode char U+0131 (decimal 305)
   defining Unicode char U+0132 (decimal 306)
   defining Unicode char U+0133 (decimal 307)
   defining Unicode char U+0139 (decimal 313)
   defining Unicode char U+013A (decimal 314)
   defining Unicode char U+013D (decimal 317)
   defining Unicode char U+013E (decimal 318)
   defining Unicode char U+0141 (decimal 321)
   defining Unicode char U+0142 (decimal 322)
   defining Unicode char U+0143 (decimal 323)
   defining Unicode char U+0144 (decimal 324)
   defining Unicode char U+0147 (decimal 327)
   defining Unicode char U+0148 (decimal 328)
   defining Unicode char U+014A (decimal 330)
   defining Unicode char U+014B (decimal 331)
   defining Unicode char U+0150 (decimal 336)
   defining Unicode char U+0151 (decimal 337)
   defining Unicode char U+0152 (decimal 338)
   defining Unicode char U+0153 (decimal 339)
   defining Unicode char U+0154 (decimal 340)
   defining Unicode char U+0155 (decimal 341)
   defining Unicode char U+0158 (decimal 344)
   defining Unicode char U+0159 (decimal 345)
   defining Unicode char U+015A (decimal 346)
   defining Unicode char U+015B (decimal 347)
   defining Unicode char U+015E (decimal 350)
   defining Unicode char U+015F (decimal 351)
   defining Unicode char U+0160 (decimal 352)
   defining Unicode char U+0161 (decimal 353)
   defining Unicode char U+0162 (decimal 354)
   defining Unicode char U+0163 (decimal 355)
   defining Unicode char U+0164 (decimal 356)
   defining Unicode char U+0165 (decimal 357)
   defining Unicode char U+016E (decimal 366)
   defining Unicode char U+016F (decimal 367)
   defining Unicode char U+0170 (decimal 368)
   defining Unicode char U+0171 (decimal 369)
   defining Unicode char U+0178 (decimal 376)
   defining Unicode char U+0179 (decimal 377)
   defining Unicode char U+017A (decimal 378)
   defining Unicode char U+017B (decimal 379)
   defining Unicode char U+017C (decimal 380)
   defining Unicode char U+017D (decimal 381)
   defining Unicode char U+017E (decimal 382)
   defining Unicode char U+200C (decimal 8204)
   defining Unicode char U+2013 (decimal 8211)
   defining Unicode char U+2014 (decimal 8212)
   defining Unicode char U+2018 (decimal 8216)
   defining Unicode char U+2019 (decimal 8217)
   defining Unicode char U+201A (decimal 8218)
   defining Unicode char U+201C (decimal 8220)
   defining Unicode char U+201D (decimal 8221)
   defining Unicode char U+201E (decimal 8222)
   defining Unicode char U+2030 (decimal 8240)
   defining Unicode char U+2031 (decimal 8241)
   defining Unicode char U+2039 (decimal 8249)
   defining Unicode char U+203A (decimal 8250)
   defining Unicode char U+2423 (decimal 9251)
)
Now handling font encoding OT1 ...
... processing UTF-8 mapping file for font encoding OT1

(/usr/share/texlive/texmf-dist/tex/latex/base/ot1enc.dfu
File: ot1enc.dfu 2008/04/05 v1.1m UTF-8 support for inputenc
   defining Unicode char U+00A1 (decimal 161)
   defining Unicode char U+00A3 (decimal 163)
   defining Unicode char U+00B8 (decimal 184)
   defining Unicode char U+00BF (decimal 191)
   defining Unicode char U+00C5 (decimal 197)
   defining Unicode char U+00C6 (decimal 198)
   defining Unicode char U+00D8 (decimal 216)
   defining Unicode char U+00DF (decimal 223)
   defining Unicode char U+00E6 (decimal 230)
   defining Unicode char U+00EC (decimal 236)
   defining Unicode char U+00ED (decimal 237)
   defining Unicode char U+00EE (decimal 238)
   defining Unicode char U+00EF (decimal 239)
   defining Unicode char U+00F8 (decimal 248)
   defining Unicode char U+0131 (decimal 305)
   defining Unicode char U+0141 (decimal 321)
   defining Unicode char U+0142 (decimal 322)
   defining Unicode char U+0152 (decimal 338)
   defining Unicode char U+0153 (decimal 339)
   defining Unicode char U+2013 (decimal 8211)
   defining Unicode char U+2014 (decimal 8212)
   defining Unicode char U+2018 (decimal 8216)
   defining Unicode char U+2019 (decimal 8217)
   defining Unicode char U+201C (decimal 8220)
   defining Unicode char U+201D (decimal 8221)
)
Now handling font encoding OMS ...
... processing UTF-8 mapping file for font encoding OMS

(/usr/share/texlive/texmf-dist/tex/latex/base/omsenc.dfu
File: omsenc.dfu 2008/04/05 v1.1m UTF-8 support for inputenc
   defining Unicode char U+00A7 (decimal 167)
   defining Unicode char U+00B6 (decimal 182)
   defining Unicode char U+00B7 (decimal 183)
   defining Unicode char U+2020 (decimal 8224)
   defining Unicode char U+2021 (decimal 8225)
   defining Unicode char U+2022 (decimal 8226)
)
Now handling font encoding OMX ...
... no UTF-8 mapping file for font encoding OMX
Now handling font encoding U ...
... no UTF-8 mapping file for font encoding U
   defining Unicode char U+00A9 (decimal 169)
   defining Unicode char U+00AA (decimal 170)
   defining Unicode char U+00AE (decimal 174)
   defining Unicode char U+00BA (decimal 186)
   defining Unicode char U+02C6 (decimal 710)
   defining Unicode char U+02DC (decimal 732)
   defining Unicode char U+200C (decimal 8204)
   defining Unicode char U+2026 (decimal 8230)
   defining Unicode char U+2122 (decimal 8482)
   defining Unicode char U+2423 (decimal 9251)
))
(/usr/share/texlive/texmf-dist/tex/latex/base/fontenc.sty
Package: fontenc 2005/09/27 v1.99g Standard LaTeX package

(/usr/share/texlive/texmf-dist/tex/latex/base/t1enc.def
File: t1enc.def 2005/09/27 v1.99g Standard LaTeX file
LaTeX Font Info:    Redeclaring font encoding T1 on input line 43.
))
(/usr/share/texmf/tex/latex/CJK/CJKutf8.sty
Package: CJKutf8 2012/05/07 4.8.3

(/usr/share/texlive/texmf-dist/tex/generic/oberdiek/ifpdf.sty
Package: ifpdf 2011/01/30 v2.3 Provides the ifpdf switch (HO)
Package ifpdf Info: pdfTeX in PDF mode is detected.
)
(/usr/share/texmf/tex/latex/CJK/CJK.sty
Package: CJK 2012/05/07 4.8.3

(/usr/share/texmf/tex/latex/CJK/mule/MULEenc.sty
Package: MULEenc 2012/05/07 4.8.3
)
(/usr/share/texmf/tex/latex/CJK/CJK.enc
File: CJK.enc 2012/05/07 4.8.3
Now handling font encoding C00 ...
... no UTF-8 mapping file for font encoding C00
Now handling font encoding C05 ...
... no UTF-8 mapping file for font encoding C05
Now handling font encoding C09 ...
... no UTF-8 mapping file for font encoding C09
Now handling font encoding C10 ...
... no UTF-8 mapping file for font encoding C10
Now handling font encoding C20 ...
... no UTF-8 mapping file for font encoding C20
Now handling font encoding C19 ...
... no UTF-8 mapping file for font encoding C19
Now handling font encoding C40 ...
... no UTF-8 mapping file for font encoding C40
Now handling font encoding C42 ...
... no UTF-8 mapping file for font encoding C42
Now handling font encoding C43 ...
... no UTF-8 mapping file for font encoding C43
Now handling font encoding C50 ...
... no UTF-8 mapping file for font encoding C50
Now handling font encoding C52 ...
... no UTF-8 mapping file for font encoding C52
Now handling font encoding C49 ...
... no UTF-8 mapping file for font encoding C49
Now handling font encoding C60 ...
... no UTF-8 mapping file for font encoding C60
Now handling font encoding C61 ...
... no UTF-8 mapping file for font encoding C61
Now handling font encoding C63 ...
... no UTF-8 mapping file for font encoding C63
Now handling font encoding C64 ...
... no UTF-8 mapping file for font encoding C64
Now handling font encoding C65 ...
... no UTF-8 mapping file for font encoding C65
Now handling font encoding C70 ...
... no UTF-8 mapping file for font encoding C70
Now handling font encoding C31 ...
... no UTF-8 mapping file for font encoding C31
Now handling font encoding C32 ...
... no UTF-8 mapping file for font encoding C32
Now handling font encoding C33 ...
... no UTF-8 mapping file for font encoding C33
Now handling font encoding C34 ...
... no UTF-8 mapping file for font encoding C34
Now handling font encoding C35 ...
... no UTF-8 mapping file for font encoding C35
Now handling font encoding C36 ...
... no UTF-8 mapping file for font encoding C36
Now handling font encoding C37 ...
... no UTF-8 mapping file for font encoding C37
Now handling font encoding C80 ...
... no UTF-8 mapping file for font encoding C80
Now handling font encoding C81 ...
... no UTF-8 mapping file for font encoding C81
Now handling font encoding C01 ...
... no UTF-8 mapping file for font encoding C01
Now handling font encoding C11 ...
... no UTF-8 mapping file for font encoding C11
Now handling font encoding C21 ...
... no UTF-8 mapping file for font encoding C21
Now handling font encoding C41 ...
... no UTF-8 mapping file for font encoding C41
Now handling font encoding C62 ...
... no UTF-8 mapping file for font encoding C62
)
LaTeX Info: Redefining \selectfont on input line 755.
\CJK@indent=\box26
)
(/usr/share/texlive/texmf-dist/tex/latex/base/fontenc.sty
Package: fontenc 2005/09/27 v1.99g Standard LaTeX package
))
(/usr/share/texlive/texmf-dist/tex/latex/multirow/multirow.sty
\bigstrutjot=\dimen103
)
(/usr/share/texlive/texmf-dist/tex/latex/tools/multicol.sty
Package: multicol 2011/06/27 v1.7a multicolumn formatting (FMi)
\c@tracingmulticols=\count87
\mult@box=\box27
\multicol@leftmargin=\dimen104
\c@unbalance=\count88
\c@collectmore=\count89
\doublecol@number=\count90
\multicoltolerance=\count91
\multicolpretolerance=\count92
\full@width=\dimen105
\page@free=\dimen106
\premulticols=\dimen107
\postmulticols=\dimen108
\multicolsep=\skip43
\multicolbaselineskip=\skip44
\partial@page=\box28
\last@line=\box29
\mult@rightbox=\box30
\mult@grightbox=\box31
\mult@gfirstbox=\box32
\mult@firstbox=\box33
\@tempa=\box34
\@tempa=\box35
\@tempa=\box36
\@tempa=\box37
\@tempa=\box38
\@tempa=\box39
\@tempa=\box40
\@tempa=\box41
\@tempa=\box42
\@tempa=\box43
\@tempa=\box44
\@tempa=\box45
\@tempa=\box46
\@tempa=\box47
\@tempa=\box48
\@tempa=\box49
\@tempa=\box50
\c@columnbadness=\count93
\c@finalcolumnbadness=\count94
\last@try=\dimen109
\multicolovershoot=\dimen110
\multicolundershoot=\dimen111
\mult@nat@firstbox=\box51
\colbreak@box=\box52
\multicol@sort@counter=\count95
)
(/usr/share/texlive/texmf-dist/tex/latex/listings/listings.sty
(/usr/share/texlive/texmf-dist/tex/latex/graphics/keyval.sty
Package: keyval 1999/03/16 v1.13 key=value parser (DPC)
\KV@toks@=\toks16
)
\lst@mode=\count96
\lst@gtempboxa=\box53
\lst@token=\toks17
\lst@length=\count97
\lst@currlwidth=\dimen112
\lst@column=\count98
\lst@pos=\count99
\lst@lostspace=\dimen113
\lst@width=\dimen114
\lst@newlines=\count100
\lst@lineno=\count101
\lst@maxwidth=\dimen115

(/usr/share/texlive/texmf-dist/tex/latex/listings/lstmisc.sty
File: lstmisc.sty 2007/02/22 1.4 (Carsten Heinz)
\c@lstnumber=\count102
\lst@skipnumbers=\count103
\lst@framebox=\box54
)
(/usr/share/texlive/texmf-dist/tex/latex/listings/listings.cfg
File: listings.cfg 2007/02/22 1.4 listings configuration
))
Package: listings 2007/02/22 1.4 (Carsten Heinz)

(/usr/share/texlive/texmf-dist/tex/latex/geometry/geometry.sty
Package: geometry 2010/09/12 v5.6 Page Geometry

(/usr/share/texlive/texmf-dist/tex/generic/oberdiek/ifvtex.sty
Package: ifvtex 2010/03/01 v1.5 Detect VTeX and its facilities (HO)
Package ifvtex Info: VTeX not detected.
)
(/usr/share/texlive/texmf-dist/tex/generic/ifxetex/ifxetex.sty
Package: ifxetex 2010/09/12 v0.6 Provides ifxetex conditional
)
\Gm@cnth=\count104
\Gm@cntv=\count105
\c@Gm@tempcnt=\count106
\Gm@bindingoffset=\dimen116
\Gm@wd@mp=\dimen117
\Gm@odd@mp=\dimen118
\Gm@even@mp=\dimen119
\Gm@layoutwidth=\dimen120
\Gm@layoutheight=\dimen121
\Gm@layouthoffset=\dimen122
\Gm@layoutvoffset=\dimen123
\Gm@dimlist=\toks18
)
(/usr/share/texlive/texmf-dist/tex/latex/graphics/graphicx.sty
Package: graphicx 1999/02/16 v1.0f Enhanced LaTeX Graphics (DPC,SPQR)

(/usr/share/texlive/texmf-dist/tex/latex/graphics/graphics.sty
Package: graphics 2009/02/05 v1.0o Standard LaTeX Graphics (DPC,SPQR)

(/usr/share/texlive/texmf-dist/tex/latex/graphics/trig.sty
Package: trig 1999/03/16 v1.09 sin cos tan (DPC)
)
(/usr/share/texlive/texmf-dist/tex/latex/latexconfig/graphics.cfg
File: graphics.cfg 2010/04/23 v1.9 graphics configuration of TeX Live
)
Package graphics Info: Driver file: pdftex.def on input line 91.

(/usr/share/texlive/texmf-dist/tex/latex/pdftex-def/pdftex.def
File: pdftex.def 2011/05/27 v0.06d Graphics/color for pdfTeX

(/usr/share/texlive/texmf-dist/tex/generic/oberdiek/infwarerr.sty
Package: infwarerr 2010/04/08 v1.3 Providing info/warning/error messages (HO)
)
(/usr/share/texlive/texmf-dist/tex/generic/oberdiek/ltxcmds.sty
Package: ltxcmds 2011/11/09 v1.22 LaTeX kernel commands for general use (HO)
)
\Gread@gobject=\count107
))
\Gin@req@height=\dimen124
\Gin@req@width=\dimen125
)
(./artPtr.aux)
\openout1 = `artPtr.aux'.

LaTeX Font Info:    Checking defaults for OML/cmm/m/it on input line 33.
LaTeX Font Info:    ... okay on input line 33.
LaTeX Font Info:    Checking defaults for T1/cmr/m/n on input line 33.
LaTeX Font Info:    ... okay on input line 33.
LaTeX Font Info:    Checking defaults for OT1/cmr/m/n on input line 33.
LaTeX Font Info:    ... okay on input line 33.
LaTeX Font Info:    Checking defaults for OMS/cmsy/m/n on input line 33.
LaTeX Font Info:    ... okay on input line 33.
LaTeX Font Info:    Checking defaults for OMX/cmex/m/n on input line 33.
LaTeX Font Info:    ... okay on input line 33.
LaTeX Font Info:    Checking defaults for U/cmr/m/n on input line 33.
LaTeX Font Info:    ... okay on input line 33.
LaTeX Font Info:    Checking defaults for C00/song/m/n on input line 33.
LaTeX Font Info:    ... okay on input line 33.
LaTeX Font Info:    Checking defaults for C05/song/m/n on input line 33.
LaTeX Font Info:    ... okay on input line 33.
LaTeX Font Info:    Checking defaults for C09/song/m/n on input line 33.
LaTeX Font Info:    ... okay on input line 33.
LaTeX Font Info:    Checking defaults for C10/song/m/n on input line 33.
LaTeX Font Info:    ... okay on input line 33.
LaTeX Font Info:    Checking defaults for C20/song/m/n on input line 33.
LaTeX Font Info:    ... okay on input line 33.
LaTeX Font Info:    Checking defaults for C19/song/m/n on input line 33.
LaTeX Font Info:    ... okay on input line 33.
LaTeX Font Info:    Checking defaults for C40/song/m/n on input line 33.
LaTeX Font Info:    ... okay on input line 33.
LaTeX Font Info:    Checking defaults for C42/song/m/n on input line 33.
LaTeX Font Info:    ... okay on input line 33.
LaTeX Font Info:    Checking defaults for C43/song/m/n on input line 33.
LaTeX Font Info:    ... okay on input line 33.
LaTeX Font Info:    Checking defaults for C50/song/m/n on input line 33.
LaTeX Font Info:    ... okay on input line 33.
LaTeX Font Info:    Checking defaults for C52/song/m/n on input line 33.
LaTeX Font Info:    ... okay on input line 33.
LaTeX Font Info:    Checking defaults for C49/song/m/n on input line 33.
LaTeX Font Info:    ... okay on input line 33.
LaTeX Font Info:    Checking defaults for C60/mj/m/n on input line 33.
LaTeX Font Info:    ... okay on input line 33.
LaTeX Font Info:    Checking defaults for C61/mj/m/n on input line 33.
LaTeX Font Info:    ... okay on input line 33.
LaTeX Font Info:    Checking defaults for C63/mj/m/n on input line 33.
LaTeX Font Info:    ... okay on input line 33.
LaTeX Font Info:    Checking defaults for C64/mj/m/n on input line 33.
LaTeX Font Info:    ... okay on input line 33.
LaTeX Font Info:    Checking defaults for C65/mj/m/n on input line 33.
LaTeX Font Info:    ... okay on input line 33.
LaTeX Font Info:    Checking defaults for C70/song/m/n on input line 33.
LaTeX Font Info:    ... okay on input line 33.
LaTeX Font Info:    Checking defaults for C31/song/m/n on input line 33.
LaTeX Font Info:    ... okay on input line 33.
LaTeX Font Info:    Checking defaults for C32/song/m/n on input line 33.
LaTeX Font Info:    ... okay on input line 33.
LaTeX Font Info:    Checking defaults for C33/song/m/n on input line 33.
LaTeX Font Info:    ... okay on input line 33.
LaTeX Font Info:    Checking defaults for C34/song/m/n on input line 33.
LaTeX Font Info:    ... okay on input line 33.
LaTeX Font Info:    Checking defaults for C35/song/m/n on input line 33.
LaTeX Font Info:    ... okay on input line 33.
LaTeX Font Info:    Checking defaults for C36/song/m/n on input line 33.
LaTeX Font Info:    ... okay on input line 33.
LaTeX Font Info:    Checking defaults for C37/song/m/n on input line 33.
LaTeX Font Info:    ... okay on input line 33.
LaTeX Font Info:    Checking defaults for C80/song/m/n on input line 33.
LaTeX Font Info:    ... okay on input line 33.
LaTeX Font Info:    Checking defaults for C81/song/m/n on input line 33.
LaTeX Font Info:    ... okay on input line 33.
LaTeX Font Info:    Checking defaults for C01/song/m/n on input line 33.
LaTeX Font Info:    ... okay on input line 33.
LaTeX Font Info:    Checking defaults for C11/song/m/n on input line 33.
LaTeX Font Info:    ... okay on input line 33.
LaTeX Font Info:    Checking defaults for C21/song/m/n on input line 33.
LaTeX Font Info:    ... okay on input line 33.
LaTeX Font Info:    Checking defaults for C41/song/m/n on input line 33.
LaTeX Font Info:    ... okay on input line 33.
LaTeX Font Info:    Checking defaults for C62/song/m/n on input line 33.
LaTeX Font Info:    ... okay on input line 33.
\c@lstlisting=\count108

*geometry* driver: auto-detecting
*geometry* detected driver: pdftex
*geometry* verbose mode - [ preamble ] result:
* driver: pdftex
* paper: b5paper
* layout: <same size as paper>
* layoutoffset:(h,v)=(0.0pt,0.0pt)
* modes: 
* h-part:(L,W,R)=(75.11604pt, 350.5364pt, 75.11604pt)
* v-part:(T,H,B)=(85.35913pt, 497.92105pt, 128.03871pt)
* \paperwidth=500.7685pt
* \paperheight=711.3189pt
* \textwidth=350.5364pt
* \textheight=497.92105pt
* \oddsidemargin=2.84605pt
* \evensidemargin=2.84605pt
* \topmargin=-23.91086pt
* \headheight=12.0pt
* \headsep=25.0pt
* \topskip=10.0pt
* \footskip=30.0pt
* \marginparwidth=65.0pt
* \marginparsep=11.0pt
* \columnsep=10.0pt
* \skip\footins=9.0pt plus 4.0pt minus 2.0pt
* \hoffset=0.0pt
* \voffset=0.0pt
* \mag=1000
* \@twocolumnfalse
* \@twosidefalse
* \@mparswitchfalse
* \@reversemarginfalse
* (1in=72.27pt=25.4mm, 1cm=28.453pt)

(/usr/share/texlive/texmf-dist/tex/context/base/supp-pdf.mkii
[Loading MPS to PDF converter (version 2006.09.02).]
\scratchcounter=\count109
\scratchdimen=\dimen126
\scratchbox=\box55
\nofMPsegments=\count110
\nofMParguments=\count111
\everyMPshowfont=\toks19
\MPscratchCnt=\count112
\MPscratchDim=\dimen127
\MPnumerator=\count113
\makeMPintoPDFobject=\count114
\everyMPtoPDFconversion=\toks20
) (/usr/share/texlive/texmf-dist/tex/generic/oberdiek/pdftexcmds.sty
Package: pdftexcmds 2011/11/29 v0.20 Utility functions of pdfTeX for LuaTeX (HO
)

(/usr/share/texlive/texmf-dist/tex/generic/oberdiek/ifluatex.sty
Package: ifluatex 2010/03/01 v1.3 Provides the ifluatex switch (HO)
Package ifluatex Info: LuaTeX not detected.
)
Package pdftexcmds Info: LuaTeX not detected.
Package pdftexcmds Info: \pdf@primitive is available.
Package pdftexcmds Info: \pdf@ifprimitive is available.
Package pdftexcmds Info: \pdfdraftmode found.
)
(/usr/share/texlive/texmf-dist/tex/latex/oberdiek/epstopdf-base.sty
Package: epstopdf-base 2010/02/09 v2.5 Base part for package epstopdf

(/usr/share/texlive/texmf-dist/tex/latex/oberdiek/grfext.sty
Package: grfext 2010/08/19 v1.1 Manage graphics extensions (HO)

(/usr/share/texlive/texmf-dist/tex/generic/oberdiek/kvdefinekeys.sty
Package: kvdefinekeys 2011/04/07 v1.3 Define keys (HO)
))
(/usr/share/texlive/texmf-dist/tex/latex/oberdiek/kvoptions.sty
Package: kvoptions 2011/06/30 v3.11 Key value format for package options (HO)

(/usr/share/texlive/texmf-dist/tex/generic/oberdiek/kvsetkeys.sty
Package: kvsetkeys 2012/04/25 v1.16 Key value parser (HO)

(/usr/share/texlive/texmf-dist/tex/generic/oberdiek/etexcmds.sty
Package: etexcmds 2011/02/16 v1.5 Avoid name clashes with e-TeX commands (HO)
Package etexcmds Info: Could not find \expanded.
(etexcmds)             That can mean that you are not using pdfTeX 1.50 or
(etexcmds)             that some package has redefined \expanded.
(etexcmds)             In the latter case, load this package earlier.
)))
Package grfext Info: Graphics extension search list:
(grfext)             [.png,.pdf,.jpg,.mps,.jpeg,.jbig2,.jb2,.PNG,.PDF,.JPG,.JPE
G,.JBIG2,.JB2,.eps]
(grfext)             \AppendGraphicsExtensions on input line 452.

(/usr/share/texlive/texmf-dist/tex/latex/latexconfig/epstopdf-sys.cfg
File: epstopdf-sys.cfg 2010/07/13 v1.3 Configuration of (r)epstopdf for TeX Liv
e
))
(/usr/share/texmf/tex/latex/CJK/UTF8/UTF8.bdg
File: UTF8.bdg 2012/05/07 4.8.3
)
(/usr/share/texmf/tex/latex/CJK/UTF8/UTF8.enc
File: UTF8.enc 2012/05/07 4.8.3
)
(/usr/share/texmf/tex/latex/CJK/UTF8/UTF8.chr
File: UTF8.chr 2012/05/07 4.8.3
)
LaTeX Font Info:    Try loading font information for C70+gbsn on input line 35.


(/usr/share/texmf/tex/latex/CJK/UTF8/c70gbsn.fd
File: c70gkai.fd 2008/10/03 4.8.1
)
(/usr/share/texmf/tex/latex/CJK/UTF8/c70gbsn.fdx
File: c70gbsn.fdx 2008/12/29 4.8.2
)
LaTeX Font Info:    External font `cmex10' loaded for size
(Font)              <12> on input line 35.
LaTeX Font Info:    External font `cmex10' loaded for size
(Font)              <8> on input line 35.
LaTeX Font Info:    External font `cmex10' loaded for size
(Font)              <6> on input line 35.

(/usr/share/texlive/texmf-dist/tex/latex/listings/lstlang1.sty
File: lstlang1.sty 2004/09/05 1.3 listings language file
)
(/usr/share/texlive/texmf-dist/tex/latex/listings/lstlang1.sty
File: lstlang1.sty 2004/09/05 1.3 listings language file
)
(/usr/share/texlive/texmf-dist/tex/latex/listings/lstmisc.sty
File: lstmisc.sty 2007/02/22 1.4 (Carsten Heinz)
)
LaTeX Font Info:    Try loading font information for T1+cmtt on input line 57.

(/usr/share/texlive/texmf-dist/tex/latex/base/t1cmtt.fd
File: t1cmtt.fd 1999/05/25 v2.5h Standard LaTeX font definitions
)
LaTeX Font Info:    Font shape `T1/cmtt/bx/n' in size <9> not available
(Font)              Font shape `T1/cmtt/m/n' tried instead on input line 58.

Overfull \hbox (17.86108pt too wide) in paragraph at lines 78--79
[][][][][][][][][][][][][][]\C70/gbsn/m/n/9/5b ö \C70/gbsn/m/n/9/4e I : \C70/gb
sn/m/n/9/63 ^^G \C70/gbsn/m/n/9/54 ^^Q \C70/gbsn/m/n/9/7c { \C70/gbsn/m/n/9/4e 
- \C70/gbsn/m/n/9/51 l \C70/gbsn/m/n/9/75 ( \C70/gbsn/m/n/9/62 ^^P \C70/gbsn/m/
n/9/54 X \C70/gbsn/m/n/9/51 ˝ \C70/gbsn/m/n/9/65 p \C70/gbsn/m/n/9/76 Ñ \C70/gb
sn/m/n/9/63 ^^G \C70/gbsn/m/n/9/94 à \C70/gbsn/m/n/9/53 ÿ \C70/gbsn/m/n/9/91 œ[
] 
 []

[1

{/var/lib/texmf/fonts/map/pdftex/updmap/pdftex.map}]
Overfull \hbox (42.87311pt too wide) in paragraph at lines 124--125
[][][][][][][][][][][][][][][][][][]\C70/gbsn/m/n/9/5b ö \C70/gbsn/m/n/9/4e I \
C70/gbsn/m/n/9/63 ^^G \C70/gbsn/m/n/9/54 ^^Q \C70/gbsn/m/n/9/65 t \C70/gbsn/m/n
/9/57 ã \C70/gbsn/m/n/9/65 p \C70/gbsn/m/n/9/63 n \C70/gbsn/m/n/9/76 Ñ \C70/gbs
n/m/n/9/63 ^^G \C70/gbsn/m/n/9/94 à \C70/gbsn/m/n/9/53 ÿ \C70/gbsn/m/n/9/91 œ[]
\C70/gbsn/m/n/9/5e v \C70/gbsn/m/n/9/4f ^^?[]\C70/gbsn/m/n/9/63 ^^G \C70/gbsn/m
/n/9/54 ^^Q[][][] 
 []


Overfull \hbox (37.20444pt too wide) in paragraph at lines 128--129
[][][][][][][][][][][][][][][][][][]\C70/gbsn/m/n/9/5b ö \C70/gbsn/m/n/9/4e I \
C70/gbsn/m/n/9/63 ^^G \C70/gbsn/m/n/9/54 ^^Q \C70/gbsn/m/n/9/7c { \C70/gbsn/m/n
/9/5b ˘ \C70/gbsn/m/n/9/8c a \C70/gbsn/m/n/9/76 Ñ \C70/gbsn/m/n/9/63 ^^G \C70/g
bsn/m/n/9/94 à \C70/gbsn/m/n/9/53 ÿ \C70/gbsn/m/n/9/91 œ \C70/gbsn/m/n/9/ff ^^L
 \C70/gbsn/m/n/9/5e v \C70/gbsn/m/n/9/4f ^^? \C70/gbsn/m/n/9/63 ^^G \C70/gbsn/m
/n/9/54 ^^Q[] 
 []


Overfull \hbox (5.87912pt too wide) in paragraph at lines 129--131
[][][][][][][][][][][][][][]\C70/gbsn/m/n/9/8c ^^C \C70/gbsn/m/n/9/75 ( \C70/gb
sn/m/n/9/62 @ \C70/gbsn/m/n/9/63 ^^G \C70/gbsn/m/n/9/54 ^^Q \C70/gbsn/m/n/9/5b 
˘ \C70/gbsn/m/n/9/8c a[]\C70/gbsn/m/n/9/53 s[][]\C70/gbsn/m/n/9/76 Ñ[]\C70/gbsn
/m/n/9/51 ˝ \C70/gbsn/m/n/9/65 p[] 
 []


Overfull \hbox (5.52975pt too wide) in paragraph at lines 131--132
[][][][][][][][][][][][][][][]\C70/gbsn/m/n/9/5b ö \C70/gbsn/m/n/9/4e I \C70/gb
sn/m/n/9/63 ^^G \C70/gbsn/m/n/9/54 ^^Q \C70/gbsn/m/n/9/7c { \C70/gbsn/m/n/9/51 
l \C70/gbsn/m/n/9/75 ( \C70/gbsn/m/n/9/62 ^^P \C70/gbsn/m/n/9/54 X \C70/gbsn/m/
n/9/51 ˝ \C70/gbsn/m/n/9/65 p \C70/gbsn/m/n/9/76 Ñ \C70/gbsn/m/n/9/63 ^^G \C70/
gbsn/m/n/9/94 à \C70/gbsn/m/n/9/53 ÿ \C70/gbsn/m/n/9/91 œ[] 
 []


Overfull \hbox (57.89114pt too wide) in paragraph at lines 133--134
[][][][][][][][][][][][][][][]\C70/gbsn/m/n/9/8c ^^C \C70/gbsn/m/n/9/75 ( \C70/
gbsn/m/n/9/5b ˘ \C70/gbsn/m/n/9/8c a \C70/gbsn/m/n/9/4e - \C70/gbsn/m/n/9/62 @ 
\C70/gbsn/m/n/9/63 ^^G \C70/gbsn/m/n/9/76 Ñ \C70/gbsn/m/n/9/62 ^^P \C70/gbsn/m/
n/9/54 X \C70/gbsn/m/n/9/51 ˝ \C70/gbsn/m/n/9/65 p[]\C70/gbsn/m/n/9/53 s[][][][
][][][] 
 []

[2] [3]
LaTeX Font Info:    Try loading font information for OMS+cmr on input line 217.

 (/usr/share/texlive/texmf-dist/tex/latex/base/omscmr.fd
File: omscmr.fd 1999/05/25 v2.5h Standard LaTeX font definitions
)
LaTeX Font Info:    Font shape `OMS/cmr/m/n' in size <9> not available
(Font)              Font shape `OMS/cmsy/m/n' tried instead on input line 217.
 [4] [5]
[6]
Overfull \hbox (93.94525pt too wide) in paragraph at lines 335--336
[][][][][][][][][][][][][][][][][][][][][][][][][][][][][][][][][] 
 []


Overfull \hbox (4.2405pt too wide) in paragraph at lines 337--338
[][][][][][][][][][][][][][][]\C70/gbsn/m/n/9/5c ^^F \C70/gbsn/m/n/9/62 ^^P
 []


Overfull \hbox (57.59587pt too wide) in paragraph at lines 359--360
[][][][][][][][][][][][][][][][][][][][][][][][][][][][][]\C70/gbsn/m/n/9/62 ^^
P
 []


Overfull \hbox (207.31866pt too wide) in paragraph at lines 367--368
[][][][][][][][][][][][][][][][][][][][][][][][][][][][][][][][][][][] 
 []


Overfull \hbox (93.94525pt too wide) in paragraph at lines 368--369
[][][][][][][][][][][][][][][][][][][][][][][][][][][][] 
 []

[7]
Overfull \hbox (5.23448pt too wide) in paragraph at lines 386--387
[][][][][][][][][][][][][][][][][][][][][][][][][][][][][][][][]\C70/gbsn/m/n/9
/62 ^^P \C70/gbsn/m/n/9/54 X \C70/gbsn/m/n/9/51 ˝ \C70/gbsn/m/n/9/65 p
 []


Overfull \hbox (119.95125pt too wide) in paragraph at lines 387--389
[][][][][][][][][][][][][][][][][][][][][][][][][][][][][][][][][][][][][]\C70/
gbsn/m/n/9/62 ^^P
 []


Overfull \hbox (4.2405pt too wide) in paragraph at lines 389--390
[][][][][][][][][][][][][][][][][][][][][][][]\C70/gbsn/m/n/9/7f ^^V \C70/gbsn/
m/n/9/8b —
 []


Overfull \hbox (228.1037pt too wide) in paragraph at lines 390--391
[][][][][][][][][][][][][][][][][][]\T1/cmtt/m/n/9 `[][][][][][][][][][][]'[] 
 []


Overfull \hbox (50.48526pt too wide) in paragraph at lines 395--396
[][][][][][][][]\T1/cmtt/m/n/9 `[][][][][][][][]'[][][][]`[][]'[] 
 []


Overfull \hbox (8.20541pt too wide) in paragraph at lines 405--406
[]\C70/gbsn/m/n/9/4e Â 
 	 \C70/gbsn/m/n/9/79 Õ \C70/gbsn/m/n/9/60 ≈ \C70/gbsn/m/n/9/51 µ \C70/gbsn/m/n
/9/76 Ñ \C70/gbsn/m/n/9/4e „ \C70/gbsn/m/n/9/78 ^^A \C70/gbsn/m/n/9/8b Ì \C70/g
bsn/m/n/9/6c ’ \C70/gbsn/m/n/9/4e 
 \C70/gbsn/m/n/9/6c ° \C70/gbsn/m/n/9/67 	 \C70/gbsn/m/n/9/66 > \C70/gbsn/m/n/9
/84 W \C70/gbsn/m/n/9/76 Ñ \C70/gbsn/m/n/9/95 ^^Y \C70/gbsn/m/n/9/8b Ô \C70/gbs
n/m/n/9/ff ^^L \C70/gbsn/m/n/9/57 ( \C70/gbsn/m/n/9/4e ^^@ õ \C70/gbsn/m/n/9/8f
 É \C70/gbsn/m/n/9/65 È \C70/gbsn/m/n/9/76 Ñ \C70/gbsn/m/n/9/7f ^^V \C70/gbsn/m
/n/9/8b — \C70/gbsn/m/n/9/73 Ø \C70/gbsn/m/n/9/58 É \C70/gbsn/m/n/9/4e - \C70/g
bsn/m/n/9/ff ^^L \C70/gbsn/m/n/9/59 Ç \C70/gbsn/m/n/9/ff ^^L\T1/cmr/m/n/9 VC++
 []

[8]
Overfull \hbox (91.6079pt too wide) in paragraph at lines 419--420
[][][][][][][][][][][][][][][][][][][][][][][][][][][][][][][][][][]\C70/gbsn/m
/n/9/53 ü
 []


Overfull \hbox (119.25253pt too wide) in paragraph at lines 447--448
[][][][][][][][][][][][][][][][][][]\C70/gbsn/m/n/9/4e ^^@ * \C70/gbsn/m/n/9/67
 	 \C70/gbsn/m/n/9/7e Á \C70/gbsn/m/n/9/62 ^^? \C70/gbsn/m/n/9/76 Ñ \C70/gbsn/m
/n/9/7c { \C70/gbsn/m/n/9/ff ^^H[][]	 \C70/gbsn/m/n/9/30 ^^B[]^^@ 
 []


Overfull \hbox (10.5538pt too wide) in paragraph at lines 452--453
[][][][][][][][][][][][][][][]\C70/gbsn/m/n/9/4e ^^@ * \C70/gbsn/m/n/9/7e Á \C7
0/gbsn/m/n/9/62 ^^? \C70/gbsn/m/n/9/7c { \C70/gbsn/m/n/9/ff ^^H[][]	 \C70/gbsn/
m/n/9/30 ^^B[]^^@ 
 []

[9]
Overfull \hbox (161.27057pt too wide) in paragraph at lines 461--462
[][][][][][][][][][][]\C70/gbsn/m/n/9/7c { \C70/gbsn/m/n/9/62 ^^P \C70/gbsn/m/n
/9/54 X \C70/gbsn/m/n/9/51 ˝ \C70/gbsn/m/n/9/65 p \C70/gbsn/m/n/9/63 ^^G \C70/g
bsn/m/n/9/94 à \C70/gbsn/m/n/9/95 ^^? \C70/gbsn/m/n/9/5e ¶[][][][][][][][][][][
][][][][][][][][][][][][][][][][]\C70/gbsn/m/n/9/30 ^^@ 
 []


Overfull \hbox (127.25854pt too wide) in paragraph at lines 462--463
[][][][][][][][][][][]\C70/gbsn/m/n/9/7c { \C70/gbsn/m/n/9/62 ^^P \C70/gbsn/m/n
/9/54 X \C70/gbsn/m/n/9/51 ˝ \C70/gbsn/m/n/9/65 p \C70/gbsn/m/n/9/63 ^^G \C70/g
bsn/m/n/9/94 à \C70/gbsn/m/n/9/95 ^^? \C70/gbsn/m/n/9/5e ¶[][][][][][][][][][][
][][][][][][][][][][][][]\C70/gbsn/m/n/9/30 ^^@ 
 []


Overfull \hbox (127.25854pt too wide) in paragraph at lines 463--464
[][][][][][][][][][][]\C70/gbsn/m/n/9/7c { \C70/gbsn/m/n/9/62 ^^P \C70/gbsn/m/n
/9/54 X \C70/gbsn/m/n/9/51 ˝ \C70/gbsn/m/n/9/65 p \C70/gbsn/m/n/9/63 ^^G \C70/g
bsn/m/n/9/94 à \C70/gbsn/m/n/9/95 ^^? \C70/gbsn/m/n/9/5e ¶[][][][][][][][][][][
][][][][][][][][][][][][]\C70/gbsn/m/n/9/30 ^^@ 
 []


Overfull \hbox (55.90317pt too wide) in paragraph at lines 464--465
[][][][][][][][][][][]\C70/gbsn/m/n/9/7c { \C70/gbsn/m/n/9/62 ^^P \C70/gbsn/m/n
/9/54 X \C70/gbsn/m/n/9/51 ˝ \C70/gbsn/m/n/9/65 p \C70/gbsn/m/n/9/63 ^^G \C70/g
bsn/m/n/9/94 à \C70/gbsn/m/n/9/95 ^^? \C70/gbsn/m/n/9/5e ¶[][][][][][][][][][][
][][][]
 []


Overfull \hbox (12.04037pt too wide) in paragraph at lines 478--479
\C70/gbsn/m/n/9/4e Â 
 \C70/gbsn/m/n/9/7e ” \C70/gbsn/m/n/9/67 ú \C70/gbsn/m/n/9/88 h \C70/gbsn/m/n/9
/66 ^^N \C70/gbsn/m/n/9/ff ^^L \C70/gbsn/m/n/9/57 (\T1/cmr/m/n/9 32\C70/gbsn/m/
n/9/4f M\T1/cmr/m/n/9 Win98\C70/gbsn/m/n/9/64 Õ \C70/gbsn/m/n/9/4f \ \C70/gbsn/
m/n/9/7c ˚ \C70/gbsn/m/n/9/7e ﬂ \C70/gbsn/m/n/9/4e - \C70/gbsn/m/n/9/ff ^^L \C7
0/gbsn/m/n/9/4e ^^@ \C70/gbsn/m/n/9/82 , \C70/gbsn/m/n/9/51 ˝ \C70/gbsn/m/n/9/6
5 p \C70/gbsn/m/n/9/63 ^^G \C70/gbsn/m/n/9/94 à \C70/gbsn/m/n/9/76 Ñ \C70/gbsn/
m/n/9/95 ^^? \C70/gbsn/m/n/9/5e ¶ \C70/gbsn/m/n/9/4e :\T1/cmr/m/n/9 4\C70/gbsn/
m/n/9/4e * \C70/gbsn/m/n/9/5b W \C70/gbsn/m/n/9/82 Ç \C70/gbsn/m/n/9/ff ^^H\T1/
cmr/m/n/9 32\C70/gbsn/m/n/9/4f M \C70/gbsn/m/n/9/ff 	 ^^L
 []


Overfull \hbox (113.6079pt too wide) in paragraph at lines 488--489
[][][][][][][][][][][][][][][][][][][][][][][][][][][][][]\C70/gbsn/m/n/9/62 ^^
P
 []

[10]
Overfull \hbox (34.2465pt too wide) in paragraph at lines 506--507
[][][][][][][][][][][][][][][][][][][][][][][][][][][][]\C70/gbsn/m/n/9/5c ^^F
 []


Overfull \hbox (136.28258pt too wide) in paragraph at lines 507--508
[][][][][][][][][][][][][][][][][][][][][][][][][][][][][][][][][][][][]\C70/gb
sn/m/n/9/62 ^^P
 []


Overfull \hbox (34.2465pt too wide) in paragraph at lines 520--521
[][][][][][][][][][][][][][][][][][][][][][][][][][][][]\C70/gbsn/m/n/9/62 ^^P
 []


Overfull \hbox (136.28258pt too wide) in paragraph at lines 521--522
[][][][][][][][][][][][][][][][][][][][][][][][][][][][][][][][][][][][]\C70/gb
sn/m/n/9/62 ^^P
 []

[11] [12] [13]
Overfull \hbox (16.08763pt too wide) in paragraph at lines 594--595
\C70/gbsn/m/n/9/4e ^^M \C70/gbsn/m/n/9/89 Å \C70/gbsn/m/n/9/60 * \C70/gbsn/m/n/
9/62 ^^Q \C70/gbsn/m/n/9/4f ^^? \C70/gbsn/m/n/9/75 ( \C70/gbsn/m/n/9/59 Ç \C70/
gbsn/m/n/9/6b d \C70/gbsn/m/n/9/59 G \C70/gbsn/m/n/9/60 * \C70/gbsn/m/n/9/76 Ñ 
\C70/gbsn/m/n/9/8b Ì \C70/gbsn/m/n/9/6c ’\T1/cmr/m/n/9 ^^V^^V\C70/gbsn/m/n/9/77
  \C70/gbsn/m/n/9/8d w \C70/gbsn/m/n/9/67 e\T1/cmr/m/n/9 C++\C70/gbsn/m/n/9/76
 Ñ \C70/gbsn/m/n/9/8b æ ° \C70/gbsn/m/n/9/80 ^^E \C70/gbsn/m/n/9/5b ˘ \C70/gbsn
/m/n/9/68 ^^G \C70/gbsn/m/n/9/70 π \C70/gbsn/m/n/9/7b & \C70/gbsn/m/n/9/53 ˜ \C
70/gbsn/m/n/9/67 	 \C70/gbsn/m/n/9/77 @ \C70/gbsn/m/n/9/75 1 \C70/gbsn/m/n/9/88
 w \C70/gbsn/m/n/9/76 Ñ \C70/gbsn/m/n/9/61 ^^_ \C70/gbsn/m/n/9/60 ≈ \C70/gbsn/m
/n/9/ff ^^A\T1/cmr/m/n/9 C++\C70/gbsn/m/n/9/76 ¯
 []


Overfull \hbox (108.62592pt too wide) in paragraph at lines 613--614
[][][][][][][][][][][][][][][][][][][][][][][][][][][][] 
 []


Overfull \hbox (51.93921pt too wide) in paragraph at lines 621--622
[][][][][][][][][][][][][][][][][][][][][][][] 
 []


Overfull \hbox (33.04355pt too wide) in paragraph at lines 622--623
[][][][][][][][][][][][][]\T1/cmtt/m/n/9 `[][][][][][][][][]'[][][] 
 []


Overfull \hbox (61.3869pt too wide) in paragraph at lines 623--625
[][][][][][]\T1/cmtt/m/n/9 `[][][][][][][][][][][][][][]'[][][][][] 
 []

[14]
Overfull \hbox (12.6872pt too wide) in paragraph at lines 628--629
\C70/gbsn/m/n/9/78 ^^A \C70/gbsn/m/n/9/5c 1 \C70/gbsn/m/n/9/65 ‡ \C70/gbsn/m/n/
9/6c ’ \C70/gbsn/m/n/9/90 ^^Z \C70/gbsn/m/n/9/8f « \C70/gbsn/m/n/9/7f ^^V \C70/
gbsn/m/n/9/8b — \C70/gbsn/m/n/9/ff ^^L \C70/gbsn/m/n/9/56 ‡ \C70/gbsn/m/n/9/4e 
: \C70/gbsn/m/n/9/73 ∞ \C70/gbsn/m/n/9/57 ( \C70/gbsn/m/n/9/76 Ñ\T1/cmr/m/n/9 &
DerivedClass::some_member_func\C70/gbsn/m/n/9/5d Ú \C70/gbsn/m/n/9/62 ^^P \C70/
gbsn/m/n/9/4e :\T1/cmr/m/n/9 DerivedClass\C70/gbsn/m/n/9/7c {
 []

[15]
Overfull \hbox (6.6669pt too wide) in paragraph at lines 654--655
[]\C70/gbsn/m/n/9/75 ( \C70/gbsn/m/n/9/67 e \C70/gbsn/m/n/9/50 Z \C70/gbsn/m/n/
9/4f ã \C70/gbsn/m/n/9/5b P \C70/gbsn/m/n/9/7e Ÿ\T1/cmr/m/n/9 C++\C70/gbsn/m/n/
9/52 ^^] \C70/gbsn/m/n/9/5b f \C70/gbsn/m/n/9/80 ^^E \C70/gbsn/m/n/9/77  \C70/
gbsn/m/n/9/ff ^^L \C70/gbsn/m/n/9/5e . \C70/gbsn/m/n/9/52 © \C70/gbsn/m/n/9/5b 
É \C70/gbsn/m/n/9/4e Ï \C70/gbsn/m/n/9/5b f \C70/gbsn/m/n/9/4e ` \C70/gbsn/m/n/
9/8b Ì \C70/gbsn/m/n/9/6c ’ \C70/gbsn/m/n/9/ff ^^[ \C70/gbsn/m/n/9/62 ^^V \C70/
gbsn/m/n/9/80 ^^E \C70/gbsn/m/n/9/4e : Ü \C70/gbsn/m/n/9/5b û \C70/gbsn/m/n/9/7
3 ∞\T1/cmr/m/n/9 "\C70/gbsn/m/n/9/59 ‘ \C70/gbsn/m/n/9/62 X \C70/gbsn/m/n/9/ff 
^^H\T1/cmr/m/n/9 delegate\C70/gbsn/m/n/9/ff 	\T1/cmr/m/n/9 "\C70/gbsn/m/n/9/ff 
^^A 
 []

[16] [17]
LaTeX Font Info:    External font `cmex10' loaded for size
(Font)              <9> on input line 723.
LaTeX Font Info:    External font `cmex10' loaded for size
(Font)              <5> on input line 723.

Overfull \hbox (238.41196pt too wide) in paragraph at lines 723--738
[][] 
 []

[18]
Overfull \hbox (176.50468pt too wide) in paragraph at lines 739--754
[][] 
 []


Overfull \hbox (23.07231pt too wide) in paragraph at lines 755--756
[]\C70/gbsn/m/n/9/6c Ë \C70/gbsn/m/n/9/ff ^^Z \T1/cmr/m/n/9 # \C70/gbsn/m/n/9/8
8 h \C70/gbsn/m/n/9/79 : \C70/gbsn/m/n/9/4f ^^? \C70/gbsn/m/n/9/75 (\T1/cmr/m/n
/9 __single/__multi/__virtual_inheritance\C70/gbsn/m/n/9/51 s \C70/gbsn/m/n/9/9
5 . \C70/gbsn/m/n/9/5b W \C70/gbsn/m/n/9/76 Ñ \C70/gbsn/m/n/9/65 ˆ \C70/gbsn/m/
n/9/50 ^^Y \C70/gbsn/m/n/9/4e „ \C70/gbsn/m/n/9/88 h\T1/cmr/m/n/9 4\C70/gbsn/m/
n/9/30 ^^A\T1/cmr/m/n/9 8\C70/gbsn/m/n/9/62 ^^V\T1/cmr/m/n/9 12\C70/gbsn/m/n/9/
30 ^^B 
 []


Overfull \hbox (2.78845pt too wide) in paragraph at lines 757--758
\T1/cmr/m/n/9 bi-na-ries, http://www.mingw.org/), Bor-land BCB 5.1 (http://www.
borland.com/), Open
 []


Overfull \hbox (101.04022pt too wide) in paragraph at lines 757--758
\T1/cmr/m/n/9 Wat-com (WCL) 1.2 (http://www.openwatcom.org/), Dig-i-tal Mars (D
MC) 8.38n (http://www.digitalmars.com/),
 []


Overfull \hbox (23.80348pt too wide) in paragraph at lines 757--758
\T1/cmr/m/n/9 (http://www.metrowerks.com/), \C70/gbsn/m/n/9/54 å \T1/cmr/m/n/9 
Comeau C++ 4.3 (http://www.comeaucomputing.com/).
 []

[19]
Overfull \hbox (27.22243pt too wide) in paragraph at lines 780--781
[][][][][][][][][][]\C70/gbsn/m/n/9/59 Ç \C70/gbsn/m/n/9/67 ú \C70/gbsn/m/n/9/6
6 / \C70/gbsn/m/n/9/4e ^^@ * \C70/gbsn/m/n/9/97 ^ \C70/gbsn/m/n/9/86 Z \C70/gbs
n/m/n/9/62 ﬂ \C70/gbsn/m/n/9/51 ˝ \C70/gbsn/m/n/9/65 p \C70/gbsn/m/n/9/ff ^^H[]
[][][]	[]\C70/gbsn/m/n/9/8f Ÿ
 []


Overfull \hbox (63.5718pt too wide) in paragraph at lines 781--782
[][][][][][][][][][]\C70/gbsn/m/n/9/59 Ç \C70/gbsn/m/n/9/67 ú \C70/gbsn/m/n/9/6
6 / \C70/gbsn/m/n/9/4e ^^@ * \C70/gbsn/m/n/9/86 Z \C70/gbsn/m/n/9/62 ﬂ \C70/gbs
n/m/n/9/51 ˝ \C70/gbsn/m/n/9/65 p \C70/gbsn/m/n/9/ff ^^H[][]	[]\C70/gbsn/m/n/9/
8f Ÿ
 []


Overfull \hbox (22.48177pt too wide) in paragraph at lines 817--818
[]\T1/cmr/m/n/9 Borland\C70/gbsn/m/n/9/4f ^^? \C70/gbsn/m/n/9/75 ( \C70/gbsn/m/
n/9/4e Ü ^^@ * \C70/gbsn/m/n/9/4f ^^X \C70/gbsn/m/n/9/53 ^^V \C70/gbsn/m/n/9/65
 π \C70/gbsn/m/n/9/6c ’ \C70/gbsn/m/n/9/ff ^^Z \C70/gbsn/m/n/9/59 Ç \C70/gbsn/m
/n/9/67 ú \C70/gbsn/m/n/9/8f Ÿ \C70/gbsn/m/n/9/4e * \C70/gbsn/m/n/9/7c { \C70/g
bsn/m/n/9/66 / \C70/gbsn/m/n/9/53 U \C70/gbsn/m/n/9/4e ^^@ \C70/gbsn/m/n/9/7e Á
 \C70/gbsn/m/n/9/62 ^^? \C70/gbsn/m/n/9/76 Ñ \C70/gbsn/m/n/9/ff ^^L \C70/gbsn/m
/n/9/7f ^^V \C70/gbsn/m/n/9/8b — \C70/gbsn/m/n/9/56 h \C70/gbsn/m/n/9/5c 1 \C70
/gbsn/m/n/9/4f ^^Z \C70/gbsn/m/n/9/77 Â \C70/gbsn/m/n/9/90 S\T1/cmr/m/n/9 delta
\C70/gbsn/m/n/9/54 å\T1/cmr/m/n/9 vindex\C70/gbsn/m/n/9/76 Ñ
 []

[20]
Overfull \hbox (2.02036pt too wide) in paragraph at lines 830--831
[]\T1/cmr/m/n/9 Inter\C70/gbsn/m/n/9/76 Ñ\T1/cmr/m/n/9 Itanium\C70/gbsn/m/n/9/7
f ^^V \C70/gbsn/m/n/9/8b — \C70/gbsn/m/n/9/56 h \C70/gbsn/m/n/9/ff ^^H \C70/gbs
n/m/n/9/4f F \C70/gbsn/m/n/9/4e ^^M \C70/gbsn/m/n/9/66 / \C70/gbsn/m/n/9/5b É \
C70/gbsn/m/n/9/4e Ï \C70/gbsn/m/n/9/76 Ñ\T1/cmr/m/n/9 x86\C70/gbsn/m/n/9/7f ^^V
 \C70/gbsn/m/n/9/8b — \C70/gbsn/m/n/9/56 h \C70/gbsn/m/n/9/ff 	 \C70/gbsn/m/n/9
/5b ˘ \C70/gbsn/m/n/9/86 Z \C70/gbsn/m/n/9/62 ﬂ \C70/gbsn/m/n/9/7e Á \C70/gbsn/
m/n/9/62 ^^? \C70/gbsn/m/n/9/ff ^^H\T1/cmr/m/n/9 virtual in-her-i-tance\C70/gbs
n/m/n/9/ff 	
 []

[21]
Overfull \hbox (17.10498pt too wide) in paragraph at lines 849--850
\T1/cmr/m/n/9 ple_inheritance,\C70/gbsn/m/n/9/54 å \T1/cmr/m/n/9 __vir-tual_inh
eritance\C70/gbsn/m/n/9/ff ^^L \C70/gbsn/m/n/9/5e v \C70/gbsn/m/n/9/58 û \C70/g
bsn/m/n/9/8b æ \C70/gbsn/m/n/9/4e Ü ^^@ õ \C70/gbsn/m/n/9/7f ^^V \C70/gbsn/m/n/
9/8b — \C70/gbsn/m/n/9/56 h \C70/gbsn/m/n/9/5f ^^@ \C70/gbsn/m/n/9/51 s \C70/gb
sn/m/n/9/ff ^^H\T1/cmr/m/n/9 compiler switch\C70/gbsn/m/n/9/ff 	 ^^L
 []


Overfull \hbox (74.61389pt too wide) in paragraph at lines 856--857
[][][][][][][][][][][][][][][][][][][][][][][][][][][][][][][][] 
 []


Overfull \hbox (40.16425pt too wide) in paragraph at lines 858--859
\C70/gbsn/m/n/9/ff ^^H\T1/cmr/m/n/9 virtual in-her-i-tance pointer\C70/gbsn/m/n
/9/ff 	 \C70/gbsn/m/n/9/52 ^^F \C70/gbsn/m/n/9/4e : $ \C70/gbsn/m/n/9/7c { \C70
/gbsn/m/n/9/ff ^^H\T1/cmr/m/n/9 __virtual_inheritance\C70/gbsn/m/n/9/54 å\T1/cm
r/m/n/9 __unknown_inheritance\C70/gbsn/m/n/9/ff 	 \C70/gbsn/m/n/9/30 ^^B 
 []


Overfull \hbox (60.88858pt too wide) in paragraph at lines 860--861
\C70/gbsn/m/n/9/88 h \C70/gbsn/m/n/9/4e Ü ^^@ \C70/gbsn/m/n/9/7b « \C70/gbsn/m/
n/9/97 ^ \C70/gbsn/m/n/9/5e 8 \C70/gbsn/m/n/9/53 ‰ \C70/gbsn/m/n/9/80 ^^A \C70/
gbsn/m/n/9/76 Ñ \C70/gbsn/m/n/9/65 á \C70/gbsn/m/n/9/7a ‡ \C70/gbsn/m/n/9/ff ^^
H\T1/cmr/m/n/9 http://msdn.microsoft.com/archive/en-us/dnarvc/html/jangrayhood.
asp\C70/gbsn/m/n/9/ff 	
 []

[22]
Overfull \hbox (15.38493pt too wide) in paragraph at lines 878--879
\C70/gbsn/m/n/9/ff ^^H \C70/gbsn/m/n/9/53 ¬ \C70/gbsn/m/n/9/89 ¡\T1/cmr/m/n/9 h
ttp://msdn.microsoft.com/library/en-us/dndotnet/html/fastmanagedcode.asp\C70/gb
sn/m/n/9/ff 	 \C70/gbsn/m/n/9/30 ^^B
 []


Overfull \hbox (0.79544pt too wide) in paragraph at lines 878--879
\C70/gbsn/m/n/9/62 ^^Q \C70/gbsn/m/n/9/73 ^^\ \C70/gbsn/m/n/9/6d K \C70/gbsn/m/
n/9/8f Ÿ \C70/gbsn/m/n/9/53 Ô \C70/gbsn/m/n/9/80 ˝ \C70/gbsn/m/n/9/66 / \C70/gb
sn/m/n/9/57 É > \C70/gbsn/m/n/9/65 6 \C70/gbsn/m/n/9/96 ∆ \C70/gbsn/m/n/9/54 å\
T1/cmr/m/n/9 .NET\C70/gbsn/m/n/9/5b â \C70/gbsn/m/n/9/51 h \C70/gbsn/m/n/9/68 ¿
 \C70/gbsn/m/n/9/67 Â \C70/gbsn/m/n/9/76 Ñ \C70/gbsn/m/n/9/97 ^^@ \C70/gbsn/m/n
/9/89 Å \C70/gbsn/m/n/9/30 ^^B \C70/gbsn/m/n/9/67 ^^@ \C70/gbsn/m/n/9/8f — \C70
/gbsn/m/n/9/ff ^^L \C70/gbsn/m/n/9/5f Æ \C70/gbsn/m/n/9/8f o \C70/gbsn/m/n/9/5c
 ^^F\T1/cmr/m/n/9 "\C70/gbsn/m/n/9/7e ﬂ \C70/gbsn/m/n/9/4e ^^@ ã ˆ \C70/gbsn/m/
n/9/6a ! \C70/gbsn/m/n/9/57 ã \C70/gbsn/m/n/9/ff ^^H\T1/cmr/m/n/9 unified
 []


Overfull \hbox (237.46495pt too wide) in paragraph at lines 878--879
\T1/cmr/m/n/9 event model\C70/gbsn/m/n/9/ff 	\T1/cmr/m/n/9 "\C70/gbsn/m/n/9/52 
† \C70/gbsn/m/n/9/51 e \C70/gbsn/m/n/9/52 0\T1/cmr/m/n/9 Visual C++\C70/gbsn/m/
n/9/4e - \C70/gbsn/m/n/9/ff ^^L \C70/gbsn/m/n/9/96 è \C70/gbsn/m/n/9/77 @ \C70/
gbsn/m/n/9/8f Ÿ \C70/gbsn/m/n/9/4e * \C70/gbsn/m/n/9/6a ! \C70/gbsn/m/n/9/57 ã 
\C70/gbsn/m/n/9/76 Ñ \C70/gbsn/m/n/9/52 † \C70/gbsn/m/n/9/51 e \C70/gbsn/m/n/9/
ff ^^L \C70/gbsn/m/n/9/58 û \C70/gbsn/m/n/9/52 † \C70/gbsn/m/n/9/4e Ü\T1/cmr/m/
n/9 __event\C70/gbsn/m/n/9/30 ^^A \T1/cmr/m/n/9 __raise\C70/gbsn/m/n/9/30 ^^A\T
1/cmr/m/n/9 __hook\C70/gbsn/m/n/9/30 ^^A\T1/cmr/m/n/9 __unhook\C70/gbsn/m/n/9/3
0 ^^A\T1/cmr/m/n/9 event_source\C70/gbsn/m/n/9/54 å\T1/cmr/m/n/9 event_receiver
\C70/gbsn/m/n/9/7b I
 []

[23] [24]
Overfull \hbox (22.31241pt too wide) in paragraph at lines 902--903
\C70/gbsn/m/n/9/53 — \C70/gbsn/m/n/9/4e Ü ^^@ * \C70/gbsn/m/n/9/7f ^^V \C70/gbs
n/m/n/9/8b — \C70/gbsn/m/n/9/65 ˆ \C70/gbsn/m/n/9/95 ^^Y \C70/gbsn/m/n/9/8b Ô \
C70/gbsn/m/n/9/ff ^^H\T1/cmr/m/n/9 compile-time er-ror\C70/gbsn/m/n/9/ff 	 ^^L 
\C70/gbsn/m/n/9/56 ‡ \C70/gbsn/m/n/9/4e : \C70/gbsn/m/n/9/97 ^^@ \C70/gbsn/m/n/
9/89 Å \C70/gbsn/m/n/9/4e ^^@ * \C70/gbsn/m/n/9/72 y \C70/gbsn/m/n/9/5b ö \C70/
gbsn/m/n/9/76 Ñ \C70/gbsn/m/n/9/8f – \C70/gbsn/m/n/9/88 L \C70/gbsn/m/n/9/73 Ø 
\C70/gbsn/m/n/9/58 É \C70/gbsn/m/n/9/ff ^^H\T1/cmr/m/n/9 workaround\C70/gbsn/m/
n/9/ff 	 \C70/gbsn/m/n/9/30 ^^B
 []


Overfull \hbox (4.86186pt too wide) in paragraph at lines 902--903
\C70/gbsn/m/n/9/59 Ç \C70/gbsn/m/n/9/67 ú \C70/gbsn/m/n/9/4f ` \C70/gbsn/m/n/9/
57 (\T1/cmr/m/n/9 MSVC\C70/gbsn/m/n/9/4e - \C70/gbsn/m/n/9/4f ^^? \C70/gbsn/m/n
/9/75 ( \C70/gbsn/m/n/9/86 Z \C70/gbsn/m/n/9/62 ﬂ \C70/gbsn/m/n/9/7e Á \C70/gbs
n/m/n/9/62 ^^? \C70/gbsn/m/n/9/ff ^^L \C70/gbsn/m/n/9/89 Å \C70/gbsn/m/n/9/57 (
 \C70/gbsn/m/n/9/58  \C70/gbsn/m/n/9/66 ^^N \C70/gbsn/m/n/9/7c { \C70/gbsn/m/n
/9/4e K \C70/gbsn/m/n/9/52 M \C70/gbsn/m/n/9/4f ^^? \C70/gbsn/m/n/9/75 (\T1/cmr
/m/n/9 FASTDELEGATEDECLARE\C70/gbsn/m/n/9/5b è \C70/gbsn/m/n/9/30 ^^B
 []


Overfull \hbox (91.6199pt too wide) in paragraph at lines 905--906
[][][][][][][][][][][][][][][][][][][][][][][] 
 []

[25] [26]
Overfull \hbox (60.74066pt too wide) in paragraph at lines 945--946
[]\C70/gbsn/m/n/9/4e  \C70/gbsn/m/n/9/97 b \C70/gbsn/m/n/9/66 /\T1/cmr/m/n/9 F
astDelegateDemo.cpp\C70/gbsn/m/n/9/76 Ñ \C70/gbsn/m/n/9/82 Ç \C70/gbsn/m/n/9/90
 	 \C70/gbsn/m/n/9/ff ^^L \C70/gbsn/m/n/9/5b É \C70/gbsn/m/n/9/5c U \C70/gbsn/m
/n/9/79 : \C70/gbsn/m/n/9/4e Ü \C70/gbsn/m/n/9/59 ' ^^Z \C70/gbsn/m/n/9/65 p \C
70/gbsn/m/n/9/51 A \C70/gbsn/m/n/9/8b ∏ \C70/gbsn/m/n/9/76 Ñ \C70/gbsn/m/n/9/64
 Õ \C70/gbsn/m/n/9/4f \ \C70/gbsn/m/n/9/30 ^^B\T1/cmr/m/n/9 CBaseClass\C70/gbsn
/m/n/9/66 /\T1/cmr/m/n/9 CDerivedClass\C70/gbsn/m/n/9/76 Ñ
 []


Overfull \hbox (7.41405pt too wide) in paragraph at lines 945--946
\C70/gbsn/m/n/9/86 Z \C70/gbsn/m/n/9/57 ˙ \C70/gbsn/m/n/9/7c { \C70/gbsn/m/n/9/
30 ^^B \C70/gbsn/m/n/9/4f ` \C70/gbsn/m/n/9/53 Ô \C70/gbsn/m/n/9/4e Â \C70/gbsn
/m/n/9/68 9 \C70/gbsn/m/n/9/63 n \C70/gbsn/m/n/9/8f Ÿ \C70/gbsn/m/n/9/4e * „ \C
70/gbsn/m/n/9/78 ^^A \C70/gbsn/m/n/9/51 ô ˙ \C70/gbsn/m/n/9/66 Ù \C70/gbsn/m/n/
9/7c æ \C70/gbsn/m/n/9/5f i \C70/gbsn/m/n/9/76 Ñ \C70/gbsn/m/n/9/4e „ \C70/gbsn
/m/n/9/78 ^^A \C70/gbsn/m/n/9/ff ^^L \C70/gbsn/m/n/9/4e  \C70/gbsn/m/n/9/97 b 
\C70/gbsn/m/n/9/76 Ñ \C70/gbsn/m/n/9/4e „ \C70/gbsn/m/n/9/78 ^^A \C70/gbsn/m/n/
9/53 Í \C70/gbsn/m/n/9/66 / \C70/gbsn/m/n/9/8b Ù \C70/gbsn/m/n/9/66 ^^N \C70/gb
sn/m/n/9/4f ^^? \C70/gbsn/m/n/9/75 (\T1/cmr/m/n/9 FastDelegate\C70/gbsn/m/n/9/7
6 Ñ
 []


Overfull \hbox (97.28857pt too wide) in paragraph at lines 958--960
[][][][][][][][][][][][][][][][][][][][][][][][][][][][][][][][][][][] 
 []


Overfull \hbox (12.25851pt too wide) in paragraph at lines 980--982
[][][][][][][][][][][][][][][] 
 []

[27]
Overfull \hbox (12.25851pt too wide) in paragraph at lines 985--986
[][][][][][][][][][][][][][][][] 
 []


Overfull \hbox (0.92117pt too wide) in paragraph at lines 986--988
[][][][][][][][][][][][][][][][] 
 []


Overfull \hbox (68.94522pt too wide) in paragraph at lines 988--990
[][][][][][][][][][][][][][][][][][][] 
 []


Overfull \hbox (6.58984pt too wide) in paragraph at lines 997--998
[][][][][][][][][][][][][][][][][][][][][][][][][][][][][][] 
 []

[28]
Overfull \hbox (0.29593pt too wide) in paragraph at lines 1029--1030
\C70/gbsn/m/n/9/5c U \C70/gbsn/m/n/9/ff ^^L \C70/gbsn/m/n/9/4e Œ \C70/gbsn/m/n/
9/80 ^^L \C70/gbsn/m/n/9/65 / \C70/gbsn/m/n/9/63 ^^A \C70/gbsn/m/n/9/59 ^^Z \C7
0/gbsn/m/n/9/64 ≠ \C70/gbsn/m/n/9/59 ‘ \C70/gbsn/m/n/9/62 X \C70/gbsn/m/n/9/ff 
^^H\T1/cmr/m/n/9 multi-cast del-e-gate\C70/gbsn/m/n/9/ff 	 \C70/gbsn/m/n/9/4e Â
 \C70/gbsn/m/n/9/53   \C70/gbsn/m/n/9/66 Ù \C70/gbsn/m/n/9/59 ^^Z \C70/gbsn/m/n
/9/7c { \C70/gbsn/m/n/9/57 ã \C70/gbsn/m/n/9/76 Ñ \C70/gbsn/m/n/9/59 ‘ \C70/gbs
n/m/n/9/62 X \C70/gbsn/m/n/9/30 ^^B \C70/gbsn/m/n/9/62 ^^Q \C70/gbsn/m/n/9/57 (
\T1/cmr/m/n/9 CodeProject\C70/gbsn/m/n/9/4e 

 []


Overfull \hbox (46.90643pt too wide) in paragraph at lines 1046--1047
\T1/cmr/m/n/9 MSVC. There's a help-ful dis-cus-sion of the code here. \C70/gbsn
/m/n/9/ff ^^H\T1/cmr/m/n/9 http://www.tutok.sk/fastgl/callback.html\C70/gbsn/m/
n/9/ff 	 
 []


Overfull \hbox (66.32945pt too wide) in paragraph at lines 1050--1051
\T1/cmr/m/n/9 ac-cepted into the new C++ stan-dard. \C70/gbsn/m/n/9/ff ^^H\T1/c
mr/m/n/9 http://www.cuj.com/documents/s=8464/cujcexp0308sutter/\C70/gbsn/m/n/9/
ff 	 
 []

[29]
Overfull \hbox (101.41473pt too wide) in paragraph at lines 1056--1057
[]\T1/cmr/m/n/9 [Sutter3] Herb Sut-ter's Guru of the Week ar-ti-cle on generic 
call-backs. \C70/gbsn/m/n/9/ff ^^H\T1/cmr/m/n/9 http://www.gotw.ca/gotw/083.htm
\C70/gbsn/m/n/9/ff 	 
 []

[30] (./artPtr.aux) ) 
Here is how much of TeX's memory you used:
 7546 strings out of 495059
 100734 string characters out of 3182030
 189399 words of memory out of 3000000
 10368 multiletter control sequences out of 15000+200000
 57244 words of font info for 189 fonts, out of 3000000 for 9000
 14 hyphenation exceptions out of 8191
 37i,6n,58p,1438b,2306s stack positions out of 5000i,500n,10000p,200000b,50000s
 </home/jenny/.texmf-var/fonts/pk/ljfour/jknappen/ec/ecbx0
900.600pk> </home/jenny/.texmf-var/fonts/pk/ljfour/jknappen/ec/ecbx1000.600pk> 
</home/jenny/.texmf-var/fonts/pk/ljfour/jknappen/ec/ecbx1200.600pk> </home/jenn
y/.texmf-var/fonts/pk/ljfour/jknappen/ec/ecrm1000.600pk> </home/jenny/.texmf-va
r/fonts/pk/ljfour/jknappen/ec/ecit0900.600pk> </home/jenny/.texmf-var/fonts/pk/
ljfour/jknappen/ec/ectt0900.600pk> </home/jenny/.texmf-var/fonts/pk/ljfour/jkna
ppen/ec/ecrm0500.600pk> </home/jenny/.texmf-var/fonts/pk/ljfour/jknappen/ec/ecr
m0900.600pk> </home/jenny/.texmf-var/fonts/pk/ljfour/jknappen/ec/ecbx1440.600pk
> </home/jenny/.texmf-var/fonts/pk/ljfour/jknappen/ec/ecrm1200.600pk> </home/je
nny/.texmf-var/fonts/pk/ljfour/jknappen/ec/ecrm1728.600pk></usr/share/texlive/t
exmf-dist/fonts/type1/public/amsfonts/cm/cmsy9.pfb></usr/share/texmf/fonts/type
1/arphic/gbsnu/gbsnu30.pfb></usr/share/texmf/fonts/type1/arphic/gbsnu/gbsnu4e.p
fb></usr/share/texmf/fonts/type1/arphic/gbsnu/gbsnu4f.pfb></usr/share/texmf/fon
ts/type1/arphic/gbsnu/gbsnu50.pfb></usr/share/texmf/fonts/type1/arphic/gbsnu/gb
snu51.pfb></usr/share/texmf/fonts/type1/arphic/gbsnu/gbsnu52.pfb></usr/share/te
xmf/fonts/type1/arphic/gbsnu/gbsnu53.pfb></usr/share/texmf/fonts/type1/arphic/g
bsnu/gbsnu54.pfb></usr/share/texmf/fonts/type1/arphic/gbsnu/gbsnu55.pfb></usr/s
hare/texmf/fonts/type1/arphic/gbsnu/gbsnu56.pfb></usr/share/texmf/fonts/type1/a
rphic/gbsnu/gbsnu57.pfb></usr/share/texmf/fonts/type1/arphic/gbsnu/gbsnu58.pfb>
</usr/share/texmf/fonts/type1/arphic/gbsnu/gbsnu59.pfb></usr/share/texmf/fonts/
type1/arphic/gbsnu/gbsnu5a.pfb></usr/share/texmf/fonts/type1/arphic/gbsnu/gbsnu
5b.pfb></usr/share/texmf/fonts/type1/arphic/gbsnu/gbsnu5c.pfb></usr/share/texmf
/fonts/type1/arphic/gbsnu/gbsnu5d.pfb></usr/share/texmf/fonts/type1/arphic/gbsn
u/gbsnu5e.pfb></usr/share/texmf/fonts/type1/arphic/gbsnu/gbsnu5f.pfb></usr/shar
e/texmf/fonts/type1/arphic/gbsnu/gbsnu60.pfb></usr/share/texmf/fonts/type1/arph
ic/gbsnu/gbsnu61.pfb></usr/share/texmf/fonts/type1/arphic/gbsnu/gbsnu62.pfb></u
sr/share/texmf/fonts/type1/arphic/gbsnu/gbsnu63.pfb></usr/share/texmf/fonts/typ
e1/arphic/gbsnu/gbsnu64.pfb></usr/share/texmf/fonts/type1/arphic/gbsnu/gbsnu65.
pfb></usr/share/texmf/fonts/type1/arphic/gbsnu/gbsnu66.pfb></usr/share/texmf/fo
nts/type1/arphic/gbsnu/gbsnu67.pfb></usr/share/texmf/fonts/type1/arphic/gbsnu/g
bsnu68.pfb></usr/share/texmf/fonts/type1/arphic/gbsnu/gbsnu69.pfb></usr/share/t
exmf/fonts/type1/arphic/gbsnu/gbsnu6a.pfb></usr/share/texmf/fonts/type1/arphic/
gbsnu/gbsnu6b.pfb></usr/share/texmf/fonts/type1/arphic/gbsnu/gbsnu6c.pfb></usr/
share/texmf/fonts/type1/arphic/gbsnu/gbsnu6d.pfb></usr/share/texmf/fonts/type1/
arphic/gbsnu/gbsnu6e.pfb></usr/share/texmf/fonts/type1/arphic/gbsnu/gbsnu6f.pfb
></usr/share/texmf/fonts/type1/arphic/gbsnu/gbsnu70.pfb></usr/share/texmf/fonts
/type1/arphic/gbsnu/gbsnu71.pfb></usr/share/texmf/fonts/type1/arphic/gbsnu/gbsn
u72.pfb></usr/share/texmf/fonts/type1/arphic/gbsnu/gbsnu73.pfb></usr/share/texm
f/fonts/type1/arphic/gbsnu/gbsnu74.pfb></usr/share/texmf/fonts/type1/arphic/gbs
nu/gbsnu75.pfb></usr/share/texmf/fonts/type1/arphic/gbsnu/gbsnu76.pfb></usr/sha
re/texmf/fonts/type1/arphic/gbsnu/gbsnu77.pfb></usr/share/texmf/fonts/type1/arp
hic/gbsnu/gbsnu78.pfb></usr/share/texmf/fonts/type1/arphic/gbsnu/gbsnu79.pfb></
usr/share/texmf/fonts/type1/arphic/gbsnu/gbsnu7a.pfb></usr/share/texmf/fonts/ty
pe1/arphic/gbsnu/gbsnu7b.pfb></usr/share/texmf/fonts/type1/arphic/gbsnu/gbsnu7c
.pfb></usr/share/texmf/fonts/type1/arphic/gbsnu/gbsnu7d.pfb></usr/share/texmf/f
onts/type1/arphic/gbsnu/gbsnu7e.pfb></usr/share/texmf/fonts/type1/arphic/gbsnu/
gbsnu7f.pfb></usr/share/texmf/fonts/type1/arphic/gbsnu/gbsnu80.pfb></usr/share/
texmf/fonts/type1/arphic/gbsnu/gbsnu81.pfb></usr/share/texmf/fonts/type1/arphic
/gbsnu/gbsnu82.pfb></usr/share/texmf/fonts/type1/arphic/gbsnu/gbsnu83.pfb></usr
/share/texmf/fonts/type1/arphic/gbsnu/gbsnu84.pfb></usr/share/texmf/fonts/type1
/arphic/gbsnu/gbsnu85.pfb></usr/share/texmf/fonts/type1/arphic/gbsnu/gbsnu86.pf
b></usr/share/texmf/fonts/type1/arphic/gbsnu/gbsnu88.pfb></usr/share/texmf/font
s/type1/arphic/gbsnu/gbsnu89.pfb></usr/share/texmf/fonts/type1/arphic/gbsnu/gbs
nu8a.pfb></usr/share/texmf/fonts/type1/arphic/gbsnu/gbsnu8b.pfb></usr/share/tex
mf/fonts/type1/arphic/gbsnu/gbsnu8c.pfb></usr/share/texmf/fonts/type1/arphic/gb
snu/gbsnu8d.pfb></usr/share/texmf/fonts/type1/arphic/gbsnu/gbsnu8e.pfb></usr/sh
are/texmf/fonts/type1/arphic/gbsnu/gbsnu8f.pfb></usr/share/texmf/fonts/type1/ar
phic/gbsnu/gbsnu90.pfb></usr/share/texmf/fonts/type1/arphic/gbsnu/gbsnu91.pfb><
/usr/share/texmf/fonts/type1/arphic/gbsnu/gbsnu92.pfb></usr/share/texmf/fonts/t
ype1/arphic/gbsnu/gbsnu94.pfb></usr/share/texmf/fonts/type1/arphic/gbsnu/gbsnu9
5.pfb></usr/share/texmf/fonts/type1/arphic/gbsnu/gbsnu96.pfb></usr/share/texmf/
fonts/type1/arphic/gbsnu/gbsnu97.pfb></usr/share/texmf/fonts/type1/arphic/gbsnu
/gbsnu98.pfb></usr/share/texmf/fonts/type1/arphic/gbsnu/gbsnu99.pfb></usr/share
/texmf/fonts/type1/arphic/gbsnu/gbsnu9a.pfb></usr/share/texmf/fonts/type1/arphi
c/gbsnu/gbsnu9e.pfb></usr/share/texmf/fonts/type1/arphic/gbsnu/gbsnuff.pfb>
Output written on artPtr.pdf (30 pages, 868591 bytes).
PDF statistics:
 870 PDF objects out of 1000 (max. 8388607)
 348 compressed objects within 4 object streams
 0 named destinations out of 1000 (max. 500000)
 313 words of extra memory for PDF output out of 10000 (max. 10000000)

