语法

    0 $accept: program $end

    1 program: declaration_list

    2 declaration_list: declaration_list declaration
    3                 | declaration

    4 declaration: var_declaration
    5            | fun_declaration

    6 var_declaration: type_specifier var_decl_list ';'

    7 scoped_var_declaration: STATIC type_specifier var_decl_list ';'
    8                       | type_specifier var_decl_list ';'

    9 var_decl_list: var_decl_list ',' var_decl_initialize
   10              | var_decl_initialize

   11 var_decl_initialize: ID
   12                    | ID '[' NUMCONST ']'
   13                    | ID ':' simple_expression
   14                    | ID '[' NUMCONST ']' ':' simple_expression

   15 type_specifier: INT
   16               | BOOL
   17               | CHAR
   18               | VOID

   19 fun_declaration: type_specifier ID '(' params ')' statement
   20                | ID '(' params ')' statement

   21 params: param_list
   22       | /* 空 */

   23 param_list: param_list ';' type_specifier param_id_list
   24           | type_specifier param_id_list

   25 param_id_list: param_id_list ',' param_id
   26              | param_id

   27 param_id: ID
   28         | ID '[' ']'

   29 statement: ifmatched
   30          | ifunmatched

   31 ifmatched: IF '(' simple_expression ')' ifmatched ELSE ifmatched
   32          | WHILE '(' simple_expression ')' ifmatched
   33          | FOREACH '(' mutable IN simple_expression ')' ifmatched
   34          | expression_stmt

   35 ifunmatched: IF '(' simple_expression ')' ifmatched ELSE ifunmatched
   36            | IF '(' simple_expression ')' statement
   37            | WHILE '(' simple_expression ')' ifunmatched
   38            | FOREACH '(' mutable IN simple_expression ')' ifunmatched

   39 expression_stmt: compound_stmt
   40                | RETURN ';'
   41                | RETURN expression ';'
   42                | BREAK ';'
   43                | expression ';'
   44                | ';'

   45 compound_stmt: '{' local_declarations statement_list '}'

   46 local_declarations: local_declarations scoped_var_declaration
   47                   | /* 空 */

   48 statement_list: statement_list statement
   49               | /* 空 */

   50 expression: mutable '=' expression
   51           | mutable PASSIGN expression
   52           | mutable MASSIGN expression
   53           | mutable INC
   54           | mutable DEC
   55           | simple_expression

   56 simple_expression: simple_expression OR and_expression
   57                  | and_expression

   58 and_expression: and_expression AND unary_rel_expression
   59               | unary_rel_expression

   60 unary_rel_expression: NOT unary_rel_expression
   61                     | rel_expression

   62 rel_expression: sum_expression '<' sum_expression
   63               | sum_expression '>' sum_expression
   64               | sum_expression LEQ sum_expression
   65               | sum_expression GEQ sum_expression
   66               | sum_expression EQ sum_expression
   67               | sum_expression NEQ sum_expression
   68               | sum_expression

   69 sum_expression: sum_expression '+' term
   70               | sum_expression '-' term
   71               | term

   72 term: term mulop unary_expression
   73     | unary_expression

   74 mulop: '*'
   75      | '/'
   76      | '%'

   77 unary_expression: unaryop unary_expression
   78                 | factor

   79 unaryop: '-'
   80        | '*'

   81 factor: immutable
   82       | mutable

   83 mutable: ID
   84        | ID '[' expression ']'

   85 immutable: '(' expression ')'
   86          | call
   87          | NUMCONST
   88          | CHARCONST
   89          | STRINGCONST
   90          | TRUE
   91          | FALSE

   92 call: ID '(' args ')'

   93 args: arg_list
   94     | /* 空 */

   95 arg_list: arg_list ',' expression
   96         | expression


Terminals, with rules where they appear

$end (0) 0
'%' (37) 76
'(' (40) 19 20 31 32 33 35 36 37 38 85 92
')' (41) 19 20 31 32 33 35 36 37 38 85 92
'*' (42) 74 80
'+' (43) 69
',' (44) 9 25 95
'-' (45) 70 79
'/' (47) 75
':' (58) 13 14
';' (59) 6 7 8 23 40 41 42 43 44
'<' (60) 62
'=' (61) 50
'>' (62) 63
'[' (91) 12 14 28 84
']' (93) 12 14 28 84
'{' (123) 45
'}' (125) 45
error (256)
PASSIGN (258) 51
MASSIGN (259) 52
INC (260) 53
DEC (261) 54
EQ (262) 66
NEQ (263) 67
LEQ (264) 64
GEQ (265) 65
ID (266) 11 12 13 14 19 20 27 28 83 84 92
CHARCONST (267) 88
NUMCONST (268) 12 14 87
STRINGCONST (269) 89
IF (270) 31 35 36
ELSE (271) 31 35
WHILE (272) 32 37
FOREACH (273) 33 38
IN (274) 33 38
STATIC (275) 7
INT (276) 15
BOOL (277) 16
CHAR (278) 17
VOID (279) 18
TRUE (280) 90
FALSE (281) 91
RETURN (282) 40 41
BREAK (283) 42
AND (284) 58
OR (285) 56
NOT (286) 60


Nonterminals, with rules where they appear

$accept (49)
    左： 0
program (50)
    左： 1, 右： 0
declaration_list (51)
    左： 2 3, 右： 1 2
declaration (52)
    左： 4 5, 右： 2 3
var_declaration (53)
    左： 6, 右： 4
scoped_var_declaration (54)
    左： 7 8, 右： 46
var_decl_list (55)
    左： 9 10, 右： 6 7 8 9
var_decl_initialize (56)
    左： 11 12 13 14, 右： 9 10
type_specifier (57)
    左： 15 16 17 18, 右： 6 7 8 19 23 24
fun_declaration (58)
    左： 19 20, 右： 5
params (59)
    左： 21 22, 右： 19 20
param_list (60)
    左： 23 24, 右： 21 23
param_id_list (61)
    左： 25 26, 右： 23 24 25
param_id (62)
    左： 27 28, 右： 25 26
statement (63)
    左： 29 30, 右： 19 20 36 48
ifmatched (64)
    左： 31 32 33 34, 右： 29 31 32 33 35
ifunmatched (65)
    左： 35 36 37 38, 右： 30 35 37 38
expression_stmt (66)
    左： 39 40 41 42 43 44, 右： 34
compound_stmt (67)
    左： 45, 右： 39
local_declarations (68)
    左： 46 47, 右： 45 46
statement_list (69)
    左： 48 49, 右： 45 48
expression (70)
    左： 50 51 52 53 54 55, 右： 41 43 50 51 52 84 85 95 96
simple_expression (71)
    左： 56 57, 右： 13 14 31 32 33 35 36 37 38 55 56
and_expression (72)
    左： 58 59, 右： 56 57 58
unary_rel_expression (73)
    左： 60 61, 右： 58 59 60
rel_expression (74)
    左： 62 63 64 65 66 67 68, 右： 61
sum_expression (75)
    左： 69 70 71, 右： 62 63 64 65 66 67 68 69 70
term (76)
    左： 72 73, 右： 69 70 71 72
mulop (77)
    左： 74 75 76, 右： 72
unary_expression (78)
    左： 77 78, 右： 72 73 77
unaryop (79)
    左： 79 80, 右： 77
factor (80)
    左： 81 82, 右： 78
mutable (81)
    左： 83 84, 右： 33 38 50 51 52 53 54 82
immutable (82)
    左： 85 86 87 88 89 90 91, 右： 81
call (83)
    左： 92, 右： 86
args (84)
    左： 93 94, 右： 92
arg_list (85)
    左： 95 96, 右： 93 95


状态 0

    0 $accept: . program $end

    ID    shift, and go to state 1
    INT   shift, and go to state 2
    BOOL  shift, and go to state 3
    CHAR  shift, and go to state 4
    VOID  shift, and go to state 5

    program           转到状态6
    declaration_list  转到状态7
    declaration       转到状态8
    var_declaration   转到状态9
    type_specifier    转到状态10
    fun_declaration   转到状态11


状态 1

   20 fun_declaration: ID . '(' params ')' statement

    '('  shift, and go to state 12


状态 2

   15 type_specifier: INT .

    $default  reduce using rule 15 (type_specifier)


状态 3

   16 type_specifier: BOOL .

    $default  reduce using rule 16 (type_specifier)


状态 4

   17 type_specifier: CHAR .

    $default  reduce using rule 17 (type_specifier)


状态 5

   18 type_specifier: VOID .

    $default  reduce using rule 18 (type_specifier)


状态 6

    0 $accept: program . $end

    $end  shift, and go to state 13


状态 7

    1 program: declaration_list .
    2 declaration_list: declaration_list . declaration

    ID    shift, and go to state 1
    INT   shift, and go to state 2
    BOOL  shift, and go to state 3
    CHAR  shift, and go to state 4
    VOID  shift, and go to state 5

    $default  reduce using rule 1 (program)

    declaration      转到状态14
    var_declaration  转到状态9
    type_specifier   转到状态10
    fun_declaration  转到状态11


状态 8

    3 declaration_list: declaration .

    $default  reduce using rule 3 (declaration_list)


状态 9

    4 declaration: var_declaration .

    $default  reduce using rule 4 (declaration)


状态 10

    6 var_declaration: type_specifier . var_decl_list ';'
   19 fun_declaration: type_specifier . ID '(' params ')' statement

    ID  shift, and go to state 15

    var_decl_list        转到状态16
    var_decl_initialize  转到状态17


状态 11

    5 declaration: fun_declaration .

    $default  reduce using rule 5 (declaration)


状态 12

   20 fun_declaration: ID '(' . params ')' statement

    INT   shift, and go to state 2
    BOOL  shift, and go to state 3
    CHAR  shift, and go to state 4
    VOID  shift, and go to state 5

    $default  reduce using rule 22 (params)

    type_specifier  转到状态18
    params          转到状态19
    param_list      转到状态20


状态 13

    0 $accept: program $end .

    $default  接受


状态 14

    2 declaration_list: declaration_list declaration .

    $default  reduce using rule 2 (declaration_list)


状态 15

   11 var_decl_initialize: ID .
   12                    | ID . '[' NUMCONST ']'
   13                    | ID . ':' simple_expression
   14                    | ID . '[' NUMCONST ']' ':' simple_expression
   19 fun_declaration: type_specifier ID . '(' params ')' statement

    ':'  shift, and go to state 21
    '('  shift, and go to state 22
    '['  shift, and go to state 23

    $default  reduce using rule 11 (var_decl_initialize)


状态 16

    6 var_declaration: type_specifier var_decl_list . ';'
    9 var_decl_list: var_decl_list . ',' var_decl_initialize

    ','  shift, and go to state 24
    ';'  shift, and go to state 25


状态 17

   10 var_decl_list: var_decl_initialize .

    $default  reduce using rule 10 (var_decl_list)


状态 18

   24 param_list: type_specifier . param_id_list

    ID  shift, and go to state 26

    param_id_list  转到状态27
    param_id       转到状态28


状态 19

   20 fun_declaration: ID '(' params . ')' statement

    ')'  shift, and go to state 29


状态 20

   21 params: param_list .
   23 param_list: param_list . ';' type_specifier param_id_list

    ';'  shift, and go to state 30

    $default  reduce using rule 21 (params)


状态 21

   13 var_decl_initialize: ID ':' . simple_expression

    ID           shift, and go to state 31
    CHARCONST    shift, and go to state 32
    NUMCONST     shift, and go to state 33
    STRINGCONST  shift, and go to state 34
    TRUE         shift, and go to state 35
    FALSE        shift, and go to state 36
    '('          shift, and go to state 37
    NOT          shift, and go to state 38
    '*'          shift, and go to state 39
    '-'          shift, and go to state 40

    simple_expression     转到状态41
    and_expression        转到状态42
    unary_rel_expression  转到状态43
    rel_expression        转到状态44
    sum_expression        转到状态45
    term                  转到状态46
    unary_expression      转到状态47
    unaryop               转到状态48
    factor                转到状态49
    mutable               转到状态50
    immutable             转到状态51
    call                  转到状态52


状态 22

   19 fun_declaration: type_specifier ID '(' . params ')' statement

    INT   shift, and go to state 2
    BOOL  shift, and go to state 3
    CHAR  shift, and go to state 4
    VOID  shift, and go to state 5

    $default  reduce using rule 22 (params)

    type_specifier  转到状态18
    params          转到状态53
    param_list      转到状态20


状态 23

   12 var_decl_initialize: ID '[' . NUMCONST ']'
   14                    | ID '[' . NUMCONST ']' ':' simple_expression

    NUMCONST  shift, and go to state 54


状态 24

    9 var_decl_list: var_decl_list ',' . var_decl_initialize

    ID  shift, and go to state 55

    var_decl_initialize  转到状态56


状态 25

    6 var_declaration: type_specifier var_decl_list ';' .

    $default  reduce using rule 6 (var_declaration)


状态 26

   27 param_id: ID .
   28         | ID . '[' ']'

    '['  shift, and go to state 57

    $default  reduce using rule 27 (param_id)


状态 27

   24 param_list: type_specifier param_id_list .
   25 param_id_list: param_id_list . ',' param_id

    ','  shift, and go to state 58

    $default  reduce using rule 24 (param_list)


状态 28

   26 param_id_list: param_id .

    $default  reduce using rule 26 (param_id_list)


状态 29

   20 fun_declaration: ID '(' params ')' . statement

    ID           shift, and go to state 31
    CHARCONST    shift, and go to state 32
    NUMCONST     shift, and go to state 33
    STRINGCONST  shift, and go to state 34
    IF           shift, and go to state 59
    WHILE        shift, and go to state 60
    FOREACH      shift, and go to state 61
    TRUE         shift, and go to state 35
    FALSE        shift, and go to state 36
    RETURN       shift, and go to state 62
    BREAK        shift, and go to state 63
    ';'          shift, and go to state 64
    '{'          shift, and go to state 65
    '('          shift, and go to state 37
    NOT          shift, and go to state 38
    '*'          shift, and go to state 39
    '-'          shift, and go to state 40

    statement             转到状态66
    ifmatched             转到状态67
    ifunmatched           转到状态68
    expression_stmt       转到状态69
    compound_stmt         转到状态70
    expression            转到状态71
    simple_expression     转到状态72
    and_expression        转到状态42
    unary_rel_expression  转到状态43
    rel_expression        转到状态44
    sum_expression        转到状态45
    term                  转到状态46
    unary_expression      转到状态47
    unaryop               转到状态48
    factor                转到状态49
    mutable               转到状态73
    immutable             转到状态51
    call                  转到状态52


状态 30

   23 param_list: param_list ';' . type_specifier param_id_list

    INT   shift, and go to state 2
    BOOL  shift, and go to state 3
    CHAR  shift, and go to state 4
    VOID  shift, and go to state 5

    type_specifier  转到状态74


状态 31

   83 mutable: ID .
   84        | ID . '[' expression ']'
   92 call: ID . '(' args ')'

    '('  shift, and go to state 75
    '['  shift, and go to state 76

    $default  reduce using rule 83 (mutable)


状态 32

   88 immutable: CHARCONST .

    $default  reduce using rule 88 (immutable)


状态 33

   87 immutable: NUMCONST .

    $default  reduce using rule 87 (immutable)


状态 34

   89 immutable: STRINGCONST .

    $default  reduce using rule 89 (immutable)


状态 35

   90 immutable: TRUE .

    $default  reduce using rule 90 (immutable)


状态 36

   91 immutable: FALSE .

    $default  reduce using rule 91 (immutable)


状态 37

   85 immutable: '(' . expression ')'

    ID           shift, and go to state 31
    CHARCONST    shift, and go to state 32
    NUMCONST     shift, and go to state 33
    STRINGCONST  shift, and go to state 34
    TRUE         shift, and go to state 35
    FALSE        shift, and go to state 36
    '('          shift, and go to state 37
    NOT          shift, and go to state 38
    '*'          shift, and go to state 39
    '-'          shift, and go to state 40

    expression            转到状态77
    simple_expression     转到状态72
    and_expression        转到状态42
    unary_rel_expression  转到状态43
    rel_expression        转到状态44
    sum_expression        转到状态45
    term                  转到状态46
    unary_expression      转到状态47
    unaryop               转到状态48
    factor                转到状态49
    mutable               转到状态73
    immutable             转到状态51
    call                  转到状态52


状态 38

   60 unary_rel_expression: NOT . unary_rel_expression

    ID           shift, and go to state 31
    CHARCONST    shift, and go to state 32
    NUMCONST     shift, and go to state 33
    STRINGCONST  shift, and go to state 34
    TRUE         shift, and go to state 35
    FALSE        shift, and go to state 36
    '('          shift, and go to state 37
    NOT          shift, and go to state 38
    '*'          shift, and go to state 39
    '-'          shift, and go to state 40

    unary_rel_expression  转到状态78
    rel_expression        转到状态44
    sum_expression        转到状态45
    term                  转到状态46
    unary_expression      转到状态47
    unaryop               转到状态48
    factor                转到状态49
    mutable               转到状态50
    immutable             转到状态51
    call                  转到状态52


状态 39

   80 unaryop: '*' .

    $default  reduce using rule 80 (unaryop)


状态 40

   79 unaryop: '-' .

    $default  reduce using rule 79 (unaryop)


状态 41

   13 var_decl_initialize: ID ':' simple_expression .
   56 simple_expression: simple_expression . OR and_expression

    OR  shift, and go to state 79

    $default  reduce using rule 13 (var_decl_initialize)


状态 42

   57 simple_expression: and_expression .
   58 and_expression: and_expression . AND unary_rel_expression

    AND  shift, and go to state 80

    $default  reduce using rule 57 (simple_expression)


状态 43

   59 and_expression: unary_rel_expression .

    $default  reduce using rule 59 (and_expression)


状态 44

   61 unary_rel_expression: rel_expression .

    $default  reduce using rule 61 (unary_rel_expression)


状态 45

   62 rel_expression: sum_expression . '<' sum_expression
   63               | sum_expression . '>' sum_expression
   64               | sum_expression . LEQ sum_expression
   65               | sum_expression . GEQ sum_expression
   66               | sum_expression . EQ sum_expression
   67               | sum_expression . NEQ sum_expression
   68               | sum_expression .
   69 sum_expression: sum_expression . '+' term
   70               | sum_expression . '-' term

    EQ   shift, and go to state 81
    NEQ  shift, and go to state 82
    LEQ  shift, and go to state 83
    GEQ  shift, and go to state 84
    '<'  shift, and go to state 85
    '>'  shift, and go to state 86
    '-'  shift, and go to state 87
    '+'  shift, and go to state 88

    $default  reduce using rule 68 (rel_expression)


状态 46

   71 sum_expression: term .
   72 term: term . mulop unary_expression

    '*'  shift, and go to state 89
    '%'  shift, and go to state 90
    '/'  shift, and go to state 91

    $default  reduce using rule 71 (sum_expression)

    mulop  转到状态92


状态 47

   73 term: unary_expression .

    $default  reduce using rule 73 (term)


状态 48

   77 unary_expression: unaryop . unary_expression

    ID           shift, and go to state 31
    CHARCONST    shift, and go to state 32
    NUMCONST     shift, and go to state 33
    STRINGCONST  shift, and go to state 34
    TRUE         shift, and go to state 35
    FALSE        shift, and go to state 36
    '('          shift, and go to state 37
    '*'          shift, and go to state 39
    '-'          shift, and go to state 40

    unary_expression  转到状态93
    unaryop           转到状态48
    factor            转到状态49
    mutable           转到状态50
    immutable         转到状态51
    call              转到状态52


状态 49

   78 unary_expression: factor .

    $default  reduce using rule 78 (unary_expression)


状态 50

   82 factor: mutable .

    $default  reduce using rule 82 (factor)


状态 51

   81 factor: immutable .

    $default  reduce using rule 81 (factor)


状态 52

   86 immutable: call .

    $default  reduce using rule 86 (immutable)


状态 53

   19 fun_declaration: type_specifier ID '(' params . ')' statement

    ')'  shift, and go to state 94


状态 54

   12 var_decl_initialize: ID '[' NUMCONST . ']'
   14                    | ID '[' NUMCONST . ']' ':' simple_expression

    ']'  shift, and go to state 95


状态 55

   11 var_decl_initialize: ID .
   12                    | ID . '[' NUMCONST ']'
   13                    | ID . ':' simple_expression
   14                    | ID . '[' NUMCONST ']' ':' simple_expression

    ':'  shift, and go to state 21
    '['  shift, and go to state 23

    $default  reduce using rule 11 (var_decl_initialize)


状态 56

    9 var_decl_list: var_decl_list ',' var_decl_initialize .

    $default  reduce using rule 9 (var_decl_list)


状态 57

   28 param_id: ID '[' . ']'

    ']'  shift, and go to state 96


状态 58

   25 param_id_list: param_id_list ',' . param_id

    ID  shift, and go to state 26

    param_id  转到状态97


状态 59

   31 ifmatched: IF . '(' simple_expression ')' ifmatched ELSE ifmatched
   35 ifunmatched: IF . '(' simple_expression ')' ifmatched ELSE ifunmatched
   36            | IF . '(' simple_expression ')' statement

    '('  shift, and go to state 98


状态 60

   32 ifmatched: WHILE . '(' simple_expression ')' ifmatched
   37 ifunmatched: WHILE . '(' simple_expression ')' ifunmatched

    '('  shift, and go to state 99


状态 61

   33 ifmatched: FOREACH . '(' mutable IN simple_expression ')' ifmatched
   38 ifunmatched: FOREACH . '(' mutable IN simple_expression ')' ifunmatched

    '('  shift, and go to state 100


状态 62

   40 expression_stmt: RETURN . ';'
   41                | RETURN . expression ';'

    ID           shift, and go to state 31
    CHARCONST    shift, and go to state 32
    NUMCONST     shift, and go to state 33
    STRINGCONST  shift, and go to state 34
    TRUE         shift, and go to state 35
    FALSE        shift, and go to state 36
    ';'          shift, and go to state 101
    '('          shift, and go to state 37
    NOT          shift, and go to state 38
    '*'          shift, and go to state 39
    '-'          shift, and go to state 40

    expression            转到状态102
    simple_expression     转到状态72
    and_expression        转到状态42
    unary_rel_expression  转到状态43
    rel_expression        转到状态44
    sum_expression        转到状态45
    term                  转到状态46
    unary_expression      转到状态47
    unaryop               转到状态48
    factor                转到状态49
    mutable               转到状态73
    immutable             转到状态51
    call                  转到状态52


状态 63

   42 expression_stmt: BREAK . ';'

    ';'  shift, and go to state 103


状态 64

   44 expression_stmt: ';' .

    $default  reduce using rule 44 (expression_stmt)


状态 65

   45 compound_stmt: '{' . local_declarations statement_list '}'

    $default  reduce using rule 47 (local_declarations)

    local_declarations  转到状态104


状态 66

   20 fun_declaration: ID '(' params ')' statement .

    $default  reduce using rule 20 (fun_declaration)


状态 67

   29 statement: ifmatched .

    $default  reduce using rule 29 (statement)


状态 68

   30 statement: ifunmatched .

    $default  reduce using rule 30 (statement)


状态 69

   34 ifmatched: expression_stmt .

    $default  reduce using rule 34 (ifmatched)


状态 70

   39 expression_stmt: compound_stmt .

    $default  reduce using rule 39 (expression_stmt)


状态 71

   43 expression_stmt: expression . ';'

    ';'  shift, and go to state 105


状态 72

   55 expression: simple_expression .
   56 simple_expression: simple_expression . OR and_expression

    OR  shift, and go to state 79

    $default  reduce using rule 55 (expression)


状态 73

   50 expression: mutable . '=' expression
   51           | mutable . PASSIGN expression
   52           | mutable . MASSIGN expression
   53           | mutable . INC
   54           | mutable . DEC
   82 factor: mutable .

    PASSIGN  shift, and go to state 106
    MASSIGN  shift, and go to state 107
    INC      shift, and go to state 108
    DEC      shift, and go to state 109
    '='      shift, and go to state 110

    $default  reduce using rule 82 (factor)


状态 74

   23 param_list: param_list ';' type_specifier . param_id_list

    ID  shift, and go to state 26

    param_id_list  转到状态111
    param_id       转到状态28


状态 75

   92 call: ID '(' . args ')'

    ID           shift, and go to state 31
    CHARCONST    shift, and go to state 32
    NUMCONST     shift, and go to state 33
    STRINGCONST  shift, and go to state 34
    TRUE         shift, and go to state 35
    FALSE        shift, and go to state 36
    '('          shift, and go to state 37
    NOT          shift, and go to state 38
    '*'          shift, and go to state 39
    '-'          shift, and go to state 40

    $default  reduce using rule 94 (args)

    expression            转到状态112
    simple_expression     转到状态72
    and_expression        转到状态42
    unary_rel_expression  转到状态43
    rel_expression        转到状态44
    sum_expression        转到状态45
    term                  转到状态46
    unary_expression      转到状态47
    unaryop               转到状态48
    factor                转到状态49
    mutable               转到状态73
    immutable             转到状态51
    call                  转到状态52
    args                  转到状态113
    arg_list              转到状态114


状态 76

   84 mutable: ID '[' . expression ']'

    ID           shift, and go to state 31
    CHARCONST    shift, and go to state 32
    NUMCONST     shift, and go to state 33
    STRINGCONST  shift, and go to state 34
    TRUE         shift, and go to state 35
    FALSE        shift, and go to state 36
    '('          shift, and go to state 37
    NOT          shift, and go to state 38
    '*'          shift, and go to state 39
    '-'          shift, and go to state 40

    expression            转到状态115
    simple_expression     转到状态72
    and_expression        转到状态42
    unary_rel_expression  转到状态43
    rel_expression        转到状态44
    sum_expression        转到状态45
    term                  转到状态46
    unary_expression      转到状态47
    unaryop               转到状态48
    factor                转到状态49
    mutable               转到状态73
    immutable             转到状态51
    call                  转到状态52


状态 77

   85 immutable: '(' expression . ')'

    ')'  shift, and go to state 116


状态 78

   60 unary_rel_expression: NOT unary_rel_expression .

    $default  reduce using rule 60 (unary_rel_expression)


状态 79

   56 simple_expression: simple_expression OR . and_expression

    ID           shift, and go to state 31
    CHARCONST    shift, and go to state 32
    NUMCONST     shift, and go to state 33
    STRINGCONST  shift, and go to state 34
    TRUE         shift, and go to state 35
    FALSE        shift, and go to state 36
    '('          shift, and go to state 37
    NOT          shift, and go to state 38
    '*'          shift, and go to state 39
    '-'          shift, and go to state 40

    and_expression        转到状态117
    unary_rel_expression  转到状态43
    rel_expression        转到状态44
    sum_expression        转到状态45
    term                  转到状态46
    unary_expression      转到状态47
    unaryop               转到状态48
    factor                转到状态49
    mutable               转到状态50
    immutable             转到状态51
    call                  转到状态52


状态 80

   58 and_expression: and_expression AND . unary_rel_expression

    ID           shift, and go to state 31
    CHARCONST    shift, and go to state 32
    NUMCONST     shift, and go to state 33
    STRINGCONST  shift, and go to state 34
    TRUE         shift, and go to state 35
    FALSE        shift, and go to state 36
    '('          shift, and go to state 37
    NOT          shift, and go to state 38
    '*'          shift, and go to state 39
    '-'          shift, and go to state 40

    unary_rel_expression  转到状态118
    rel_expression        转到状态44
    sum_expression        转到状态45
    term                  转到状态46
    unary_expression      转到状态47
    unaryop               转到状态48
    factor                转到状态49
    mutable               转到状态50
    immutable             转到状态51
    call                  转到状态52


状态 81

   66 rel_expression: sum_expression EQ . sum_expression

    ID           shift, and go to state 31
    CHARCONST    shift, and go to state 32
    NUMCONST     shift, and go to state 33
    STRINGCONST  shift, and go to state 34
    TRUE         shift, and go to state 35
    FALSE        shift, and go to state 36
    '('          shift, and go to state 37
    '*'          shift, and go to state 39
    '-'          shift, and go to state 40

    sum_expression    转到状态119
    term              转到状态46
    unary_expression  转到状态47
    unaryop           转到状态48
    factor            转到状态49
    mutable           转到状态50
    immutable         转到状态51
    call              转到状态52


状态 82

   67 rel_expression: sum_expression NEQ . sum_expression

    ID           shift, and go to state 31
    CHARCONST    shift, and go to state 32
    NUMCONST     shift, and go to state 33
    STRINGCONST  shift, and go to state 34
    TRUE         shift, and go to state 35
    FALSE        shift, and go to state 36
    '('          shift, and go to state 37
    '*'          shift, and go to state 39
    '-'          shift, and go to state 40

    sum_expression    转到状态120
    term              转到状态46
    unary_expression  转到状态47
    unaryop           转到状态48
    factor            转到状态49
    mutable           转到状态50
    immutable         转到状态51
    call              转到状态52


状态 83

   64 rel_expression: sum_expression LEQ . sum_expression

    ID           shift, and go to state 31
    CHARCONST    shift, and go to state 32
    NUMCONST     shift, and go to state 33
    STRINGCONST  shift, and go to state 34
    TRUE         shift, and go to state 35
    FALSE        shift, and go to state 36
    '('          shift, and go to state 37
    '*'          shift, and go to state 39
    '-'          shift, and go to state 40

    sum_expression    转到状态121
    term              转到状态46
    unary_expression  转到状态47
    unaryop           转到状态48
    factor            转到状态49
    mutable           转到状态50
    immutable         转到状态51
    call              转到状态52


状态 84

   65 rel_expression: sum_expression GEQ . sum_expression

    ID           shift, and go to state 31
    CHARCONST    shift, and go to state 32
    NUMCONST     shift, and go to state 33
    STRINGCONST  shift, and go to state 34
    TRUE         shift, and go to state 35
    FALSE        shift, and go to state 36
    '('          shift, and go to state 37
    '*'          shift, and go to state 39
    '-'          shift, and go to state 40

    sum_expression    转到状态122
    term              转到状态46
    unary_expression  转到状态47
    unaryop           转到状态48
    factor            转到状态49
    mutable           转到状态50
    immutable         转到状态51
    call              转到状态52


状态 85

   62 rel_expression: sum_expression '<' . sum_expression

    ID           shift, and go to state 31
    CHARCONST    shift, and go to state 32
    NUMCONST     shift, and go to state 33
    STRINGCONST  shift, and go to state 34
    TRUE         shift, and go to state 35
    FALSE        shift, and go to state 36
    '('          shift, and go to state 37
    '*'          shift, and go to state 39
    '-'          shift, and go to state 40

    sum_expression    转到状态123
    term              转到状态46
    unary_expression  转到状态47
    unaryop           转到状态48
    factor            转到状态49
    mutable           转到状态50
    immutable         转到状态51
    call              转到状态52


状态 86

   63 rel_expression: sum_expression '>' . sum_expression

    ID           shift, and go to state 31
    CHARCONST    shift, and go to state 32
    NUMCONST     shift, and go to state 33
    STRINGCONST  shift, and go to state 34
    TRUE         shift, and go to state 35
    FALSE        shift, and go to state 36
    '('          shift, and go to state 37
    '*'          shift, and go to state 39
    '-'          shift, and go to state 40

    sum_expression    转到状态124
    term              转到状态46
    unary_expression  转到状态47
    unaryop           转到状态48
    factor            转到状态49
    mutable           转到状态50
    immutable         转到状态51
    call              转到状态52


状态 87

   70 sum_expression: sum_expression '-' . term

    ID           shift, and go to state 31
    CHARCONST    shift, and go to state 32
    NUMCONST     shift, and go to state 33
    STRINGCONST  shift, and go to state 34
    TRUE         shift, and go to state 35
    FALSE        shift, and go to state 36
    '('          shift, and go to state 37
    '*'          shift, and go to state 39
    '-'          shift, and go to state 40

    term              转到状态125
    unary_expression  转到状态47
    unaryop           转到状态48
    factor            转到状态49
    mutable           转到状态50
    immutable         转到状态51
    call              转到状态52


状态 88

   69 sum_expression: sum_expression '+' . term

    ID           shift, and go to state 31
    CHARCONST    shift, and go to state 32
    NUMCONST     shift, and go to state 33
    STRINGCONST  shift, and go to state 34
    TRUE         shift, and go to state 35
    FALSE        shift, and go to state 36
    '('          shift, and go to state 37
    '*'          shift, and go to state 39
    '-'          shift, and go to state 40

    term              转到状态126
    unary_expression  转到状态47
    unaryop           转到状态48
    factor            转到状态49
    mutable           转到状态50
    immutable         转到状态51
    call              转到状态52


状态 89

   74 mulop: '*' .

    $default  reduce using rule 74 (mulop)


状态 90

   76 mulop: '%' .

    $default  reduce using rule 76 (mulop)


状态 91

   75 mulop: '/' .

    $default  reduce using rule 75 (mulop)


状态 92

   72 term: term mulop . unary_expression

    ID           shift, and go to state 31
    CHARCONST    shift, and go to state 32
    NUMCONST     shift, and go to state 33
    STRINGCONST  shift, and go to state 34
    TRUE         shift, and go to state 35
    FALSE        shift, and go to state 36
    '('          shift, and go to state 37
    '*'          shift, and go to state 39
    '-'          shift, and go to state 40

    unary_expression  转到状态127
    unaryop           转到状态48
    factor            转到状态49
    mutable           转到状态50
    immutable         转到状态51
    call              转到状态52


状态 93

   77 unary_expression: unaryop unary_expression .

    $default  reduce using rule 77 (unary_expression)


状态 94

   19 fun_declaration: type_specifier ID '(' params ')' . statement

    ID           shift, and go to state 31
    CHARCONST    shift, and go to state 32
    NUMCONST     shift, and go to state 33
    STRINGCONST  shift, and go to state 34
    IF           shift, and go to state 59
    WHILE        shift, and go to state 60
    FOREACH      shift, and go to state 61
    TRUE         shift, and go to state 35
    FALSE        shift, and go to state 36
    RETURN       shift, and go to state 62
    BREAK        shift, and go to state 63
    ';'          shift, and go to state 64
    '{'          shift, and go to state 65
    '('          shift, and go to state 37
    NOT          shift, and go to state 38
    '*'          shift, and go to state 39
    '-'          shift, and go to state 40

    statement             转到状态128
    ifmatched             转到状态67
    ifunmatched           转到状态68
    expression_stmt       转到状态69
    compound_stmt         转到状态70
    expression            转到状态71
    simple_expression     转到状态72
    and_expression        转到状态42
    unary_rel_expression  转到状态43
    rel_expression        转到状态44
    sum_expression        转到状态45
    term                  转到状态46
    unary_expression      转到状态47
    unaryop               转到状态48
    factor                转到状态49
    mutable               转到状态73
    immutable             转到状态51
    call                  转到状态52


状态 95

   12 var_decl_initialize: ID '[' NUMCONST ']' .
   14                    | ID '[' NUMCONST ']' . ':' simple_expression

    ':'  shift, and go to state 129

    $default  reduce using rule 12 (var_decl_initialize)


状态 96

   28 param_id: ID '[' ']' .

    $default  reduce using rule 28 (param_id)


状态 97

   25 param_id_list: param_id_list ',' param_id .

    $default  reduce using rule 25 (param_id_list)


状态 98

   31 ifmatched: IF '(' . simple_expression ')' ifmatched ELSE ifmatched
   35 ifunmatched: IF '(' . simple_expression ')' ifmatched ELSE ifunmatched
   36            | IF '(' . simple_expression ')' statement

    ID           shift, and go to state 31
    CHARCONST    shift, and go to state 32
    NUMCONST     shift, and go to state 33
    STRINGCONST  shift, and go to state 34
    TRUE         shift, and go to state 35
    FALSE        shift, and go to state 36
    '('          shift, and go to state 37
    NOT          shift, and go to state 38
    '*'          shift, and go to state 39
    '-'          shift, and go to state 40

    simple_expression     转到状态130
    and_expression        转到状态42
    unary_rel_expression  转到状态43
    rel_expression        转到状态44
    sum_expression        转到状态45
    term                  转到状态46
    unary_expression      转到状态47
    unaryop               转到状态48
    factor                转到状态49
    mutable               转到状态50
    immutable             转到状态51
    call                  转到状态52


状态 99

   32 ifmatched: WHILE '(' . simple_expression ')' ifmatched
   37 ifunmatched: WHILE '(' . simple_expression ')' ifunmatched

    ID           shift, and go to state 31
    CHARCONST    shift, and go to state 32
    NUMCONST     shift, and go to state 33
    STRINGCONST  shift, and go to state 34
    TRUE         shift, and go to state 35
    FALSE        shift, and go to state 36
    '('          shift, and go to state 37
    NOT          shift, and go to state 38
    '*'          shift, and go to state 39
    '-'          shift, and go to state 40

    simple_expression     转到状态131
    and_expression        转到状态42
    unary_rel_expression  转到状态43
    rel_expression        转到状态44
    sum_expression        转到状态45
    term                  转到状态46
    unary_expression      转到状态47
    unaryop               转到状态48
    factor                转到状态49
    mutable               转到状态50
    immutable             转到状态51
    call                  转到状态52


状态 100

   33 ifmatched: FOREACH '(' . mutable IN simple_expression ')' ifmatched
   38 ifunmatched: FOREACH '(' . mutable IN simple_expression ')' ifunmatched

    ID  shift, and go to state 132

    mutable  转到状态133


状态 101

   40 expression_stmt: RETURN ';' .

    $default  reduce using rule 40 (expression_stmt)


状态 102

   41 expression_stmt: RETURN expression . ';'

    ';'  shift, and go to state 134


状态 103

   42 expression_stmt: BREAK ';' .

    $default  reduce using rule 42 (expression_stmt)


状态 104

   45 compound_stmt: '{' local_declarations . statement_list '}'
   46 local_declarations: local_declarations . scoped_var_declaration

    STATIC  shift, and go to state 135
    INT     shift, and go to state 2
    BOOL    shift, and go to state 3
    CHAR    shift, and go to state 4
    VOID    shift, and go to state 5

    $default  reduce using rule 49 (statement_list)

    scoped_var_declaration  转到状态136
    type_specifier          转到状态137
    statement_list          转到状态138


状态 105

   43 expression_stmt: expression ';' .

    $default  reduce using rule 43 (expression_stmt)


状态 106

   51 expression: mutable PASSIGN . expression

    ID           shift, and go to state 31
    CHARCONST    shift, and go to state 32
    NUMCONST     shift, and go to state 33
    STRINGCONST  shift, and go to state 34
    TRUE         shift, and go to state 35
    FALSE        shift, and go to state 36
    '('          shift, and go to state 37
    NOT          shift, and go to state 38
    '*'          shift, and go to state 39
    '-'          shift, and go to state 40

    expression            转到状态139
    simple_expression     转到状态72
    and_expression        转到状态42
    unary_rel_expression  转到状态43
    rel_expression        转到状态44
    sum_expression        转到状态45
    term                  转到状态46
    unary_expression      转到状态47
    unaryop               转到状态48
    factor                转到状态49
    mutable               转到状态73
    immutable             转到状态51
    call                  转到状态52


状态 107

   52 expression: mutable MASSIGN . expression

    ID           shift, and go to state 31
    CHARCONST    shift, and go to state 32
    NUMCONST     shift, and go to state 33
    STRINGCONST  shift, and go to state 34
    TRUE         shift, and go to state 35
    FALSE        shift, and go to state 36
    '('          shift, and go to state 37
    NOT          shift, and go to state 38
    '*'          shift, and go to state 39
    '-'          shift, and go to state 40

    expression            转到状态140
    simple_expression     转到状态72
    and_expression        转到状态42
    unary_rel_expression  转到状态43
    rel_expression        转到状态44
    sum_expression        转到状态45
    term                  转到状态46
    unary_expression      转到状态47
    unaryop               转到状态48
    factor                转到状态49
    mutable               转到状态73
    immutable             转到状态51
    call                  转到状态52


状态 108

   53 expression: mutable INC .

    $default  reduce using rule 53 (expression)


状态 109

   54 expression: mutable DEC .

    $default  reduce using rule 54 (expression)


状态 110

   50 expression: mutable '=' . expression

    ID           shift, and go to state 31
    CHARCONST    shift, and go to state 32
    NUMCONST     shift, and go to state 33
    STRINGCONST  shift, and go to state 34
    TRUE         shift, and go to state 35
    FALSE        shift, and go to state 36
    '('          shift, and go to state 37
    NOT          shift, and go to state 38
    '*'          shift, and go to state 39
    '-'          shift, and go to state 40

    expression            转到状态141
    simple_expression     转到状态72
    and_expression        转到状态42
    unary_rel_expression  转到状态43
    rel_expression        转到状态44
    sum_expression        转到状态45
    term                  转到状态46
    unary_expression      转到状态47
    unaryop               转到状态48
    factor                转到状态49
    mutable               转到状态73
    immutable             转到状态51
    call                  转到状态52


状态 111

   23 param_list: param_list ';' type_specifier param_id_list .
   25 param_id_list: param_id_list . ',' param_id

    ','  shift, and go to state 58

    $default  reduce using rule 23 (param_list)


状态 112

   96 arg_list: expression .

    $default  reduce using rule 96 (arg_list)


状态 113

   92 call: ID '(' args . ')'

    ')'  shift, and go to state 142


状态 114

   93 args: arg_list .
   95 arg_list: arg_list . ',' expression

    ','  shift, and go to state 143

    $default  reduce using rule 93 (args)


状态 115

   84 mutable: ID '[' expression . ']'

    ']'  shift, and go to state 144


状态 116

   85 immutable: '(' expression ')' .

    $default  reduce using rule 85 (immutable)


状态 117

   56 simple_expression: simple_expression OR and_expression .
   58 and_expression: and_expression . AND unary_rel_expression

    AND  shift, and go to state 80

    $default  reduce using rule 56 (simple_expression)


状态 118

   58 and_expression: and_expression AND unary_rel_expression .

    $default  reduce using rule 58 (and_expression)


状态 119

   66 rel_expression: sum_expression EQ sum_expression .
   69 sum_expression: sum_expression . '+' term
   70               | sum_expression . '-' term

    '-'  shift, and go to state 87
    '+'  shift, and go to state 88

    $default  reduce using rule 66 (rel_expression)


状态 120

   67 rel_expression: sum_expression NEQ sum_expression .
   69 sum_expression: sum_expression . '+' term
   70               | sum_expression . '-' term

    '-'  shift, and go to state 87
    '+'  shift, and go to state 88

    $default  reduce using rule 67 (rel_expression)


状态 121

   64 rel_expression: sum_expression LEQ sum_expression .
   69 sum_expression: sum_expression . '+' term
   70               | sum_expression . '-' term

    '-'  shift, and go to state 87
    '+'  shift, and go to state 88

    $default  reduce using rule 64 (rel_expression)


状态 122

   65 rel_expression: sum_expression GEQ sum_expression .
   69 sum_expression: sum_expression . '+' term
   70               | sum_expression . '-' term

    '-'  shift, and go to state 87
    '+'  shift, and go to state 88

    $default  reduce using rule 65 (rel_expression)


状态 123

   62 rel_expression: sum_expression '<' sum_expression .
   69 sum_expression: sum_expression . '+' term
   70               | sum_expression . '-' term

    '-'  shift, and go to state 87
    '+'  shift, and go to state 88

    $default  reduce using rule 62 (rel_expression)


状态 124

   63 rel_expression: sum_expression '>' sum_expression .
   69 sum_expression: sum_expression . '+' term
   70               | sum_expression . '-' term

    '-'  shift, and go to state 87
    '+'  shift, and go to state 88

    $default  reduce using rule 63 (rel_expression)


状态 125

   70 sum_expression: sum_expression '-' term .
   72 term: term . mulop unary_expression

    '*'  shift, and go to state 89
    '%'  shift, and go to state 90
    '/'  shift, and go to state 91

    $default  reduce using rule 70 (sum_expression)

    mulop  转到状态92


状态 126

   69 sum_expression: sum_expression '+' term .
   72 term: term . mulop unary_expression

    '*'  shift, and go to state 89
    '%'  shift, and go to state 90
    '/'  shift, and go to state 91

    $default  reduce using rule 69 (sum_expression)

    mulop  转到状态92


状态 127

   72 term: term mulop unary_expression .

    $default  reduce using rule 72 (term)


状态 128

   19 fun_declaration: type_specifier ID '(' params ')' statement .

    $default  reduce using rule 19 (fun_declaration)


状态 129

   14 var_decl_initialize: ID '[' NUMCONST ']' ':' . simple_expression

    ID           shift, and go to state 31
    CHARCONST    shift, and go to state 32
    NUMCONST     shift, and go to state 33
    STRINGCONST  shift, and go to state 34
    TRUE         shift, and go to state 35
    FALSE        shift, and go to state 36
    '('          shift, and go to state 37
    NOT          shift, and go to state 38
    '*'          shift, and go to state 39
    '-'          shift, and go to state 40

    simple_expression     转到状态145
    and_expression        转到状态42
    unary_rel_expression  转到状态43
    rel_expression        转到状态44
    sum_expression        转到状态45
    term                  转到状态46
    unary_expression      转到状态47
    unaryop               转到状态48
    factor                转到状态49
    mutable               转到状态50
    immutable             转到状态51
    call                  转到状态52


状态 130

   31 ifmatched: IF '(' simple_expression . ')' ifmatched ELSE ifmatched
   35 ifunmatched: IF '(' simple_expression . ')' ifmatched ELSE ifunmatched
   36            | IF '(' simple_expression . ')' statement
   56 simple_expression: simple_expression . OR and_expression

    ')'  shift, and go to state 146
    OR   shift, and go to state 79


状态 131

   32 ifmatched: WHILE '(' simple_expression . ')' ifmatched
   37 ifunmatched: WHILE '(' simple_expression . ')' ifunmatched
   56 simple_expression: simple_expression . OR and_expression

    ')'  shift, and go to state 147
    OR   shift, and go to state 79


状态 132

   83 mutable: ID .
   84        | ID . '[' expression ']'

    '['  shift, and go to state 76

    $default  reduce using rule 83 (mutable)


状态 133

   33 ifmatched: FOREACH '(' mutable . IN simple_expression ')' ifmatched
   38 ifunmatched: FOREACH '(' mutable . IN simple_expression ')' ifunmatched

    IN  shift, and go to state 148


状态 134

   41 expression_stmt: RETURN expression ';' .

    $default  reduce using rule 41 (expression_stmt)


状态 135

    7 scoped_var_declaration: STATIC . type_specifier var_decl_list ';'

    INT   shift, and go to state 2
    BOOL  shift, and go to state 3
    CHAR  shift, and go to state 4
    VOID  shift, and go to state 5

    type_specifier  转到状态149


状态 136

   46 local_declarations: local_declarations scoped_var_declaration .

    $default  reduce using rule 46 (local_declarations)


状态 137

    8 scoped_var_declaration: type_specifier . var_decl_list ';'

    ID  shift, and go to state 55

    var_decl_list        转到状态150
    var_decl_initialize  转到状态17


状态 138

   45 compound_stmt: '{' local_declarations statement_list . '}'
   48 statement_list: statement_list . statement

    ID           shift, and go to state 31
    CHARCONST    shift, and go to state 32
    NUMCONST     shift, and go to state 33
    STRINGCONST  shift, and go to state 34
    IF           shift, and go to state 59
    WHILE        shift, and go to state 60
    FOREACH      shift, and go to state 61
    TRUE         shift, and go to state 35
    FALSE        shift, and go to state 36
    RETURN       shift, and go to state 62
    BREAK        shift, and go to state 63
    ';'          shift, and go to state 64
    '{'          shift, and go to state 65
    '('          shift, and go to state 37
    '}'          shift, and go to state 151
    NOT          shift, and go to state 38
    '*'          shift, and go to state 39
    '-'          shift, and go to state 40

    statement             转到状态152
    ifmatched             转到状态67
    ifunmatched           转到状态68
    expression_stmt       转到状态69
    compound_stmt         转到状态70
    expression            转到状态71
    simple_expression     转到状态72
    and_expression        转到状态42
    unary_rel_expression  转到状态43
    rel_expression        转到状态44
    sum_expression        转到状态45
    term                  转到状态46
    unary_expression      转到状态47
    unaryop               转到状态48
    factor                转到状态49
    mutable               转到状态73
    immutable             转到状态51
    call                  转到状态52


状态 139

   51 expression: mutable PASSIGN expression .

    $default  reduce using rule 51 (expression)


状态 140

   52 expression: mutable MASSIGN expression .

    $default  reduce using rule 52 (expression)


状态 141

   50 expression: mutable '=' expression .

    $default  reduce using rule 50 (expression)


状态 142

   92 call: ID '(' args ')' .

    $default  reduce using rule 92 (call)


状态 143

   95 arg_list: arg_list ',' . expression

    ID           shift, and go to state 31
    CHARCONST    shift, and go to state 32
    NUMCONST     shift, and go to state 33
    STRINGCONST  shift, and go to state 34
    TRUE         shift, and go to state 35
    FALSE        shift, and go to state 36
    '('          shift, and go to state 37
    NOT          shift, and go to state 38
    '*'          shift, and go to state 39
    '-'          shift, and go to state 40

    expression            转到状态153
    simple_expression     转到状态72
    and_expression        转到状态42
    unary_rel_expression  转到状态43
    rel_expression        转到状态44
    sum_expression        转到状态45
    term                  转到状态46
    unary_expression      转到状态47
    unaryop               转到状态48
    factor                转到状态49
    mutable               转到状态73
    immutable             转到状态51
    call                  转到状态52


状态 144

   84 mutable: ID '[' expression ']' .

    $default  reduce using rule 84 (mutable)


状态 145

   14 var_decl_initialize: ID '[' NUMCONST ']' ':' simple_expression .
   56 simple_expression: simple_expression . OR and_expression

    OR  shift, and go to state 79

    $default  reduce using rule 14 (var_decl_initialize)


状态 146

   31 ifmatched: IF '(' simple_expression ')' . ifmatched ELSE ifmatched
   35 ifunmatched: IF '(' simple_expression ')' . ifmatched ELSE ifunmatched
   36            | IF '(' simple_expression ')' . statement

    ID           shift, and go to state 31
    CHARCONST    shift, and go to state 32
    NUMCONST     shift, and go to state 33
    STRINGCONST  shift, and go to state 34
    IF           shift, and go to state 59
    WHILE        shift, and go to state 60
    FOREACH      shift, and go to state 61
    TRUE         shift, and go to state 35
    FALSE        shift, and go to state 36
    RETURN       shift, and go to state 62
    BREAK        shift, and go to state 63
    ';'          shift, and go to state 64
    '{'          shift, and go to state 65
    '('          shift, and go to state 37
    NOT          shift, and go to state 38
    '*'          shift, and go to state 39
    '-'          shift, and go to state 40

    statement             转到状态154
    ifmatched             转到状态155
    ifunmatched           转到状态68
    expression_stmt       转到状态69
    compound_stmt         转到状态70
    expression            转到状态71
    simple_expression     转到状态72
    and_expression        转到状态42
    unary_rel_expression  转到状态43
    rel_expression        转到状态44
    sum_expression        转到状态45
    term                  转到状态46
    unary_expression      转到状态47
    unaryop               转到状态48
    factor                转到状态49
    mutable               转到状态73
    immutable             转到状态51
    call                  转到状态52


状态 147

   32 ifmatched: WHILE '(' simple_expression ')' . ifmatched
   37 ifunmatched: WHILE '(' simple_expression ')' . ifunmatched

    ID           shift, and go to state 31
    CHARCONST    shift, and go to state 32
    NUMCONST     shift, and go to state 33
    STRINGCONST  shift, and go to state 34
    IF           shift, and go to state 59
    WHILE        shift, and go to state 60
    FOREACH      shift, and go to state 61
    TRUE         shift, and go to state 35
    FALSE        shift, and go to state 36
    RETURN       shift, and go to state 62
    BREAK        shift, and go to state 63
    ';'          shift, and go to state 64
    '{'          shift, and go to state 65
    '('          shift, and go to state 37
    NOT          shift, and go to state 38
    '*'          shift, and go to state 39
    '-'          shift, and go to state 40

    ifmatched             转到状态156
    ifunmatched           转到状态157
    expression_stmt       转到状态69
    compound_stmt         转到状态70
    expression            转到状态71
    simple_expression     转到状态72
    and_expression        转到状态42
    unary_rel_expression  转到状态43
    rel_expression        转到状态44
    sum_expression        转到状态45
    term                  转到状态46
    unary_expression      转到状态47
    unaryop               转到状态48
    factor                转到状态49
    mutable               转到状态73
    immutable             转到状态51
    call                  转到状态52


状态 148

   33 ifmatched: FOREACH '(' mutable IN . simple_expression ')' ifmatched
   38 ifunmatched: FOREACH '(' mutable IN . simple_expression ')' ifunmatched

    ID           shift, and go to state 31
    CHARCONST    shift, and go to state 32
    NUMCONST     shift, and go to state 33
    STRINGCONST  shift, and go to state 34
    TRUE         shift, and go to state 35
    FALSE        shift, and go to state 36
    '('          shift, and go to state 37
    NOT          shift, and go to state 38
    '*'          shift, and go to state 39
    '-'          shift, and go to state 40

    simple_expression     转到状态158
    and_expression        转到状态42
    unary_rel_expression  转到状态43
    rel_expression        转到状态44
    sum_expression        转到状态45
    term                  转到状态46
    unary_expression      转到状态47
    unaryop               转到状态48
    factor                转到状态49
    mutable               转到状态50
    immutable             转到状态51
    call                  转到状态52


状态 149

    7 scoped_var_declaration: STATIC type_specifier . var_decl_list ';'

    ID  shift, and go to state 55

    var_decl_list        转到状态159
    var_decl_initialize  转到状态17


状态 150

    8 scoped_var_declaration: type_specifier var_decl_list . ';'
    9 var_decl_list: var_decl_list . ',' var_decl_initialize

    ','  shift, and go to state 24
    ';'  shift, and go to state 160


状态 151

   45 compound_stmt: '{' local_declarations statement_list '}' .

    $default  reduce using rule 45 (compound_stmt)


状态 152

   48 statement_list: statement_list statement .

    $default  reduce using rule 48 (statement_list)


状态 153

   95 arg_list: arg_list ',' expression .

    $default  reduce using rule 95 (arg_list)


状态 154

   36 ifunmatched: IF '(' simple_expression ')' statement .

    $default  reduce using rule 36 (ifunmatched)


状态 155

   29 statement: ifmatched .
   31 ifmatched: IF '(' simple_expression ')' ifmatched . ELSE ifmatched
   35 ifunmatched: IF '(' simple_expression ')' ifmatched . ELSE ifunmatched

    ELSE  shift, and go to state 161

    $default  reduce using rule 29 (statement)


状态 156

   32 ifmatched: WHILE '(' simple_expression ')' ifmatched .

    $default  reduce using rule 32 (ifmatched)


状态 157

   37 ifunmatched: WHILE '(' simple_expression ')' ifunmatched .

    $default  reduce using rule 37 (ifunmatched)


状态 158

   33 ifmatched: FOREACH '(' mutable IN simple_expression . ')' ifmatched
   38 ifunmatched: FOREACH '(' mutable IN simple_expression . ')' ifunmatched
   56 simple_expression: simple_expression . OR and_expression

    ')'  shift, and go to state 162
    OR   shift, and go to state 79


状态 159

    7 scoped_var_declaration: STATIC type_specifier var_decl_list . ';'
    9 var_decl_list: var_decl_list . ',' var_decl_initialize

    ','  shift, and go to state 24
    ';'  shift, and go to state 163


状态 160

    8 scoped_var_declaration: type_specifier var_decl_list ';' .

    $default  reduce using rule 8 (scoped_var_declaration)


状态 161

   31 ifmatched: IF '(' simple_expression ')' ifmatched ELSE . ifmatched
   35 ifunmatched: IF '(' simple_expression ')' ifmatched ELSE . ifunmatched

    ID           shift, and go to state 31
    CHARCONST    shift, and go to state 32
    NUMCONST     shift, and go to state 33
    STRINGCONST  shift, and go to state 34
    IF           shift, and go to state 59
    WHILE        shift, and go to state 60
    FOREACH      shift, and go to state 61
    TRUE         shift, and go to state 35
    FALSE        shift, and go to state 36
    RETURN       shift, and go to state 62
    BREAK        shift, and go to state 63
    ';'          shift, and go to state 64
    '{'          shift, and go to state 65
    '('          shift, and go to state 37
    NOT          shift, and go to state 38
    '*'          shift, and go to state 39
    '-'          shift, and go to state 40

    ifmatched             转到状态164
    ifunmatched           转到状态165
    expression_stmt       转到状态69
    compound_stmt         转到状态70
    expression            转到状态71
    simple_expression     转到状态72
    and_expression        转到状态42
    unary_rel_expression  转到状态43
    rel_expression        转到状态44
    sum_expression        转到状态45
    term                  转到状态46
    unary_expression      转到状态47
    unaryop               转到状态48
    factor                转到状态49
    mutable               转到状态73
    immutable             转到状态51
    call                  转到状态52


状态 162

   33 ifmatched: FOREACH '(' mutable IN simple_expression ')' . ifmatched
   38 ifunmatched: FOREACH '(' mutable IN simple_expression ')' . ifunmatched

    ID           shift, and go to state 31
    CHARCONST    shift, and go to state 32
    NUMCONST     shift, and go to state 33
    STRINGCONST  shift, and go to state 34
    IF           shift, and go to state 59
    WHILE        shift, and go to state 60
    FOREACH      shift, and go to state 61
    TRUE         shift, and go to state 35
    FALSE        shift, and go to state 36
    RETURN       shift, and go to state 62
    BREAK        shift, and go to state 63
    ';'          shift, and go to state 64
    '{'          shift, and go to state 65
    '('          shift, and go to state 37
    NOT          shift, and go to state 38
    '*'          shift, and go to state 39
    '-'          shift, and go to state 40

    ifmatched             转到状态166
    ifunmatched           转到状态167
    expression_stmt       转到状态69
    compound_stmt         转到状态70
    expression            转到状态71
    simple_expression     转到状态72
    and_expression        转到状态42
    unary_rel_expression  转到状态43
    rel_expression        转到状态44
    sum_expression        转到状态45
    term                  转到状态46
    unary_expression      转到状态47
    unaryop               转到状态48
    factor                转到状态49
    mutable               转到状态73
    immutable             转到状态51
    call                  转到状态52


状态 163

    7 scoped_var_declaration: STATIC type_specifier var_decl_list ';' .

    $default  reduce using rule 7 (scoped_var_declaration)


状态 164

   31 ifmatched: IF '(' simple_expression ')' ifmatched ELSE ifmatched .

    $default  reduce using rule 31 (ifmatched)


状态 165

   35 ifunmatched: IF '(' simple_expression ')' ifmatched ELSE ifunmatched .

    $default  reduce using rule 35 (ifunmatched)


状态 166

   33 ifmatched: FOREACH '(' mutable IN simple_expression ')' ifmatched .

    $default  reduce using rule 33 (ifmatched)


状态 167

   38 ifunmatched: FOREACH '(' mutable IN simple_expression ')' ifunmatched .

    $default  reduce using rule 38 (ifunmatched)
