winFitness: : 3.18097
winFitness: : 2.99896
worIdx 1st: 46
82 59 99 59 16 
winFitness: : 3.14614
worIdx 1st: 70
15 72 43 25 46 
winFitness: : 2.82109
worIdx 1st: 59
47 12 40 97 34 
winFitness: : 2.67058
worIdx 1st: 43
90 24 45 50 1 
winFitness: : 3.41985
winFitness: : 3.20928
worIdx 1st: 40
60 84 70 40 22 
winFitness: : 3.14041
worIdx 1st: 50
61 91 52 92 88 
winFitness: : 3.29223
worIdx 1st: 84
44 74 99 67 66 
worIdx 1st: 61
32 12 44 5 89 
worIdx 1st: 0
8 18 8 25 42 
winFitness: : 3.32333
winFitness: : 3.15487
worIdx 1st: 2
16 11 14 17 96 
worIdx 1st: 25
7 87 8 22 7 
winFitness: : 3.15340
worIdx 1st: 4
74 83 6 34 58 
winFitness: : 2.93997
worIdx 1st: 87
94 80 32 29 38 
winFitness: : 3.20985
winFitness: : 3.06443
worIdx 1st: 83
93 89 3 0 91 
winFitness: : 3.19646
winFitness: : 3.03638
worIdx 1st: 29
16 66 0 3 98 
worIdx 1st: 0
2 19 34 74 91 
worIdx 1st: 0
27 79 31 61 48 
winFitness: : 3.28034
winFitness: : 3.22533
winFitness: : 2.87469
worIdx 1st: 2
27 43 58 62 30 
winFitness: : 2.67058
worIdx 1st: 61
69 61 62 2 72 
winFitness: : 2.67058
worIdx 1st: 43
56 86 54 18 54 
worIdx 1st: 61
13 14 40 57 81 
winFitness: : 3.41477
winFitness: : 3.20928
worIdx 1st: 4
67 15 29 65 8 
winFitness: : 3.10817
winFitness: : 3.03638
worIdx 1st: 40
94 6 53 14 97 
winFitness: : 3.32845
winFitness: : 2.96758
worIdx 1st: 29
28 14 87 30 72 
winFitness: : 3.41477
winFitness: : 2.93997
worIdx 1st: 53
26 92 62 94 45 
winFitness: : 2.66032
worIdx 1st: 87
16 19 22 88 5 
worIdx 1st: 26
48 48 19 36 49 
winFitness: : 3.40592
winFitness: : 3.26048
winFitness: : 3.23172
worIdx 1st: 0
52 63 17 30 15 
winFitness: : 3.35991
winFitness: : 3.17226
worIdx 1st: 49
93 68 88 57 74 
winFitness: : 3.19646
worIdx 1st: 30
10 5 62 63 84 
winFitness: : 3.20610
winFitness: : 3.03444
worIdx 1st: 93
37 88 30 11 27 
winFitness: : 3.17233
worIdx 1st: 62
64 87 68 39 15 
winFitness: : 2.66032
worIdx 1st: 37
82 95 27 37 80 
winFitness: : 3.28034
winFitness: : 2.66032
worIdx 1st: 87
84 78 62 90 2 
worIdx 1st: 37
39 73 87 4 66 
winFitness: : 2.66032
worIdx 1st: 4
54 61 95 26 54 
worIdx 1st: 87
44 48 2 96 96 
winFitness: : 3.05348
winFitness: : 2.87469
winFitness: : 2.47568
worIdx 1st: 0
70 79 82 32 58 
winFitness: : 3.14614
winFitness: : 3.00726
worIdx 1st: 96
7 26 66 2 38 
worIdx 1st: 58
44 83 49 41 90 
winFitness: : 3.05348
winFitness: : 3.03540
worIdx 1st: 3
70 18 50 24 93 
winFitness: : 3.14614
winFitness: : 3.14041
winFitness: : 3.03444
worIdx 1st: 41
47 96 5 77 18 
winFitness: : 3.00726
worIdx 1st: 93
89 37 25 16 96 
winFitness: : 3.12098
worIdx 1st: 96
14 14 18 25 30 
winFitness: : 3.32333
winFitness: : 3.19646
worIdx 1st: 25
59 38 2 91 57 
winFitness: : 2.82109
worIdx 1st: 30
78 32 31 94 50 
winFitness: : 3.20985
winFitness: : 3.14041
worIdx 1st: 59
69 80 90 86 61 
winFitness: : 3.32776
winFitness: : 3.15340
worIdx 1st: 50
83 41 5 92 91 
winFitness: : 3.06443
winFitness: : 3.03444
worIdx 1st: 61
75 30 59 13 87 
winFitness: : 2.82109
worIdx 1st: 41
39 42 19 57 96 
winFitness: : 3.36444
winFitness: : 3.12098
worIdx 1st: 30
37 59 29 98 64 
winFitness: : 3.20928
winFitness: : 3.14041
winFitness: : 2.96758
worIdx 1st: 96
72 69 60 34 56 
worIdx 1st: 29
15 37 64 26 64 
winFitness: : 3.11702
worIdx 1st: 3
76 61 58 19 81 
winFitness: : 3.03444
worIdx 1st: 64
81 88 45 59 65 
winFitness: : 3.41144
winFitness: : 3.36009
winFitness: : 3.14041
worIdx 1st: 61
10 32 33 16 74 
winFitness: : 3.20610
winFitness: : 3.18097
worIdx 1st: 59
97 82 39 3 67 
worIdx 1st: 16
98 75 28 23 27 
winFitness: : 3.25761
winFitness: : 3.25480
worIdx 1st: 0
75 10 40 47 66 
winFitness: : 3.20610
winFitness: : 3.03638
worIdx 1st: 75
97 36 76 68 79 
winFitness: : 3.05919
worIdx 1st: 40
11 89 43 2 26 
worIdx 1st: 97
33 78 84 61 71 
winFitness: : 3.26255
winFitness: : 3.14041
winFitness: : 2.80137
worIdx 1st: 2
70 2 48 80 17 
winFitness: : 3.14614
winFitness: : 2.80137
worIdx 1st: 71
68 58 98 33 50 
winFitness: : 3.25761
winFitness: : 3.15340
worIdx 1st: 2
73 93 46 58 12 
worIdx 1st: 50
28 51 30 74 16 
winFitness: : 2.84266
winFitness: : 2.47568
worIdx 1st: 0
70 99 83 67 38 
winFitness: : 3.14614
winFitness: : 3.06443
worIdx 1st: 16
33 42 51 3 33 
winFitness: : 2.84266
worIdx 1st: 83
67 93 33 86 9 
winFitness: : 3.10817
winFitness: : 3.00726
worIdx 1st: 51
93 54 34 21 93 
winFitness: : 3.12517
winFitness: : 3.09364
worIdx 1st: 93
29 37 5 28 42 
worIdx 1st: 34
15 16 19 35 70 
winFitness: : 3.06443
winFitness: : 2.76881
worIdx 1st: 0
44 74 77 12 88 
winFitness: : 3.05348
worIdx 1st: 35
4 44 13 56 97 
worIdx 1st: 44
88 90 12 6 56 
winFitness: : 3.29816
winFitness: : 3.18867
worIdx 1st: 0
64 62 7 95 3 
worIdx 1st: 56
56 92 54 31 49 
winFitness: : 3.18867
winFitness: : 3.12517
worIdx 1st: 0
88 29 43 27 56 
worIdx 1st: 54
3 61 76 90 43 
winFitness: : 2.67058
worIdx 1st: 2
96 34 71 16 89 
winFitness: : 2.47568
worIdx 1st: 43
76 18 53 4 67 
winFitness: : 2.66032
worIdx 1st: 34
47 66 23 73 76 
winFitness: : 3.40350
winFitness: : 3.33355
winFitness: : 2.69822
worIdx 1st: 4
97 56 64 29 61 
winFitness: : 2.87469
worIdx 1st: 73
24 27 44 65 37 
winFitness: : 3.28034
winFitness: : 2.76881
worIdx 1st: 97
15 34 33 70 75 
winFitness: : 2.66032
worIdx 1st: 44
38 68 74 16 39 
worIdx 1st: 34
73 57 10 90 68 
winFitness: : 2.87469
worIdx 1st: 3
13 24 16 34 24 
worIdx 1st: 73
99 45 46 64 63 
winFitness: : 2.99896
worIdx 1st: 2
62 39 75 16 77 
winFitness: : 3.03638
worIdx 1st: 46
83 74 21 2 88 
winFitness: : 2.84266
worIdx 1st: 75
86 59 20 72 41 
worIdx 1st: 83
24 24 47 13 52 
worIdx 1st: 4
13 1 25 47 87 
winFitness: : 3.19646
worIdx 1st: 4
2 49 90 48 43 
winFitness: : 2.99896
winFitness: : 2.47568
worIdx 1st: 25
57 21 91 52 2 
winFitness: : 3.43141
winFitness: : 3.40429
winFitness: : 3.35991
winFitness: : 2.99896
worIdx 1st: 43
57 54 46 28 1 
worIdx 1st: 2
43 43 25 94 77 
winFitness: : 2.47568
worIdx 1st: 2
52 1 88 18 24 
winFitness: : 3.35991
winFitness: : 3.25493
worIdx 1st: 25
17 19 69 63 68 
winFitness: : 3.38949
worIdx 1st: 1
82 93 75 33 77 
winFitness: : 2.84266
worIdx 1st: 17
58 75 75 29 69 
worIdx 1st: 75
96 15 99 29 16 
winFitness: : 2.96758
worIdx 1st: 3
48 30 89 24 57 
winFitness: : 3.40592
winFitness: : 3.12098
worIdx 1st: 96
87 0 30 8 41 
winFitness: : 3.23172
winFitness: : 3.12517
winFitness: : 2.82109
worIdx 1st: 30
11 35 87 80 70 
winFitness: : 3.05348
worIdx 1st: 41
34 3 75 67 75 
winFitness: : 2.87469
worIdx 1st: 35
96 91 0 55 42 
winFitness: : 3.12098
worIdx 1st: 75
71 34 62 43 0 
winFitness: : 2.80137
worIdx 1st: 96
96 78 65 76 52 
winFitness: : 2.80137
worIdx 1st: 71
16 97 71 95 76 
worIdx 1st: 96
33 52 43 1 83 
winFitness: : 3.26255
winFitness: : 2.99896
winFitness: : 2.69822
worIdx 1st: 1
76 75 41 42 52 
worIdx 1st: 83
50 85 13 18 39 
winFitness: : 3.25480
winFitness: : 2.93321
worIdx 1st: 2
21 75 38 53 85 
winFitness: : 3.40429
winFitness: : 3.12098
winFitness: : 2.93997
worIdx 1st: 85
96 99 47 36 44 
winFitness: : 3.38949
winFitness: : 3.26048
winFitness: : 2.66032
worIdx 1st: 53
2 54 20 84 22 
winFitness: : 2.93321
worIdx 1st: 44
20 11 47 12 36 
winFitness: : 3.36303
winFitness: : 3.29169
winFitness: : 3.26048
worIdx 1st: 2
95 23 94 72 18 
worIdx 1st: 36
95 17 48 28 8 
winFitness: : 2.84266
worIdx 1st: 4
73 15 33 73 94 
worIdx 1st: 17
56 27 44 98 11 
winFitness: : 2.93321
worIdx 1st: 0
32 67 27 39 65 
worIdx 1st: 44
11 97 89 72 83 
winFitness: : 2.76881
winFitness: : 2.47568
worIdx 1st: 1
7 58 9 0 80 
winFitness: : 3.30708
winFitness: : 2.93321
worIdx 1st: 83
41 22 29 24 86 
winFitness: : 3.05348
winFitness: : 3.03540
worIdx 1st: 0
60 38 61 89 49 
winFitness: : 3.25291
winFitness: : 3.14041
worIdx 1st: 29
55 83 11 74 67 
worIdx 1st: 61
87 99 47 78 6 
winFitness: : 3.23172
worIdx 1st: 1
23 11 9 29 42 
worIdx 1st: 87
65 53 67 32 25 
winFitness: : 2.66032
worIdx 1st: 3
38 71 14 91 45 
winFitness: : 3.33763
winFitness: : 2.80137
worIdx 1st: 53
92 34 92 70 54 
winFitness: : 3.11702
worIdx 1st: 71
36 73 38 21 68 
winFitness: : 2.67058
worIdx 1st: 34
26 61 28 59 79 
winFitness: : 3.15487
winFitness: : 2.47568
worIdx 1st: 73
3 78 67 73 88 
winFitness: : 2.66032
winFitness: : 2.47568
worIdx 1st: 61
19 7 98 19 56 
winFitness: : 3.18867
worIdx 1st: 73
30 2 2 28 46 
worIdx 1st: 56
85 72 4 94 34 
winFitness: : 2.67058
worIdx 1st: 0
98 53 26 92 59 
winFitness: : 3.25761
winFitness: : 2.80137
worIdx 1st: 34
76 36 97 83 63 
winFitness: : 2.76881
worIdx 1st: 53
18 96 14 58 14 
worIdx 1st: 97
76 39 22 21 71 
winFitness: : 3.36444
winFitness: : 3.22166
winFitness: : 3.11702
worIdx 1st: 3
83 21 45 90 35 
winFitness: : 2.87469
worIdx 1st: 71
84 25 69 11 64 
winFitness: : 3.03444
worIdx 1st: 35
32 77 82 57 91 
worIdx 1st: 64
32 56 44 38 55 
winFitness: : 3.20985
winFitness: : 3.03540
winFitness: : 2.69822
worIdx 1st: 0
77 53 17 44 28 
winFitness: : 3.42309
winFitness: : 2.76881
worIdx 1st: 44
83 86 12 19 97 
winFitness: : 2.66032
