[08-Oct-2012 10:51:29] PHP Notice:  Undefined variable: parmspath in /wasss/home/wasss/www/wass.3.2.0/mobile/views/login.php on line 29
[08-Oct-2012 10:51:29] PHP Notice:  Undefined index:  doCASlogout in /wasss/home/wasss/www/wass.3.2.0/mobile/views/login.php on line 62
[08-Oct-2012 10:51:29] PHP Notice:  Undefined index:  authenticated in /wasss/home/wasss/www/wass.3.2.0/mobile/views/login.php on line 77
[08-Oct-2012 10:51:29] PHP Notice:  Undefined index:  caslogout in /wasss/home/wasss/www/wass.3.2.0/mobile/views/login.php on line 85
[08-Oct-2012 10:52:26] PHP Notice:  Undefined variable: parmspath in /wasss/home/wasss/www/wass.3.2.0/mobile/views/login.php on line 29
[08-Oct-2012 10:52:26] PHP Notice:  Undefined index:  doCASlogout in /wasss/home/wasss/www/wass.3.2.0/mobile/views/login.php on line 62
[08-Oct-2012 10:53:01] PHP Notice:  Undefined variable: parmspath in /wasss/home/wasss/www/wass.3.2.0/mobile/views/login.php on line 25
[08-Oct-2012 10:53:01] PHP Notice:  Undefined index:  doCASlogout in /wasss/home/wasss/www/wass.3.2.0/mobile/views/login.php on line 62
[08-Oct-2012 10:53:21] PHP Notice:  Undefined variable: parmspath in /wasss/home/wasss/www/wass.3.2.0/mobile/views/login.php on line 25
[08-Oct-2012 10:53:21] PHP Notice:  Undefined index:  doCASlogout in /wasss/home/wasss/www/wass.3.2.0/mobile/views/login.php on line 62
[08-Oct-2012 10:53:21] PHP Notice:  Undefined index:  authenticated in /wasss/home/wasss/www/wass.3.2.0/mobile/views/login.php on line 77
[08-Oct-2012 10:53:21] PHP Notice:  Undefined index:  caslogout in /wasss/home/wasss/www/wass.3.2.0/mobile/views/login.php on line 85
[08-Oct-2012 10:53:51] PHP Notice:  Undefined variable: parmspath in /wasss/home/wasss/www/wass.3.2.0/mobile/views/login.php on line 25
[08-Oct-2012 10:53:51] PHP Notice:  Undefined index:  doCASlogout in /wasss/home/wasss/www/wass.3.2.0/mobile/views/login.php on line 62
[08-Oct-2012 10:53:51] PHP Notice:  Undefined variable: parmspath in /wasss/home/wasss/www/wass.3.2.0/mobile/views/login.php on line 25
[08-Oct-2012 10:53:51] PHP Notice:  Undefined variable: parmspath in /wasss/home/wasss/www/wass.3.2.0/mobile/views/login.php on line 25
[08-Oct-2012 10:53:51] PHP Notice:  Undefined variable: CHARSET in /wasss/home/wasss/www/wass.3.2.0/classes/wassSQL.class.php on line 40
[08-Oct-2012 10:53:51] PHP Notice:  Undefined variable: parmspath in /wasss/home/wasss/www/wass.3.2.0/mobile/views/login.php on line 25
[08-Oct-2012 10:53:51] PHP Notice:  Array to string conversion in /wasss/home/wasss/www/wass.3.2.0/classes/wassManager.class.php on line 254
[08-Oct-2012 10:53:51] PHP Notice:  Undefined index:  redirurl in /wasss/home/wasss/www/wass.3.2.0/mobile/views/login.php on line 139
[08-Oct-2012 10:57:09] PHP Notice:  Undefined variable: parmspath in /wasss/home/wasss/www/wass.3.2.0/mobile/views/login.php on line 25
[08-Oct-2012 10:57:09] PHP Notice:  Undefined index:  doCASlogout in /wasss/home/wasss/www/wass.3.2.0/mobile/views/login.php on line 62
[08-Oct-2012 10:57:09] PHP Notice:  Undefined index:  authenticated in /wasss/home/wasss/www/wass.3.2.0/mobile/views/login.php on line 77
[08-Oct-2012 10:57:09] PHP Notice:  Undefined index:  caslogout in /wasss/home/wasss/www/wass.3.2.0/mobile/views/login.php on line 85
[08-Oct-2012 10:57:15] PHP Notice:  Undefined variable: parmspath in /wasss/home/wasss/www/wass.3.2.0/mobile/views/login.php on line 25
[08-Oct-2012 10:57:15] PHP Notice:  Undefined index:  doCASlogout in /wasss/home/wasss/www/wass.3.2.0/mobile/views/login.php on line 62
[08-Oct-2012 10:57:15] PHP Notice:  Undefined index:  authenticated in /wasss/home/wasss/www/wass.3.2.0/mobile/views/login.php on line 77
[08-Oct-2012 10:57:15] PHP Notice:  Undefined index:  caslogout in /wasss/home/wasss/www/wass.3.2.0/mobile/views/login.php on line 85
[08-Oct-2012 10:57:23] PHP Notice:  Undefined variable: parmspath in /wasss/home/wasss/www/wass.3.2.0/mobile/views/login.php on line 25
[08-Oct-2012 10:57:23] PHP Notice:  Undefined index:  doCASlogout in /wasss/home/wasss/www/wass.3.2.0/mobile/views/login.php on line 62
[08-Oct-2012 10:57:23] PHP Notice:  Undefined index:  caslogout in /wasss/home/wasss/www/wass.3.2.0/mobile/views/login.php on line 69
[08-Oct-2012 10:57:23] PHP Notice:  Undefined variable: parmspath in /wasss/home/wasss/www/wass.3.2.0/mobile/views/login.php on line 25
[08-Oct-2012 10:57:23] PHP Notice:  Undefined variable: parmspath in /wasss/home/wasss/www/wass.3.2.0/mobile/views/login.php on line 25
[08-Oct-2012 10:57:23] PHP Notice:  Undefined variable: CHARSET in /wasss/home/wasss/www/wass.3.2.0/classes/wassSQL.class.php on line 40
[08-Oct-2012 10:57:23] PHP Notice:  Undefined variable: parmspath in /wasss/home/wasss/www/wass.3.2.0/mobile/views/login.php on line 25
[08-Oct-2012 10:57:23] PHP Notice:  Array to string conversion in /wasss/home/wasss/www/wass.3.2.0/classes/wassManager.class.php on line 254
[08-Oct-2012 10:57:23] PHP Notice:  Undefined index:  redirurl in /wasss/home/wasss/www/wass.3.2.0/mobile/views/login.php on line 139
[08-Oct-2012 10:57:28] PHP Notice:  Undefined variable: parmspath in /wasss/home/wasss/www/wass.3.2.0/mobile/views/login.php on line 25
[08-Oct-2012 10:57:28] PHP Notice:  Undefined index:  doCASlogout in /wasss/home/wasss/www/wass.3.2.0/mobile/views/login.php on line 62
[08-Oct-2012 11:02:02] PHP Notice:  Undefined variable: parmspath in /wasss/home/wasss/www/wass.3.2.0/mobile/views/login.php on line 25
[08-Oct-2012 11:02:02] PHP Notice:  Undefined index:  doCASlogout in /wasss/home/wasss/www/wass.3.2.0/mobile/views/login.php on line 62
[08-Oct-2012 11:02:15] PHP Notice:  Undefined variable: parmspath in /wasss/home/wasss/www/wass.3.2.0/mobile/views/login.php on line 25
[08-Oct-2012 11:02:15] PHP Notice:  Undefined index:  doCASlogout in /wasss/home/wasss/www/wass.3.2.0/mobile/views/login.php on line 62
[08-Oct-2012 11:02:15] PHP Notice:  Undefined index:  authenticated in /wasss/home/wasss/www/wass.3.2.0/mobile/views/login.php on line 77
[08-Oct-2012 11:02:15] PHP Notice:  Undefined index:  caslogout in /wasss/home/wasss/www/wass.3.2.0/mobile/views/login.php on line 85
[08-Oct-2012 11:02:29] PHP Notice:  Undefined variable: parmspath in /wasss/home/wasss/www/wass.3.2.0/mobile/views/login.php on line 25
[08-Oct-2012 11:02:29] PHP Notice:  Undefined index:  doCASlogout in /wasss/home/wasss/www/wass.3.2.0/mobile/views/login.php on line 62
[08-Oct-2012 11:02:29] PHP Notice:  Undefined index:  authenticated in /wasss/home/wasss/www/wass.3.2.0/mobile/views/login.php on line 77
[08-Oct-2012 11:02:29] PHP Notice:  Undefined index:  caslogout in /wasss/home/wasss/www/wass.3.2.0/mobile/views/login.php on line 85
[08-Oct-2012 11:03:49] PHP Notice:  Undefined variable: parmspath in /wasss/home/wasss/www/wass.3.2.0/mobile/views/login.php on line 25
[08-Oct-2012 11:03:49] PHP Notice:  Undefined index:  doCASlogout in /wasss/home/wasss/www/wass.3.2.0/mobile/views/login.php on line 62
[08-Oct-2012 11:03:49] PHP Notice:  Undefined index:  caslogout in /wasss/home/wasss/www/wass.3.2.0/mobile/views/login.php on line 69
[08-Oct-2012 11:03:49] PHP Notice:  Undefined variable: parmspath in /wasss/home/wasss/www/wass.3.2.0/mobile/views/login.php on line 25
[08-Oct-2012 11:03:49] PHP Notice:  Undefined variable: parmspath in /wasss/home/wasss/www/wass.3.2.0/mobile/views/login.php on line 25
[08-Oct-2012 11:03:49] PHP Notice:  Undefined variable: CHARSET in /wasss/home/wasss/www/wass.3.2.0/classes/wassSQL.class.php on line 40
[08-Oct-2012 11:03:49] PHP Notice:  Undefined variable: parmspath in /wasss/home/wasss/www/wass.3.2.0/mobile/views/login.php on line 25
[08-Oct-2012 11:03:49] PHP Notice:  Array to string conversion in /wasss/home/wasss/www/wass.3.2.0/classes/wassManager.class.php on line 254
