    
70	0.13060	11.70205
80	0.09027	7.53579
90	0.04121	5.25664
100	0.02682	3.78760
110	0.00609	2.40450
tmp: 0.00484
popu[i].fitness: 0.00000
-0.49917 -1.28256 -0.01141 -0.01141 -0.01141  -0.01141 -0.01141 -0.01141 -0.01141 -0.01141  
-0.01141 -0.01141 -0.01141 -0.01141 -0.01141  -0.01141 -0.01141 -0.01141 -0.01141 -0.01141  
-0.01141 -0.01141 -0.01141 -0.01141 -0.01141  -0.01141 -0.01141 -0.49917 -0.49917 -0.49917  
: 2.64489

-1.28256 -1.28256 -0.01691 -0.01691 -0.01691  -0.01691 -0.01691 -0.01691 -0.01691 -0.01691  
-0.01691 -0.01691 -0.01691 -0.01691 -0.01691  -0.07343 -0.07343 -0.07343 -0.07343 -0.07343  
-0.07343 -0.07343 -0.07343 -0.07343 -0.07343  -0.07343 -0.07343 -0.07343 -0.07343 -0.07343  
: 3.37450

-1.28256 -1.28256 -0.07343 -0.07343 -0.07343  -0.01691 -0.01691 -0.01691 -0.01691 -0.01691  
-0.01691 -0.01691 -0.01691 -0.01691 -0.01691  -0.01691 -0.01691 -0.01691 -0.01691 -0.07343  
-0.07343 -0.07343 -0.07343 -0.07343 -0.07343  -0.07343 -0.07343 -0.07343 -0.07343 -0.07343  
: 3.36940

-0.01141 -0.01141 -0.01141 -0.01141 -0.01141  -0.01141 -0.01141 -0.01141 -0.01141 -0.01141  
-0.01141 -0.01141 -0.01141 -0.01141 -0.01141  -0.01141 -0.01141 -0.01141 -0.01141 -0.01141  
-0.01141 -0.01141 -0.07343 -0.07343 -0.07343  -0.49917 -0.49917 -0.49917 -0.49917 -0.49917  
: 1.26489

-0.49917 -1.28256 -0.01691 -0.01691 -0.01141  -0.01141 -0.01141 -0.01141 -0.01141 -0.01141  
-0.01141 -0.01141 -0.01141 -0.01141 -0.01141  -0.01141 -0.01141 -0.01141 -0.01141 -0.01141  
-0.01141 -0.01141 -0.07343 -0.07343 -0.07343  -0.07343 -0.07343 -0.01141 -0.01141 -0.01141  
: 1.92439

-0.49917 -0.49917 -0.49917 -0.49917 -0.49917  -0.49917 -0.49917 -0.49917 -0.01691 0.33111  
0.33111 0.33111 0.33111 0.33111 0.33111  0.33111 -0.01141 -0.01141 -0.01141 -0.01141  
-0.01141 -0.01141 -0.01141 -0.01141 -0.01141  -0.01141 -0.01141 -0.01141 -0.49917 -0.49917  
: 3.26099

-0.49917 -0.49917 -0.49917 -0.01691 -0.01691  -0.01691 -0.01691 -0.01691 -0.01691 0.33111  
0.33111 0.33111 0.33111 0.33111 0.33111  0.33111 0.33111 0.33111 -0.01141 -0.01141  
-0.01141 -0.01141 -0.01141 -0.01141 -0.01141  -0.01141 -0.01141 -0.01141 -0.01141 -0.01141  
: 1.73749

-0.49917 -1.28256 -1.28256 -0.01691 -0.01691  -0.01691 -0.01691 -0.01691 -0.01691 -0.01691  
-0.01691 -0.01691 -0.01691 -0.01691 -0.07343  -0.07343 -0.07343 -0.07343 -0.07343 -0.01141  
-0.01141 -0.01141 -0.01141 -0.01141 -0.01141  -0.01141 -0.49917 -0.49917 -0.49917 -0.49917  
: 4.56678

-0.01691 -0.01691 -0.01691 -0.01691 -0.01691  -0.01691 -0.01691 -0.01691 -0.01691 -0.01691  
-0.01691 -0.01691 -0.01691 -0.01141 -0.01141  -0.01141 -0.01141 -0.01141 0.84744 0.84744  
0.84744 0.84744 -0.49917 -0.49917 -0.49917  -0.49917 -0.49917 -0.49917 -0.01691 -0.01691  
: 4.37258

-0.07343 -0.07343 -0.01691 -0.01691 -0.01691  -0.01691 -0.01691 -0.01691 -0.01691 -0.01691  
-0.01691 -0.01691 -0.01691 -0.01691 -0.01691  -0.01691 -0.07343 -0.07343 -0.07343 -0.07343  
-0.07343 -0.07343 -0.07343 -0.07343 -0.07343  -0.07343 -0.07343 -0.07343 -0.07343 -0.07343  
: 0.09027

-0.01141 -0.01141 -0.01141 -0.01141 -0.01141  -0.01141 -0.01141 -0.01141 -0.01141 0.33111  
-0.01141 -0.01141 -0.01141 -0.01141 -0.01141  -0.01141 -0.01141 -0.01141 -0.01141 -0.01141  
-0.01141 -0.01141 -0.07343 -0.07343 -0.07343  -0.07343 -0.49917 -0.49917 -0.49917 -0.49917  
: 1.13062

-0.49917 -0.49917 -0.49917 -0.49917 -0.49917  -0.49917 -0.49917 -0.49917 -0.01691 -0.01691  
-0.01691 -0.01691 -0.01691 -0.01691 -0.01691  -0.01141 -0.01141 -0.01141 -0.01141 -0.01141  
-0.01141 -0.01141 -0.01141 -0.01141 -0.01141  -0.01141 -0.01141 -0.01141 -0.01141 -0.01141  
: 1.99732

-0.49917 -0.49917 -0.49917 -0.49917 -0.49917  -0.49917 -0.01141 -0.01141 -0.01141 -0.01141  
-0.01141 -0.01141 -0.01141 -0.01141 -0.01141  -0.01141 -0.01141 -0.01141 -0.07343 -0.07343  
-0.07343 -0.07343 -0.07343 -0.07343 -0.07343  -0.07343 -0.07343 -0.07343 -0.07343 -0.07343  
: 1.56129

-0.01141 -0.01141 -0.01141 -0.01141 -0.01691  -0.01691 -0.01691 -0.01691 -0.01141 -0.01141  
-0.01141 -0.01141 -0.01141 -0.01141 -0.01141  -0.01141 -0.01141 -0.01141 -0.01141 -0.01141  
-0.01141 -0.01141 -0.07343 -0.49917 -0.49917  -0.49917 -0.49917 -0.49917 -0.49917 -0.49917  
: 1.75307

-1.28256 -1.28256 -0.01141 -0.01141 -0.01141  -0.01141 -0.01141 -0.01141 -0.01141 -0.01141  
-0.01141 -0.01141 -0.01141 -0.01141 -0.01141  -0.01141 -0.01141 -0.01141 -0.01141 -0.01141  
-0.01141 -0.01141 -0.01141 -0.01141 -0.01141  -0.01141 -0.01141 -0.49917 -0.49917 -0.49917  
: 4.04067

-0.01691 -0.01691 -0.01691 -0.01141 -0.01141  -0.01141 -0.01141 -0.01141 -0.01141 -0.01141  
-0.01141 -0.01141 -0.01141 -0.01141 -0.01141  -0.01141 -0.01141 -0.01141 -0.01141 -0.01141  
-0.01141 -0.01141 -0.01141 -0.07343 -0.07343  -0.07343 -0.07343 -0.07343 -0.07343 -0.07343  
: 0.04121

-1.28256 -0.01691 -0.01691 -0.01691 -0.01691  -0.01691 -0.01691 -0.01691 -0.01691 0.33111  
0.33111 0.33111 0.33111 -0.01691 -0.01691  -0.01691 -0.01691 -0.01141 -0.01141 -0.01141  
-0.01141 -0.49917 -0.49917 -0.49917 -0.49917  -0.49917 -0.49917 -0.49917 -0.49917 -0.49917  
: 4.32998

-0.01691 -0.01691 -0.01691 -0.01691 -0.01691  -0.01691 -0.01691 -0.01691 -0.01691 -0.01691  
-0.01691 0.33111 0.33111 0.33111 0.33111  -0.07343 -0.07343 -0.07343 -0.07343 -0.07343  
-0.07343 -0.07343 -0.07343 -0.07343 -0.07343  -0.07343 -0.07343 -0.49917 -0.49917 -0.49917  
: 1.25390

-0.07343 -0.07343 -0.01691 -0.01691 -0.01691  -0.01691 -0.01691 -0.01691 -0.01691 -0.01691  
-0.01691 -0.01141 -0.01141 -0.01141 -0.01141  -0.01141 -0.01141 -0.01141 -0.01141 -0.01141  
-0.01141 -0.01141 -0.01141 -0.01141 -0.01141  -0.07343 -0.07343 -0.07343 -0.07343 -0.07343  
: 0.04214

-0.01141 -0.01141 -0.01691 -0.01691 -0.01691  -0.01691 -0.01691 -0.01691 -0.01691 -0.01691  
-0.01691 -0.01691 -0.01691 -0.01141 -0.01141  -0.01141 -0.01141 -0.49917 -0.49917 -0.49917  
-0.49917 -0.49917 -0.49917 -0.49917 -0.49917  -0.49917 -0.49917 -0.01691 -0.01691 -0.01691  
: 2.49649

-0.01691 -0.01691 -0.01691 -0.01691 -0.01691  0.33111 0.33111 0.33111 0.33111 0.33111  
-0.01141 -0.01141 -0.01141 -0.01141 -0.01141  -0.01141 -0.01141 -0.01141 -0.01141 -0.01141  
-0.01141 -0.01141 -0.01141 -0.01141 -0.01141  -0.01141 -0.49917 -0.49917 -0.49917 -0.49917  
: 1.54836

-1.28256 -0.07343 -0.07343 -0.07343 -0.07343  -0.07343 -0.07343 -0.07343 -0.07343 -0.07343  
-0.07343 -0.07343 -0.01141 -0.01141 -0.01141  -0.01141 -0.01141 -0.01141 -0.01141 -0.01141  
-0.01141 -0.01141 -0.01141 -0.01141 -0.01141  -0.01141 -0.01141 -0.01141 -0.01141 -0.01141  
: 1.70661

-0.01141 -0.01141 -0.01141 -0.01141 -0.01141  -0.01141 -0.01141 -0.01141 -0.01141 -0.01141  
-0.01141 -0.01141 -0.01141 -0.01141 -0.01141  -0.01141 -0.01141 -0.01141 -0.01141 -0.01141  
-0.01141 -0.01141 -0.07343 -0.07343 -0.07343  -0.49917 -0.49917 -0.49917 -0.49917 -0.49917  
: 1.26489

-0.01141 -0.01691 -0.01691 -0.01691 -0.01691  -0.01691 -0.01691 -0.01691 -0.01141 -0.01141  
-0.01141 -0.01141 -0.01141 -0.49917 -0.49917  -0.49917 -0.49917 -0.49917 -0.49917 0.84744  
0.84744 -0.49917 -0.49917 -0.49917 -0.49917  -0.49917 -0.49917 -0.49917 -0.01141 -0.01141  
: 4.67857

-0.01691 -0.01691 -0.01691 -0.01691 -0.01691  -0.01691 -0.01691 -0.01691 -0.01691 -0.01691  
0.33111 0.33111 0.33111 0.33111 0.33111  0.33111 -0.07343 -0.07343 -0.07343 -0.01141  
-0.01141 -0.01141 -0.01141 -0.07343 -0.07343  -0.07343 -0.07343 -0.49917 -0.49917 -0.49917  
: 1.44644

-0.01691 -0.01691 -0.01691 -0.01691 -0.01691  -0.01691 -0.01691 -0.01691 -0.01691 -0.01691  
-0.01691 -0.01691 -0.01691 -0.01691 -0.01141  -0.01141 -0.01141 -0.01141 -0.01141 -0.49917  
-0.49917 -0.49917 -0.49917 -0.49917 -0.49917  -0.49917 -0.49917 -0.49917 -0.49917 -0.49917  
: 2.74553

-0.07343 -0.07343 -0.01691 -0.01691 -0.01691  -0.01691 -0.01691 -0.01691 -0.01691 -0.01691  
-0.01691 -0.01691 -0.01691 -0.01691 -0.01691  -0.01691 -0.01691 -0.01691 -0.01691 -0.01691  
-0.01691 -0.01691 -0.01691 -0.01691 -0.01691  -0.07343 -0.07343 -0.07343 -0.07343 -0.07343  
: 0.04432

-0.01691 -0.01691 -0.01691 -0.01691 -0.01691  0.33111 0.33111 0.33111 0.33111 0.33111  
-0.01141 -0.01141 -0.01141 -0.01141 -0.01141  -0.01141 -0.01141 -0.01141 -0.01141 -0.01141  
-0.01141 -0.01141 -0.01141 -0.01141 -0.01141  -0.01141 -0.49917 -0.49917 -0.49917 -0.49917  
: 1.54836

-1.28256 -1.28256 -0.01141 -0.01141 -0.01141  -0.01141 -0.01691 -0.01691 -0.01141 -0.01141  
-0.01141 -0.01141 -0.01141 -0.01691 -0.01691  -0.01691 -0.01691 -0.01691 -0.01691 -0.01691  
-0.01691 -0.01691 -0.01691 -0.01691 -0.01691  -0.01141 -0.01141 -0.01141 -0.07343 -0.07343  
: 3.30626

-0.01141 -0.01141 -0.01141 -0.01141 -0.01141  -0.01141 -0.01141 -0.01141 -0.01141 -0.01141  
-0.01691 -0.01691 -0.01691 -0.01691 -0.01691  -0.01691 -0.07343 -0.07343 -0.07343 -0.07343  
-0.07343 -0.07343 -0.07343 -0.07343 -0.07343  -0.07343 -0.07343 -0.07343 -0.07343 -0.07343  
: 0.07851

-0.07343 -0.07343 -0.49917 -0.49917 -0.01141  -0.01141 -0.01141 -0.01141 -0.01141 -0.01141  
-0.01141 -0.01141 -0.01141 -0.01691 -0.01691  -0.01691 -0.07343 -0.07343 -0.07343 -0.07343  
-0.07343 -0.07343 -0.07343 -0.07343 -0.07343  -0.07343 -0.07343 -0.07343 -0.07343 -0.07343  
: 0.58664

-0.07343 -0.01691 -0.01691 -0.01691 -0.01691  -0.01691 -0.01691 -0.01691 -0.01691 -0.01691  
-0.01691 -0.01691 -0.01691 -0.01691 -0.01691  -0.01691 -0.01141 -0.01141 -0.01141 -0.01141  
-0.01141 -0.01141 -0.01141 -0.07343 -0.07343  -0.07343 -0.07343 -0.07343 -0.07343 -0.07343  
: 0.04834

-1.28256 -1.28256 -0.01691 -0.01691 -0.01691  -0.01691 -0.01691 -0.01691 -0.01691 -0.01691  
-0.01691 -0.01691 -0.01141 -0.01141 -0.01141  -0.01141 -0.01141 -0.07343 -0.07343 -0.07343  
-0.01141 -0.01141 -0.01141 -0.01141 -0.01141  -0.01141 -0.01141 -0.01141 -0.01141 -0.01141  
: 3.31089

-1.28256 -1.28256 -0.49917 -0.49917 -0.49917  -0.49917 -0.49917 -0.01691 -0.01691 0.33111  
0.33111 0.33111 0.33111 -0.01141 -0.01141  -0.01141 -0.01141 -0.01141 -0.01141 -0.01141  
-0.01141 -0.01141 -0.01141 -0.01141 -0.01141  -0.01141 -0.01141 -0.01141 -0.01141 -0.01141  
: 4.97708

-1.28256 -1.28256 -1.28256 -0.01141 -0.01141  -0.01141 -0.01141 -0.01141 -0.01141 -0.01141  
-0.01141 -0.01141 -0.01141 -0.01141 -0.01141  -0.01141 -0.07343 -0.07343 -0.07343 -0.07343  
-0.07343 -0.07343 -0.07343 -0.07343 -0.07343  -0.07343 -0.07343 -0.07343 -0.07343 -0.07343  
: 5.01204

-0.01141 -0.01141 -0.01141 -0.01141 -0.01141  -0.01141 -0.01141 -0.01141 -0.01141 -0.01141  
-0.01691 -0.01691 -0.01691 -0.01691 -0.01691  -0.01691 -0.07343 -0.07343 -0.07343 -0.07343  
-0.07343 -0.07343 -0.07343 -0.07343 -0.07343  -0.07343 -0.07343 -0.07343 -0.07343 -0.07343  
: 0.07851

-0.01141 -0.01141 -0.01691 -0.01691 -0.01691  0.33111 0.33111 -0.07343 -0.07343 -0.07343  
-0.07343 -0.07343 -0.07343 -0.07343 -0.07343  0.33111 0.33111 0.33111 0.33111 0.33111  
0.33111 0.33111 -0.01141 -0.01141 -0.01141  -0.01141 -0.01141 -0.49917 -0.49917 -0.49917  
: 1.77912

-0.01691 -0.01691 -0.01691 -0.01691 -0.01691  -0.01691 -0.01691 -0.01691 -0.01691 -0.01691  
-0.01691 -0.01691 -0.01691 -0.01691 -0.01691  -0.01691 -0.01691 -0.01691 -0.01141 -0.01141  
-0.01141 -0.01141 -0.01141 -0.01141 -0.01141  -0.01141 -0.01141 -0.49917 -0.49917 -0.49917  
: 0.75383

-0.01141 -0.01141 -0.01141 -0.01141 -0.01141  -0.01141 -0.01691 -0.01691 -0.01691 -0.01691  
-0.01691 -0.01691 -0.01691 -0.01691 -0.01691  -0.01691 -0.01691 -0.01691 -0.01141 -0.01141  
-0.01141 -0.01141 -0.01141 -0.01141 -0.01141  -0.01141 -0.07343 -0.07343 -0.07343 -0.07343  
: 0.02682

-0.01141 -0.01141 -0.01141 -0.01141 -0.01691  -0.01691 -0.01691 -0.01691 -0.01691 -0.01691  
0.33111 0.33111 -0.01141 -0.01141 -0.01141  -0.07343 -0.07343 -0.07343 -0.07343 -0.07343  
-0.07343 -0.07343 -0.07343 -0.07343 -0.07343  -0.07343 -0.07343 -0.07343 -0.07343 -0.07343  
: 0.30277

-1.28256 -1.28256 -0.01691 -0.01691 -0.01691  -0.01691 -0.01691 -0.01691 -0.01691 -0.01691  
-0.01691 -0.01691 -0.01691 -0.01691 -0.01691  -0.01691 -0.07343 -0.07343 -0.07343 -0.07343  
-0.07343 -0.07343 -0.07343 -0.07343 -0.07343  -0.07343 -0.07343 -0.07343 -0.07343 -0.49917  
: 3.61318

-0.01691 -0.01691 -0.01691 -0.01691 -0.01691  -0.01691 -0.01691 -0.01691 -0.01691 0.33111  
0.33111 0.33111 0.33111 0.33111 0.33111  0.33111 0.33111 0.33111 -0.01141 -0.01141  
-0.01141 -0.01141 -0.01141 -0.01141 -0.01141  -0.01141 -0.01141 -0.49917 -0.49917 -0.49917  
: 1.73796

-1.28256 -0.01691 -0.01691 -0.01691 -0.01691  -0.01691 -0.01691 -0.01691 -0.01691 0.33111  
-0.01141 -0.01141 -0.07343 -0.07343 -0.07343  -0.07343 -0.07343 -0.07343 -0.07343 -0.07343  
-0.07343 -0.07343 -0.07343 -0.07343 -0.07343  -0.01141 -0.01141 -0.01141 -0.01141 -0.01141  
: 1.82788

-0.49917 -0.49917 -0.01691 -0.01691 -0.01691  -0.01691 -0.01691 -0.01691 -0.01691 -0.01691  
-0.01691 -0.01691 -0.01141 -0.01141 -0.01141  -0.01141 -0.01141 -0.01141 -0.01141 -0.01141  
-0.01141 -0.01141 -0.01141 -0.01141 -0.01141  -0.01141 -0.01141 -0.01141 -0.01141 -0.01141  
: 0.50354

-0.01141 -0.01141 -0.01141 -0.01141 -0.01141  -0.01141 -0.01141 -0.01141 -0.01141 -0.01141  
-0.01141 -0.01141 -0.01141 -0.01141 -0.01141  -0.01141 0.33111 0.33111 0.33111 0.33111  
0.33111 -0.07343 -0.07343 -0.07343 -0.07343  -0.07343 -0.07343 -0.07343 -0.07343 -0.07343  
: 0.59878

-1.28256 -1.28256 -0.01691 -0.01691 -0.01691  -0.01691 -0.01691 -0.01691 -0.01691 0.33111  
0.33111 0.33111 0.33111 0.33111 -0.01141  -0.01141 -0.01141 -0.07343 -0.01141 -0.01141  
-0.01141 -0.01141 -0.01141 -0.01141 -0.01141  -0.01141 -0.01141 -0.01141 -0.01141 -0.01141  
: 3.84742

-0.01141 -0.01141 -0.01141 -0.01141 -0.01141  -0.01691 -0.01691 -0.01691 -0.01691 -0.01691  
-0.01691 -0.01141 -0.01141 -0.01141 -0.01141  -0.01141 -0.01141 -0.01141 -0.01141 -0.01141  
-0.01141 -0.01141 -0.01141 -0.01141 -0.01141  -0.01141 -0.01141 -0.01141 -0.01141 -0.01141  
: 0.00484

-0.01141 -0.01141 -0.01141 -0.01141 -0.01691  -0.01691 -0.01691 -0.01691 -0.01691 0.33111  
0.33111 0.33111 0.33111 0.33111 0.33111  0.33111 0.33111 0.33111 -0.07343 -0.07343  
-0.07343 -0.07343 -0.07343 -0.07343 -0.07343  -0.07343 -0.07343 -0.01141 -0.01141 -0.01141  
: 1.03757

-1.28256 -0.01691 -0.01691 -0.01691 -0.01691  -0.01691 -0.01691 -0.01691 -0.01691 0.33111  
0.33111 0.33111 0.33111 -0.07343 -0.07343  -0.07343 -0.07343 -0.07343 -0.07343 -0.07343  
-0.01141 -0.01141 -0.01141 -0.01141 -0.01141  -0.01141 -0.01141 -0.01141 -0.01141 -0.01141  
: 2.12482

-0.01691 -0.01691 -0.01691 -0.01691 -0.01691  -0.01691 -0.01691 -0.01691 -0.01691 -0.01691  
-0.01691 -0.01691 -0.01691 -0.01691 -0.01691  -0.07343 -0.07343 -0.07343 -0.07343 -0.07343  
-0.07343 -0.07343 -0.07343 -0.07343 -0.07343  -0.07343 -0.07343 -0.49917 -0.49917 -0.49917  
: 0.81650

0.33111 0.33111 0.33111 0.33111 0.33111  0.33111 0.33111 -0.01141 -0.01141 -0.01141  
-0.01141 -0.01141 -0.01141 -0.01141 -0.01141  -0.01141 -0.01141 -0.01141 -0.01141 -0.01141  
-0.01141 -0.01141 -0.01141 -0.49917 -0.49917  -0.49917 -0.49917 -0.01691 -0.01691 -0.01691  
: 1.76706

-0.49917 -0.01691 -0.01691 -0.01691 -0.01691  -0.01691 -0.01691 -0.01691 -0.01691 -0.01691  
-0.01691 -0.01691 -0.01141 -0.01141 -0.01141  -0.01141 -0.01141 -0.01141 -0.01141 -0.01141  
-0.01141 -0.01141 -0.01141 -0.01141 -0.01141  -0.49917 -0.49917 -0.49917 -0.49917 -0.49917  
: 1.49986

-0.01141 -0.01141 -0.01141 -0.01141 -0.01141  -0.01141 -0.01141 -0.01141 -0.01141 -0.01141  
-0.01141 -0.01691 -0.01691 -0.01691 -0.01691  -0.01691 -0.01691 -0.01691 -0.01691 -0.01691  
-0.01691 -0.01691 -0.01691 -0.07343 -0.07343  -0.07343 -0.07343 -0.07343 -0.07343 -0.07343  
: 0.04261

-0.01691 -0.01691 -0.01691 -0.01691 -0.01691  -0.01691 -0.01691 -0.01691 -0.01691 -0.01691  
-0.01691 -0.01691 -0.01691 -0.01691 -0.01691  -0.01691 -0.01691 -0.01691 -0.01141 -0.01141  
-0.01141 -0.01141 -0.49917 -0.49917 -0.49917  -0.49917 -0.49917 -0.49917 -0.49917 -0.49917  
: 1.99903

-0.01141 -0.01141 -0.01141 -0.01141 -0.01141  -0.01691 -0.01691 -0.01691 -0.01691 -0.01691  
-0.01691 -0.01691 -0.01691 -0.01691 -0.01691  -0.01691 -0.01691 -0.01691 -0.01691 -0.01141  
-0.01141 -0.01141 -0.01141 -0.01141 -0.01141  -0.01141 -0.01141 -0.01141 -0.01141 -0.01141  
: 0.00609

-0.49917 -1.28256 -1.28256 -0.01691 -0.01691  -0.01691 -0.01691 -0.01691 -0.01691 -0.01691  
-0.01691 -0.01691 -0.01691 -0.01691 -0.01141  -0.01141 -0.01141 -0.01141 -0.01141 -0.01141  
-0.01141 -0.01141 -0.01141 -0.01141 -0.01141  -0.01141 -0.49917 -0.49917 -0.49917 -0.49917  
: 4.54047

-0.49917 -0.01691 -0.01691 -0.01691 -0.01691  -0.01691 -0.01691 -0.01691 -0.01691 -0.01691  
-0.01691 -0.01691 -0.01691 -0.01691 -0.01141  -0.01141 -0.01141 -0.01141 -0.01141 -0.01141  
-0.01141 0.84744 0.84744 -0.49917 -0.49917  -0.49917 -0.49917 -0.49917 -0.01691 -0.01691  
: 2.93653

-0.01141 -0.01141 -0.01141 -0.01141 -0.01691  -0.01691 -0.01691 -0.01691 -0.01691 -0.01691  
-0.01141 -0.01141 -0.01141 -0.01141 -0.01141  -0.01141 -0.01141 -0.01141 -0.01141 -0.01141  
-0.01141 -0.01141 -0.01141 -0.01141 -0.07343  -0.07343 -0.07343 -0.07343 -0.07343 -0.07343  
: 0.03641

-0.49917 -0.49917 -0.49917 -0.01691 -0.01691  -0.01691 -0.01691 -0.01691 -0.01691 -0.01691  
-0.01691 -0.01691 -0.01691 -0.01691 -0.01141  -0.01141 -0.01141 -0.01141 -0.01141 -0.01141  
-0.01141 -0.01141 -0.01141 -0.01141 -0.01141  -0.01141 -0.01141 -0.01141 -0.01691 -0.01691  
: 0.75305

-0.07343 -0.07343 -0.07343 -0.07343 -0.07343  -0.07343 -0.07343 -0.07343 -0.07343 -0.07343  
-0.07343 -0.07343 -0.07343 -0.07343 -0.07343  0.33111 0.33111 0.33111 0.33111 0.33111  
0.33111 -0.01141 -0.01141 -0.01141 -0.01141  -0.01141 -0.01141 -0.01141 -0.01141 -0.01141  
: 0.73985

-0.49917 -0.49917 -0.49917 -0.49917 -0.49917  -0.49917 -0.49917 -0.49917 -0.01141 -0.01141  
-0.01141 -0.01141 -0.01141 -0.01141 -0.01141  -0.01141 -0.01141 -0.01141 -0.01141 -0.01141  
-0.01141 -0.01141 -0.01141 -0.01141 -0.01141  -0.01141 -0.49917 -0.49917 -0.49917 -0.49917  
: 2.99239

-1.28256 -0.01141 -0.01141 -0.01141 -0.01141  -0.01141 -0.01141 -0.01141 -0.07343 -0.07343  
-0.07343 -0.07343 -0.07343 -0.07343 -0.07343  -0.07343 -0.82636 -0.07343 -0.07343 -0.49917  
-0.49917 -0.49917 -0.49917 -0.49917 -0.49917  -0.49917 -0.49917 -0.49917 0.33111 0.33111  
: 4.84446

-1.28256 -0.49917 -0.49917 -0.49917 -0.49917  -0.49917 -0.49917 -0.01691 -0.01691 -0.01691  
-0.01691 -0.01691 -0.01691 -0.01141 -0.01141  -0.01141 -0.01141 -0.01141 -0.07343 -0.07343  
-0.07343 -0.07343 -0.07343 -0.01141 -0.01141  -0.01141 -0.01141 -0.01141 -0.01141 -0.01141  
: 3.17022

-1.28256 -0.01141 -0.01141 -0.01141 -0.01141  -0.01141 -0.01141 -0.01141 -0.07343 -0.07343  
-0.07343 -0.07343 -0.07343 -0.07343 -0.07343  -0.07343 -0.07343 -0.07343 -0.07343 -0.49917  
-0.49917 -0.49917 -0.49917 -0.49917 -0.49917  -0.49917 -0.49917 0.33111 0.33111 0.33111  
: 4.02744

-0.07343 -0.07343 -0.07343 -0.07343 -0.01141  -0.01141 -0.01141 -0.01141 -0.01691 -0.01691  
-0.01691 -0.01691 -0.01691 -0.01691 -0.01691  -0.01691 -0.01691 -0.01691 -0.01691 -0.01141  
-0.01141 -0.01141 -0.01141 -0.01141 -0.01141  -0.01141 -0.01141 -0.01141 -0.49917 -0.49917  
: 0.52475

-0.01141 -0.01141 -0.01141 -0.01141 -0.01691  -0.01691 -0.01691 -0.01691 -0.01691 0.33111  
0.33111 0.33111 0.33111 0.33111 0.33111  0.33111 0.33111 0.33111 -0.07343 -0.07343  
-0.07343 -0.07343 -0.07343 -0.07343 -0.07343  -0.07343 -0.07343 -0.01141 -0.01141 -0.01141  
: 1.03757

-0.07343 -0.07343 -0.07343 -0.07343 -0.07343  -0.01691 -0.01691 -0.01691 -0.01691 -0.01691  
-0.01691 -0.01691 -0.01691 -0.01691 -0.01691  -0.01691 -0.01691 -0.01691 -0.01691 -0.07343  
-0.07343 -0.07343 -0.07343 -0.07343 -0.07343  -0.07343 -0.07343 -0.07343 -0.07343 -0.07343  
: 0.09027

-1.28256 -1.28256 -0.01691 -0.01691 -0.01691  -0.01691 -0.01691 -0.01141 -0.01141 -0.01691  
-0.01691 -0.01691 -0.01691 -0.01691 -0.01141  -0.01141 -0.01141 -0.01141 -0.01141 -0.01141  
-0.01141 -0.01141 -0.01141 -0.01141 -0.01141  -0.01141 -0.49917 -0.49917 -0.49917 -0.49917  
: 4.29127

-0.49917 -0.49917 -0.49917 -0.49917 -0.49917  -0.01691 -0.01691 -0.01691 -0.01691 -0.01691  
0.33111 0.33111 0.33111 0.33111 0.33111  0.33111 0.33111 0.33111 0.33111 0.33111  
-0.01141 -0.01141 -0.01141 -0.01141 -0.01141  -0.01141 -0.01141 -0.01141 -0.01141 -0.01141  
: 2.34492

-0.07343 -0.07343 -0.01141 -0.01141 -0.01141  -0.01141 -0.01141 -0.01141 -0.01141 -0.01141  
-0.01141 -0.01691 -0.01691 -0.01691 -0.01691  -0.01691 -0.01141 -0.07343 -0.07343 -0.07343  
-0.07343 -0.07343 -0.07343 -0.07343 -0.07343  -0.07343 -0.07343 -0.07343 -0.07343 -0.49917  
: 0.32739

-0.07343 -0.07343 -0.07343 -0.01141 -0.01141  -0.01141 -0.01141 -0.01141 -0.01141 -0.01141  
-0.01141 -0.01141 -0.01141 -0.01141 -0.01141  -0.01141 -0.01141 -0.01141 -0.01691 -0.01691  
-0.07343 -0.07343 -0.07343 -0.07343 -0.07343  -0.07343 -0.07343 -0.07343 -0.07343 -0.07343  
: 0.07262

-0.01691 -0.01691 -0.01691 -0.01691 -0.01691  0.33111 0.33111 0.33111 0.33111 0.33111  
0.33111 0.33111 0.33111 0.33111 0.33111  -0.01141 -0.01141 -0.01141 -0.01141 -0.01141  
-0.01141 -0.01141 -0.01141 -0.01141 -0.01141  -0.01141 -0.49917 -0.49917 -0.49917 -0.49917  
: 2.09588

-0.01691 -0.49917 -0.49917 -0.49917 -0.01691  -0.01691 -0.01691 -0.01691 -0.01691 -0.01691  
0.33111 0.33111 0.33111 -0.01141 -0.01141  -0.01141 -0.01141 -0.01141 -0.01141 -0.01141  
-0.01141 -0.01141 -0.01141 -0.01141 -0.01141  -0.01141 -0.49917 -0.49917 -0.49917 -0.49917  
: 2.07679

-0.07343 -0.07343 -0.07343 -0.07343 -0.07343  -0.07343 -0.07343 -0.07343 -0.07343 -0.07343  
-0.01141 -0.01141 -0.01141 -0.01141 -0.01141  -0.01141 -0.01141 -0.01141 -0.07343 -0.07343  
-0.07343 -0.07343 -0.07343 -0.07343 -0.07343  -0.07343 -0.07343 -0.07343 -0.07343 -0.07343  
: 0.11966

-1.28256 -1.28256 -0.49917 -0.49917 -0.49917  -0.49917 -0.01141 -0.01141 -0.01141 -0.01141  
-0.01141 -0.01141 -0.01141 -0.01141 -0.01141  -0.01141 -0.01141 -0.01141 -0.01141 -0.01141  
-0.01141 -0.01141 -0.01141 -0.01141 -0.01141  -0.01141 -0.01141 -0.01141 -0.01141 -0.01141  
: 4.28971

-0.07343 -0.07343 -0.07343 -0.49917 -0.01141  -0.01141 -0.01141 -0.01141 -0.01141 -0.01141  
-0.01141 -0.01141 -0.01141 -0.01141 -0.01141  -0.01141 -0.01141 -0.01141 -0.01141 -0.01141  
-0.01141 -0.01141 -0.01141 -0.01141 -0.01141  -0.01141 -0.01141 -0.07343 -0.07343 -0.07343  
: 0.28452

-0.49917 -0.49917 -0.49917 -0.49917 -0.49917  -0.49917 -0.49917 -0.49917 -0.49917 -0.49917  
0.33111 0.33111 0.33111 0.33111 0.33111  -0.01141 -0.01141 -0.01141 -0.01141 -0.01141  
-0.01141 -0.01141 -0.01141 -0.01141 -0.01141  -0.01141 -0.01141 -0.01141 -0.49917 -0.49917  
: 3.53991

-0.07343 -0.07343 -0.07343 -0.07343 -0.01141  -0.01141 -0.01141 -0.01141 -0.01141 -0.01141  
-0.01141 -0.01141 -0.01141 -0.01141 -0.01141  -0.01141 -0.07343 -0.07343 -0.07343 -0.07343  
-0.07343 -0.07343 -0.07343 -0.07343 -0.07343  -0.07343 -0.07343 -0.01141 -0.01141 -0.01141  
: 0.08283

-0.01141 -0.01141 -0.01141 -0.01141 -0.01691  -0.01691 -0.01691 -0.01691 -0.01691 -0.01691  
-0.01141 -0.01141 -0.01141 -0.01141 -0.01141  -0.01141 -0.01141 -0.01141 -0.01141 -0.01141  
-0.01141 -0.01141 -0.01141 -0.01141 -0.07343  -0.07343 -0.07343 -0.07343 -0.07343 -0.07343  
: 0.03641

-0.49917 -0.49917 -0.49917 -0.49917 -0.01691  -0.01691 -0.01691 -0.01691 -0.01691 0.33111  
0.33111 0.33111 0.33111 -0.01141 -0.01141  -0.01141 -0.01141 -0.01141 -0.01141 -0.01141  
-0.01141 -0.01141 -0.01141 -0.01141 -0.01141  -0.01141 -0.01141 -0.01141 -0.01141 -0.01141  
: 1.43886

-0.49917 -0.01141 -0.01691 -0.01691 -0.01691  -0.01691 -0.01691 -0.01691 -0.01691 -0.01141  
-0.01141 -0.01691 -0.01691 -0.01691 -0.01691  -0.01141 -0.01141 -0.01141 -0.01141 -0.49917  
-0.49917 -0.49917 -0.49917 -0.49917 -0.49917  -0.49917 -0.49917 -0.01691 -0.01691 -0.01691  
: 2.24745

-1.28256 -0.01691 -0.01691 -0.01691 -0.01691  -0.01691 -0.01691 -0.01691 -0.01691 0.33111  
-0.01141 -0.01141 -0.01141 -0.01141 -0.01141  -0.01141 -0.01141 -0.01141 -0.01141 -0.01141  
-0.01141 -0.01141 -0.01141 -0.01141 -0.01141  -0.01141 -0.01141 -0.01141 -0.49917 -0.49917  
: 2.25756

-0.01141 -0.01141 -0.01141 -0.01141 -0.01141  -0.01141 -0.01141 -0.01141 -0.01141 -0.01141  
-0.01141 -0.01141 -0.07343 -0.07343 -0.07343  -0.07343 -0.07343 -0.07343 -0.07343 -0.07343  
-0.07343 -0.07343 -0.07343 -0.49917 -0.49917  -0.49917 -0.49917 -0.49917 -0.49917 -0.49917  
: 1.80507

-1.28256 -1.28256 -0.01141 -0.01141 -0.01141  -0.01141 -0.01141 -0.01141 -0.01141 -0.01141  
-0.01141 -0.07343 -0.07343 -0.07343 -0.07343  -0.07343 -0.07343 -0.07343 -0.07343 -0.07343  
-0.07343 -0.07343 -0.49917 -0.49917 -0.49917  -0.49917 -0.49917 -0.49917 0.33111 0.33111  
: 5.06468

-0.49917 -0.49917 -0.49917 -0.01691 -0.01691  -0.01691 -0.01691 -0.01691 -0.01691 -0.01691  
-0.01691 -0.01691 -0.01691 -0.01691 -0.01691  -0.01691 -0.01691 -0.01691 -0.01691 -0.01691  
-0.01691 -0.01691 -0.01691 -0.01691 -0.01691  -0.01691 -0.01691 -0.49917 -0.49917 -0.49917  
: 1.50189

-0.01691 -0.01691 -0.01691 -0.01141 -0.01141  -0.01141 -0.01141 -0.01141 -0.01141 -0.01141  
-0.01141 -0.01141 -0.01141 -0.01141 -0.01141  -0.01141 -0.01141 -0.01141 -0.01141 -0.01141  
-0.01141 -0.01141 -0.01141 -0.07343 -0.07343  -0.07343 -0.07343 -0.07343 -0.07343 -0.07343  
: 0.04121

-0.01691 -0.01691 -0.01691 -0.01691 -0.01691  -0.01691 -0.01691 -0.01691 -0.01691 0.33111  
-0.01141 -0.01141 -0.01141 -0.01141 -0.01141  -0.01141 -0.01141 -0.07343 -0.07343 -0.07343  
-0.01141 -0.01141 -0.01141 -0.01141 -0.01141  -0.01141 -0.01141 -0.01141 -0.01141 -0.01141  
: 0.13060

-0.01141 -0.01141 -0.01141 -0.01141 -0.01141  -0.01141 -0.01141 -0.01141 -0.01691 -0.01691  
-0.01691 -0.01691 -0.01691 -0.01141 -0.01141  -0.01141 -0.01141 -0.01141 -0.01141 -0.07343  
-0.07343 -0.07343 -0.07343 -0.07343 -0.07343  -0.07343 -0.07343 -0.07343 -0.07343 -0.07343  
: 0.06256

-0.01141 -0.01141 -0.01141 -0.01141 -0.01141  -0.01141 -0.01141 -0.01691 -0.01691 -0.01691  
-0.01691 -0.01691 -0.01691 -0.01141 -0.01141  -0.01141 -0.01141 -0.07343 -0.07343 -0.07343  
-0.07343 -0.07343 -0.07343 -0.07343 -0.07343  -0.07343 -0.07343 -0.49917 -0.49917 -0.49917  
: 0.80458

-0.01691 -0.01691 -0.01691 -0.01691 -0.01691  -0.01691 -0.01691 -0.01691 -0.01691 0.33111  
0.33111 0.33111 -0.07343 -0.07343 -0.07343  -0.07343 -0.07343 -0.07343 -0.07343 -0.07343  
-0.07343 -0.07343 -0.07343 -0.07343 -0.07343  -0.07343 -0.07343 -0.49917 -0.49917 -0.49917  
: 1.15987

-1.28256 -0.01141 -0.01141 -0.01141 -0.01141  -0.01141 -0.01141 -0.01141 -0.07343 -0.07343  
-0.07343 -0.07343 -0.07343 -0.07343 -0.07343  -0.07343 -0.07343 -0.07343 -0.07343 -0.49917  
-0.49917 -0.49917 -0.49917 -0.49917 -0.49917  -0.49917 -0.49917 -0.01691 -0.01691 -0.01691  
: 3.69940

-1.28256 -1.28256 -0.01691 -0.01691 -0.01691  -0.01691 -0.01691 -0.01691 -0.01141 -0.01141  
-0.01141 -0.01141 -0.01141 -0.01141 -0.01141  -0.01141 -0.01141 -0.01141 -0.01141 -0.07343  
-0.07343 -0.07343 -0.07343 -0.07343 -0.07343  -0.07343 -0.07343 -0.07343 -0.07343 -0.07343  
: 3.35237

-0.49917 -0.49917 -0.49917 -0.01141 -0.01141  -0.01141 -0.01141 -0.01141 -0.01141 -0.01141  
-0.01141 -0.01141 -0.01141 -0.01141 -0.01141  -0.01141 -0.01141 -0.01141 -0.01141 -0.07343  
-0.07343 -0.07343 -0.07343 -0.07343 -0.07343  -0.07343 -0.07343 -0.07343 -0.07343 -0.07343  
: 0.80891

-0.01691 -0.01691 -0.01691 -0.01691 -0.01691  -0.01691 -0.01691 -0.01691 -0.01691 -0.01691  
-0.01691 -0.01691 -0.01691 -0.01691 -0.01141  -0.01141 -0.01141 -0.01141 -0.01141 -0.49917  
-0.49917 -0.49917 -0.49917 -0.49917 -0.49917  -0.49917 -0.49917 -0.49917 -0.49917 -0.49917  
: 2.74553

-0.01141 -0.01691 -0.01691 -0.01691 -0.01691  -0.01691 -0.01691 -0.01691 -0.01691 -0.01691  
-0.01691 -0.01691 -0.01691 -0.01691 -0.01691  -0.01691 -0.07343 -0.07343 -0.07343 -0.07343  
-0.07343 -0.07343 -0.07343 -0.07343 -0.07343  -0.07343 -0.07343 -0.07343 -0.07343 -0.49917  
: 0.32369

-0.49917 -0.49917 -0.01691 -0.01691 -0.01691  -0.01691 -0.01691 -0.01691 -0.01691 -0.01691  
-0.01691 -0.01691 -0.01691 -0.01691 -0.01691  -0.01691 -0.01691 -0.07343 -0.07343 -0.07343  
-0.07343 -0.07343 -0.07343 -0.07343 -0.01141  -0.49917 -0.49917 -0.49917 -0.49917 -0.49917  
: 1.78636

-0.49917 -0.49917 -0.49917 -0.49917 -0.01691  -0.01691 -0.01691 -0.01691 -0.01691 -0.01691  
-0.01691 -0.01691 0.33111 0.33111 0.33111  0.33111 0.33111 0.33111 0.33111 0.33111  
-0.01141 -0.01141 -0.01141 -0.01141 -0.01141  -0.01141 -0.01141 -0.01141 -0.01141 -0.01141  
: 1.87734

-0.01141 -0.01141 -0.01141 -0.01141 -0.01141  -0.01141 -0.01141 -0.01141 -0.01141 -0.01691  
-0.01691 -0.01691 -0.01691 -0.01691 -0.01691  -0.01691 -0.01691 -0.01691 -0.01691 -0.07343  
-0.07343 -0.07343 -0.07343 -0.07343 -0.07343  -0.07343 -0.07343 -0.07343 -0.07343 -0.07343  
: 0.06334

-1.28256 -1.28256 -1.28256 -0.01691 -0.01691  -0.01691 -0.01691 -0.01691 -0.01691 -0.01691  
-0.01691 -0.01691 -0.01691 -0.01691 -0.01691  -0.01691 -0.01691 -0.01691 -0.01691 -0.07343  
-0.07343 -0.07343 -0.07343 -0.07343 -0.07343  -0.07343 -0.07343 -0.07343 -0.07343 -0.07343  
: 4.99875

-0.01141 -0.01691 -0.01691 -0.01691 -0.01691  -0.01691 -0.01691 -0.01691 -0.01691 -0.01691  
-0.01691 -0.01691 -0.01691 -0.01691 -0.01691  -0.01691 -0.01691 -0.01691 -0.01141 -0.01141  
-0.01141 -0.01141 -0.01141 -0.01141 -0.01141  -0.07343 -0.07343 -0.07343 -0.07343 -0.07343  
: 0.03286



min index: 0
number of loops have conducted: 117
jenny@jenny-G50VT ~/docu/572/p $ 
